#
# A fatal error has been detected by the Java Runtime Environment:
#
#  SIGSEGV (0xb) at pc=0x000000000000002f, pid=6469, tid=140296570382080
#
# JRE version: Java(TM) SE Runtime Environment (8.0_72-b15) (build 1.8.0_72-b15)
# Java VM: Java HotSpot(TM) 64-Bit Server VM (25.72-b15 mixed mode linux-amd64 compressed oops)
# Problematic frame:
# C  0x000000000000002f
#
# Failed to write core dump. Core dumps have been disabled. To enable core dumping, try "ulimit -c unlimited" before starting Java again
#
# If you would like to submit a bug report, please visit:
#   http://bugreport.java.com/bugreport/crash.jsp
# The crash happened outside the Java Virtual Machine in native code.
# See problematic frame for where to report the bug.
#

---------------  T H R E A D  ---------------

Current thread (0x00007f99a83fe800):  JavaThread "LWJGL Application" [_thread_in_native, id=6494, stack(0x00007f99572da000,0x00007f99573db000)]

siginfo: si_signo: 11 (SIGSEGV), si_code: 1 (SEGV_MAPERR), si_addr: 0x000000000000002f

Registers:
RAX=0x00007f9940e37940, RBX=0x00007f9940e37840, RCX=0x0000000000000000, RDX=0x00007f9940e37880
RSP=0x00007f99573d8e58, RBP=0x00007f9940d6c630, RSI=0x00007f9940d6c630, RDI=0x00007f9940e37840
R8 =0x0000000000000000, R9 =0x0000000000000005, R10=0x00007f9999015968, R11=0x00007f99ae85cd80
R12=0x00007f9940d56e40, R13=0x0000000000000001, R14=0x00007f99573d8fc0, R15=0x00007f99a83fe800
RIP=0x000000000000002f, EFLAGS=0x0000000000010206, CSGSFS=0x0000000000000033, ERR=0x0000000000000014
  TRAPNO=0x000000000000000e

Top of Stack: (sp=0x00007f99573d8e58)
0x00007f99573d8e58:   00007f99498ba7d2 00007f99a83fe800
0x00007f99573d8e68:   00007f9940d56d80 00007f9940d6c630
0x00007f99573d8e78:   00007f99498c8545 00007f99a83fe800
0x00007f99573d8e88:   00007f9940d6c630 00007f9940e37840
0x00007f99573d8e98:   0000000000000000 00007f994a952da0
0x00007f99573d8ea8:   00007f99498ce732 00007f9949addaf0
0x00007f99573d8eb8:   00007f99a83fe9f8 00007f99573d8fc0
0x00007f99573d8ec8:   00007f99573d8ec8 00007f9949addb30
0x00007f99573d8ed8:   00007f99a83fe9f8 00007f99573d8fc0
0x00007f99573d8ee8:   0000000000000000 00007f9998bf9f48
0x00007f99573d8ef8:   00007f9998e0a348 00007f99573d8f80
0x00007f99573d8f08:   00007f9999015994 00007f99990079d0
0x00007f99573d8f18:   0000000000000000 0000000000000080
0x00007f99573d8f28:   0000000000000080 00000000ec3f6a80
0x00007f99573d8f38:   00007f9940e37840 00007f99573d8f40
0x00007f99573d8f48:   0000000000000000 00007f99573d8fc0
0x00007f99573d8f58:   00007f994a960028 0000000000000000
0x00007f99573d8f68:   00007f9998e0a348 0000000000000000
0x00007f99573d8f78:   00007f99573d8fa0 00007f99573d9008
0x00007f99573d8f88:   00007f9999007c4d 0000000000000000
0x00007f99573d8f98:   00007f999900f578 00007f9940e37840
0x00007f99573d8fa8:   00000000ec436018 00007f9940d6c630
0x00007f99573d8fb8:   00000000ec741b80 00000000ec3f5810
0x00007f99573d8fc8:   00007f99573d8fc8 00007f9998e0a2c8
0x00007f99573d8fd8:   00007f99573d9020 00007f994a960028
0x00007f99573d8fe8:   00007f9949426450 00007f9998e0a2f0
0x00007f99573d8ff8:   00007f99573d8fa0 00007f99573d9030
0x00007f99573d9008:   00007f99573d97a8 00007f9999467d5c
0x00007f99573d9018:   00000000ec73d5d8 00000000ec3f5810
0x00007f99573d9028:   00007f9999467d5c 0000000000000010
0x00007f99573d9038:   0000000000000034 00007f9940020a70
0x00007f99573d9048:   00007f9940e50830 0000000000000000 

Instructions: (pc=0x000000000000002f)
0x000000000000000f:   
[error occurred during error reporting (printing registers, top of stack, instructions near pc), id 0xb]

Register to memory mapping:

RAX=0x00007f9940e37940 is an unknown value
RBX=0x00007f9940e37840 is an unknown value
RCX=0x0000000000000000 is an unknown value
RDX=0x00007f9940e37880 is an unknown value
RSP=0x00007f99573d8e58 is pointing into the stack for thread: 0x00007f99a83fe800
RBP=0x00007f9940d6c630 is an unknown value
RSI=0x00007f9940d6c630 is an unknown value
RDI=0x00007f9940e37840 is an unknown value
R8 =0x0000000000000000 is an unknown value
R9 =0x0000000000000005 is an unknown value
R10=0x00007f9999015968 is at code_begin+808 in an Interpreter codelet
method entry point (kind = native)  [0x00007f9999015640, 0x00007f9999015f40]  2304 bytes
R11=0x00007f99ae85cd80: <offset 0x9b9d80> in /usr/lib/jvm/java-8-oracle/jre/lib/amd64/server/libjvm.so at 0x00007f99adea3000
R12=0x00007f9940d56e40 is an unknown value
R13=0x0000000000000001 is an unknown value
R14=0x00007f99573d8fc0 is pointing into the stack for thread: 0x00007f99a83fe800
R15=0x00007f99a83fe800 is a thread


Stack: [0x00007f99572da000,0x00007f99573db000],  sp=0x00007f99573d8e58,  free space=1019k
Native frames: (J=compiled Java code, j=interpreted, Vv=VM code, C=native code)
C  0x000000000000002f

Java frames: (J=compiled Java code, j=interpreted, Vv=VM code)
j  com.badlogic.gdx.physics.box2d.World.jniDestroyJoint(JJ)V+0
j  com.badlogic.gdx.physics.box2d.World.destroyJoint(Lcom/badlogic/gdx/physics/box2d/Joint;)V+64
J 1212 C1 com.mygdx.game_asteroid_3d.GamePlayScreen.render(F)V (234 bytes) @ 0x00007f9999467d5c [0x00007f99994659a0+0x23bc]
J 1211 C1 com.mygdx.game_asteroid_3d.GamePlayScreen.draw(Lcom/badlogic/gdx/graphics/g2d/Batch;F)V (15 bytes) @ 0x00007f9999459f84 [0x00007f9999459e60+0x124]
J 1053 C1 com.badlogic.gdx.scenes.scene2d.Group.drawChildren(Lcom/badlogic/gdx/graphics/g2d/Batch;F)V (551 bytes) @ 0x00007f99993e7364 [0x00007f99993e6580+0xde4]
J 1156 C1 com.badlogic.gdx.scenes.scene2d.ui.WidgetGroup.draw(Lcom/badlogic/gdx/graphics/g2d/Batch;F)V (11 bytes) @ 0x00007f999942143c [0x00007f9999420e80+0x5bc]
J 1053 C1 com.badlogic.gdx.scenes.scene2d.Group.drawChildren(Lcom/badlogic/gdx/graphics/g2d/Batch;F)V (551 bytes) @ 0x00007f99993e7364 [0x00007f99993e6580+0xde4]
J 1052 C1 com.badlogic.gdx.scenes.scene2d.Group.draw(Lcom/badlogic/gdx/graphics/g2d/Batch;F)V (35 bytes) @ 0x00007f99993ea6a4 [0x00007f99993ea1c0+0x4e4]
J 1254 C1 com.badlogic.gdx.scenes.scene2d.Stage.draw()V (74 bytes) @ 0x00007f999948b88c [0x00007f999948b220+0x66c]
J 1210 C1 com.mygdx.game_asteroid_3d.GameScreen.render(F)V (53 bytes) @ 0x00007f999945da54 [0x00007f999945c660+0x13f4]
j  com.badlogic.gdx.Game.render()V+19
j  com.mygdx.game_asteroid_3d.MyGdxGame_Asteroid.render()V+1
j  com.badlogic.gdx.backends.lwjgl.LwjglApplication.mainLoop()V+698
j  com.badlogic.gdx.backends.lwjgl.LwjglApplication$1.run()V+27
v  ~StubRoutines::call_stub

---------------  P R O C E S S  ---------------

Java Threads: ( => current thread )
  0x00007f9940e4b800 JavaThread "Thread-2" [_thread_blocked, id=6499, stack(0x00007f9949617000,0x00007f9949718000)]
  0x00007f9940dcd000 JavaThread "Thread-1" [_thread_blocked, id=6498, stack(0x00007f9949790000,0x00007f9949891000)]
  0x00007f9940004000 JavaThread "process reaper" daemon [_thread_blocked, id=6496, stack(0x00007f995c013000,0x00007f995c04c000)]
  0x00007f99a800b800 JavaThread "DestroyJavaVM" [_thread_blocked, id=6471, stack(0x00007f99af969000,0x00007f99afa6a000)]
=>0x00007f99a83fe800 JavaThread "LWJGL Application" [_thread_in_native, id=6494, stack(0x00007f99572da000,0x00007f99573db000)]
  0x00007f99a8358000 JavaThread "AWT-XAWT" daemon [_thread_in_native, id=6490, stack(0x00007f995e2af000,0x00007f995e3b0000)]
  0x00007f99a833b000 JavaThread "Java2D Disposer" daemon [_thread_blocked, id=6489, stack(0x00007f995e7f2000,0x00007f995e8f3000)]
  0x00007f99a80dd000 JavaThread "Service Thread" daemon [_thread_blocked, id=6486, stack(0x00007f9984b02000,0x00007f9984c03000)]
  0x00007f99a80c0000 JavaThread "C1 CompilerThread2" daemon [_thread_blocked, id=6485, stack(0x00007f9984c03000,0x00007f9984d04000)]
  0x00007f99a80be000 JavaThread "C2 CompilerThread1" daemon [_thread_blocked, id=6484, stack(0x00007f9984d04000,0x00007f9984e05000)]
  0x00007f99a80bb000 JavaThread "C2 CompilerThread0" daemon [_thread_blocked, id=6483, stack(0x00007f9984e05000,0x00007f9984f06000)]
  0x00007f99a80b9800 JavaThread "Signal Dispatcher" daemon [_thread_blocked, id=6482, stack(0x00007f9984f06000,0x00007f9985007000)]
  0x00007f99a8085800 JavaThread "Finalizer" daemon [_thread_blocked, id=6481, stack(0x00007f99852c1000,0x00007f99853c2000)]
  0x00007f99a8081000 JavaThread "Reference Handler" daemon [_thread_blocked, id=6480, stack(0x00007f99853c2000,0x00007f99854c3000)]

Other Threads:
  0x00007f99a8079800 VMThread [stack: 0x00007f99854c3000,0x00007f99855c4000] [id=6479]
  0x00007f99a80e8000 WatcherThread [stack: 0x00007f9984a01000,0x00007f9984b02000] [id=6487]

VM state:not at safepoint (normal execution)

VM Mutex/Monitor currently owned by a thread: None

Heap:
 PSYoungGen      total 18432K, used 12464K [0x00000000ebe00000, 0x00000000ed280000, 0x0000000100000000)
  eden space 15872K, 62% used [0x00000000ebe00000,0x00000000ec7aee80,0x00000000ecd80000)
  from space 2560K, 99% used [0x00000000ecd80000,0x00000000ecffd398,0x00000000ed000000)
  to   space 2560K, 0% used [0x00000000ed000000,0x00000000ed000000,0x00000000ed280000)
 ParOldGen       total 42496K, used 911K [0x00000000c3a00000, 0x00000000c6380000, 0x00000000ebe00000)
  object space 42496K, 2% used [0x00000000c3a00000,0x00000000c3ae3cd0,0x00000000c6380000)
 Metaspace       used 11320K, capacity 11515K, committed 11776K, reserved 1060864K
  class space    used 1085K, capacity 1158K, committed 1280K, reserved 1048576K

Card table byte_map: [0x00007f99ac55f000,0x00007f99ac743000] byte_map_base: 0x00007f99abf42000

Marking Bits: (ParMarkBitMap*) 0x00007f99aee58100
 Begin Bits: [0x00007f99861d0000, 0x00007f99870e8000)
 End Bits:   [0x00007f99870e8000, 0x00007f9988000000)

Polling page: 0x00007f99afa9f000

CodeCache: size=245760Kb used=4853Kb max_used=4853Kb free=240906Kb
 bounds [0x00007f9999000000, 0x00007f99994d0000, 0x00007f99a8000000]
 total_blobs=1973 nmethods=1309 adapters=578
 compilation: enabled

Compilation events (10 events):
Event: 10.123 Thread 0x00007f99a80c0000 1296       3       com.mygdx.game_asteroid_3d.GravityBodyDraw2D::draw (200 bytes)
Event: 10.123 Thread 0x00007f99a80c0000 nmethod 1296 0x00007f99994bbd50 code [0x00007f99994bc0a0, 0x00007f99994bd4a8]
Event: 10.123 Thread 0x00007f99a80c0000 1298       3       com.badlogic.gdx.graphics.g2d.TextureRegion::setTexture (6 bytes)
Event: 10.123 Thread 0x00007f99a80c0000 nmethod 1298 0x00007f99994ab1d0 code [0x00007f99994ab320, 0x00007f99994ab490]
Event: 10.123 Thread 0x00007f99a80c0000 1300       3       com.badlogic.gdx.graphics.glutils.VertexBufferObject::getNumVertices (18 bytes)
Event: 10.124 Thread 0x00007f99a80c0000 nmethod 1300 0x00007f99994bded0 code [0x00007f99994be040, 0x00007f99994be270]
Event: 10.124 Thread 0x00007f99a80c0000 1308       3       com.mygdx.game_asteroid_3d.GravityBody::getGravityForce2 (216 bytes)
Event: 10.124 Thread 0x00007f99a80c0000 nmethod 1308 0x00007f99994be350 code [0x00007f99994be640, 0x00007f99994bf638]
Event: 10.124 Thread 0x00007f99a80c0000 1309       3       com.badlogic.gdx.math.Vector2::len (25 bytes)
Event: 10.125 Thread 0x00007f99a80c0000 nmethod 1309 0x00007f99994bff10 code [0x00007f99994c0080, 0x00007f99994c0210]

GC Heap History (2 events):
Event: 0.862 GC heap before
{Heap before GC invocations=1 (full 0):
 PSYoungGen      total 18432K, used 15872K [0x00000000ebe00000, 0x00000000ed280000, 0x0000000100000000)
  eden space 15872K, 100% used [0x00000000ebe00000,0x00000000ecd80000,0x00000000ecd80000)
  from space 2560K, 0% used [0x00000000ed000000,0x00000000ed000000,0x00000000ed280000)
  to   space 2560K, 0% used [0x00000000ecd80000,0x00000000ecd80000,0x00000000ed000000)
 ParOldGen       total 42496K, used 0K [0x00000000c3a00000, 0x00000000c6380000, 0x00000000ebe00000)
  object space 42496K, 0% used [0x00000000c3a00000,0x00000000c3a00000,0x00000000c6380000)
 Metaspace       used 9447K, capacity 9627K, committed 9728K, reserved 1058816K
  class space    used 917K, capacity 998K, committed 1024K, reserved 1048576K
Event: 0.868 GC heap after
Heap after GC invocations=1 (full 0):
 PSYoungGen      total 18432K, used 2548K [0x00000000ebe00000, 0x00000000ed280000, 0x0000000100000000)
  eden space 15872K, 0% used [0x00000000ebe00000,0x00000000ebe00000,0x00000000ecd80000)
  from space 2560K, 99% used [0x00000000ecd80000,0x00000000ecffd398,0x00000000ed000000)
  to   space 2560K, 0% used [0x00000000ed000000,0x00000000ed000000,0x00000000ed280000)
 ParOldGen       total 42496K, used 911K [0x00000000c3a00000, 0x00000000c6380000, 0x00000000ebe00000)
  object space 42496K, 2% used [0x00000000c3a00000,0x00000000c3ae3cd0,0x00000000c6380000)
 Metaspace       used 9447K, capacity 9627K, committed 9728K, reserved 1058816K
  class space    used 917K, capacity 998K, committed 1024K, reserved 1048576K
}

Deoptimization events (4 events):
Event: 0.170 Thread 0x00007f99a800b800 Uncommon trap: reason=unstable_if action=reinterpret pc=0x00007f9999134184 method=java.lang.String.indexOf(II)I @ 49
Event: 0.372 Thread 0x00007f99a83fe800 Uncommon trap: reason=unstable_if action=reinterpret pc=0x00007f99991c7074 method=java.lang.String.replace(CC)Ljava/lang/String; @ 26
Event: 0.565 Thread 0x00007f99a83fe800 Uncommon trap: reason=unstable_if action=reinterpret pc=0x00007f99991fb108 method=java.lang.String.<init>([CII)V @ 18
Event: 1.504 Thread 0x00007f99a83fe800 Uncommon trap: reason=unstable_if action=reinterpret pc=0x00007f9999273478 method=java.lang.String.substring(II)Ljava/lang/String; @ 1

Internal exceptions (10 events):
Event: 0.316 Thread 0x00007f99a800b800 Exception <a 'java/security/PrivilegedActionException'> (0x00000000ec336050) thrown at [/HUDSON/workspace/8-2-build-linux-amd64/jdk8u72/5732/hotspot/src/share/vm/prims/jvm.cpp, line 1386]
Event: 0.316 Thread 0x00007f99a800b800 Exception <a 'java/security/PrivilegedActionException'> (0x00000000ec336ca8) thrown at [/HUDSON/workspace/8-2-build-linux-amd64/jdk8u72/5732/hotspot/src/share/vm/prims/jvm.cpp, line 1386]
Event: 0.316 Thread 0x00007f99a800b800 Exception <a 'java/security/PrivilegedActionException'> (0x00000000ec3378d0) thrown at [/HUDSON/workspace/8-2-build-linux-amd64/jdk8u72/5732/hotspot/src/share/vm/prims/jvm.cpp, line 1386]
Event: 0.316 Thread 0x00007f99a800b800 Exception <a 'java/security/PrivilegedActionException'> (0x00000000ec339ef8) thrown at [/HUDSON/workspace/8-2-build-linux-amd64/jdk8u72/5732/hotspot/src/share/vm/prims/jvm.cpp, line 1386]
Event: 0.317 Thread 0x00007f99a800b800 Exception <a 'java/security/PrivilegedActionException'> (0x00000000ec33ab50) thrown at [/HUDSON/workspace/8-2-build-linux-amd64/jdk8u72/5732/hotspot/src/share/vm/prims/jvm.cpp, line 1386]
Event: 0.317 Thread 0x00007f99a800b800 Exception <a 'java/security/PrivilegedActionException'> (0x00000000ec33b778) thrown at [/HUDSON/workspace/8-2-build-linux-amd64/jdk8u72/5732/hotspot/src/share/vm/prims/jvm.cpp, line 1386]
Event: 0.317 Thread 0x00007f99a800b800 Exception <a 'java/security/PrivilegedActionException'> (0x00000000ec33dbe8) thrown at [/HUDSON/workspace/8-2-build-linux-amd64/jdk8u72/5732/hotspot/src/share/vm/prims/jvm.cpp, line 1386]
Event: 0.317 Thread 0x00007f99a800b800 Exception <a 'java/security/PrivilegedActionException'> (0x00000000ec33e840) thrown at [/HUDSON/workspace/8-2-build-linux-amd64/jdk8u72/5732/hotspot/src/share/vm/prims/jvm.cpp, line 1386]
Event: 0.317 Thread 0x00007f99a800b800 Exception <a 'java/security/PrivilegedActionException'> (0x00000000ec33f468) thrown at [/HUDSON/workspace/8-2-build-linux-amd64/jdk8u72/5732/hotspot/src/share/vm/prims/jvm.cpp, line 1386]
Event: 0.382 Thread 0x00007f99a83fe800 Exception <a 'java/lang/NoClassDefFoundError': org/lwjgl/opengles/GLContext> (0x00000000ec66f710) thrown at [/HUDSON/workspace/8-2-build-linux-amd64/jdk8u72/5732/hotspot/src/share/vm/classfile/systemDictionary.cpp, line 199]

Events (10 events):
Event: 1.646 loading class properties/GravityRadiusProperty
Event: 1.646 loading class properties/GravityRadiusProperty done
Event: 2.466 Thread 0x00007f99a83fe800 DEOPT PACKING pc=0x00007f99993b8313 sp=0x00007f99573d9670
Event: 2.466 Thread 0x00007f99a83fe800 DEOPT UNPACKING pc=0x00007f9999047633 sp=0x00007f99573d94a0 mode 0
Event: 2.632 loading class com/badlogic/gdx/physics/box2d/JointDef$JointType
Event: 2.632 loading class com/badlogic/gdx/physics/box2d/JointDef$JointType done
Event: 2.633 loading class com/badlogic/gdx/physics/box2d/JointEdge
Event: 2.633 loading class com/badlogic/gdx/physics/box2d/JointEdge done
Event: 4.081 Executing VM operation: EnableBiasedLocking
Event: 4.081 Executing VM operation: EnableBiasedLocking done


Dynamic libraries:
00400000-00401000 r-xp 00000000 fc:00 951317                             /usr/lib/jvm/java-8-oracle/bin/java
00600000-00601000 rw-p 00000000 fc:00 951317                             /usr/lib/jvm/java-8-oracle/bin/java
01ad6000-01af7000 rw-p 00000000 00:00 0                                  [heap]
c3a00000-c6380000 rw-p 00000000 00:00 0 
c6380000-ebe00000 ---p 00000000 00:00 0 
ebe00000-ed280000 rw-p 00000000 00:00 0 
ed280000-100000000 ---p 00000000 00:00 0 
100000000-100140000 rw-p 00000000 00:00 0 
100140000-140000000 ---p 00000000 00:00 0 
7f992c000000-7f992c021000 rw-p 00000000 00:00 0 
7f992c021000-7f9930000000 ---p 00000000 00:00 0 
7f9930800000-7f9934000000 rw-s 1774f6000 00:06 2296                      /dev/dri/card0
7f9934000000-7f9934021000 rw-p 00000000 00:00 0 
7f9934021000-7f9938000000 ---p 00000000 00:00 0 
7f9938000000-7f9938021000 rw-p 00000000 00:00 0 
7f9938021000-7f993c000000 ---p 00000000 00:00 0 
7f993c000000-7f993c021000 rw-p 00000000 00:00 0 
7f993c021000-7f9940000000 ---p 00000000 00:00 0 
7f9940000000-7f9940e86000 rw-p 00000000 00:00 0 
7f9940e86000-7f9944000000 ---p 00000000 00:00 0 
7f9944000000-7f9944021000 rw-p 00000000 00:00 0 
7f9944021000-7f9948000000 ---p 00000000 00:00 0 
7f9949417000-7f9949457000 rw-p 00000000 00:00 0 
7f9949457000-7f9949617000 ---p 00000000 00:00 0 
7f9949617000-7f994961a000 ---p 00000000 00:00 0 
7f994961a000-7f9949718000 rw-p 00000000 00:00 0                          [stack:6499]
7f9949718000-7f9949750000 rw-s 00000000 00:05 2449690                    /drm mm object (deleted)
7f9949750000-7f9949790000 rw-s 00000000 00:05 2449689                    /drm mm object (deleted)
7f9949790000-7f9949793000 ---p 00000000 00:00 0 
7f9949793000-7f9949891000 rw-p 00000000 00:00 0                          [stack:6498]
7f9949891000-7f99498dd000 r-xp 00000000 fc:00 1048470                    /tmp/libgdxvostanin/72da4579/libgdx-box2d64.so
7f99498dd000-7f9949adc000 ---p 0004c000 fc:00 1048470                    /tmp/libgdxvostanin/72da4579/libgdx-box2d64.so
7f9949adc000-7f9949ade000 r--p 0004b000 fc:00 1048470                    /tmp/libgdxvostanin/72da4579/libgdx-box2d64.so
7f9949ade000-7f9949adf000 rw-p 0004d000 fc:00 1048470                    /tmp/libgdxvostanin/72da4579/libgdx-box2d64.so
7f9949adf000-7f9949b3f000 rw-s 00000000 00:05 2447256                    /drm mm object (deleted)
7f9949b3f000-7f9949b9f000 rw-s 00000000 00:05 2447255                    /drm mm object (deleted)
7f9949b9f000-7f9949bff000 rw-s 00000000 00:05 2447254                    /drm mm object (deleted)
7f9949bff000-7f9949c5f000 rw-s 00000000 00:05 2447253                    /drm mm object (deleted)
7f9949c5f000-7f9949cbf000 rw-s 00000000 00:05 2447252                    /drm mm object (deleted)
7f9949cbf000-7f9949d1f000 rw-s 00000000 00:05 2447251                    /drm mm object (deleted)
7f9949d1f000-7f9949d7f000 rw-s 00000000 00:05 2447250                    /drm mm object (deleted)
7f9949d7f000-7f9949ddf000 rw-s 00000000 00:05 2447249                    /drm mm object (deleted)
7f9949ddf000-7f9949e3f000 rw-s 00000000 00:05 2447248                    /drm mm object (deleted)
7f9949e3f000-7f9949e9f000 rw-s 00000000 00:05 2447247                    /drm mm object (deleted)
7f9949e9f000-7f9949eff000 rw-s 00000000 00:05 2447246                    /drm mm object (deleted)
7f9949eff000-7f9949f5f000 rw-s 00000000 00:05 2447245                    /drm mm object (deleted)
7f9949f5f000-7f9949fbf000 rw-s 00000000 00:05 2447244                    /drm mm object (deleted)
7f9949fbf000-7f994a01f000 rw-s 00000000 00:05 2447243                    /drm mm object (deleted)
7f994a01f000-7f994a07f000 rw-s 00000000 00:05 2447242                    /drm mm object (deleted)
7f994a07f000-7f994a0df000 rw-s 00000000 00:05 2447241                    /drm mm object (deleted)
7f994a0df000-7f994a13f000 rw-s 00000000 00:05 2447240                    /drm mm object (deleted)
7f994a13f000-7f994a19f000 rw-s 00000000 00:05 2447239                    /drm mm object (deleted)
7f994a19f000-7f994a1ff000 rw-s 00000000 00:05 2447238                    /drm mm object (deleted)
7f994a1ff000-7f994a25f000 rw-s 00000000 00:05 2447237                    /drm mm object (deleted)
7f994a25f000-7f994a3df000 rw-s 00000000 00:05 2447231                    /drm mm object (deleted)
7f994a3df000-7f994a55f000 rw-s 00000000 00:05 2447230                    /drm mm object (deleted)
7f994a55f000-7f994a609000 r-xp 00000000 fc:00 1048464                    /tmp/libgdxvostanin/a663e0f9/libgdx-freetype64.so
7f994a609000-7f994a809000 ---p 000aa000 fc:00 1048464                    /tmp/libgdxvostanin/a663e0f9/libgdx-freetype64.so
7f994a809000-7f994a80f000 r--p 000aa000 fc:00 1048464                    /tmp/libgdxvostanin/a663e0f9/libgdx-freetype64.so
7f994a80f000-7f994a810000 rw-p 000b0000 fc:00 1048464                    /tmp/libgdxvostanin/a663e0f9/libgdx-freetype64.so
7f994a810000-7f994aa10000 rw-p 00000000 00:00 0 
7f994aa10000-7f994bbae000 rw-p 00000000 00:00 0 
7f994bbae000-7f994bbe5000 r-xp 00000000 fc:00 922552                     /usr/lib/x86_64-linux-gnu/libtxc_dxtn_s2tc.so.0.0.0
7f994bbe5000-7f994bde4000 ---p 00037000 fc:00 922552                     /usr/lib/x86_64-linux-gnu/libtxc_dxtn_s2tc.so.0.0.0
7f994bde4000-7f994bde5000 r--p 00036000 fc:00 922552                     /usr/lib/x86_64-linux-gnu/libtxc_dxtn_s2tc.so.0.0.0
7f994bde5000-7f994bde6000 rw-p 00037000 fc:00 922552                     /usr/lib/x86_64-linux-gnu/libtxc_dxtn_s2tc.so.0.0.0
7f994bde6000-7f994bdfe000 r-xp 00000000 fc:00 131064                     /lib/x86_64-linux-gnu/libz.so.1.2.8
7f994bdfe000-7f994bffd000 ---p 00018000 fc:00 131064                     /lib/x86_64-linux-gnu/libz.so.1.2.8
7f994bffd000-7f994bffe000 r--p 00017000 fc:00 131064                     /lib/x86_64-linux-gnu/libz.so.1.2.8
7f994bffe000-7f994bfff000 rw-p 00018000 fc:00 131064                     /lib/x86_64-linux-gnu/libz.so.1.2.8
7f994bfff000-7f9950000000 rw-s 00000000 00:16 2447177                    /run/shm/pulse-shm-332099531
7f9950000000-7f9950021000 rw-p 00000000 00:00 0 
7f9950021000-7f9954000000 ---p 00000000 00:00 0 
7f995401a000-7f9954036000 rw-s 00000000 00:05 2447257                    /drm mm object (deleted)
7f9954036000-7f9954086000 rw-s 00000000 00:05 2447235                    /drm mm object (deleted)
7f9954086000-7f9954166000 rw-s 00000000 00:05 2447232                    /drm mm object (deleted)
7f9954166000-7f99541c6000 rw-s 00000000 00:05 2447229                    /drm mm object (deleted)
7f99541c6000-7f99541fe000 rw-s 00000000 00:05 2447228                    /drm mm object (deleted)
7f99541fe000-7f9954206000 r-xp 00000000 fc:00 919456                     /usr/lib/x86_64-linux-gnu/libpciaccess.so.0.11.1
7f9954206000-7f9954405000 ---p 00008000 fc:00 919456                     /usr/lib/x86_64-linux-gnu/libpciaccess.so.0.11.1
7f9954405000-7f9954406000 r--p 00007000 fc:00 919456                     /usr/lib/x86_64-linux-gnu/libpciaccess.so.0.11.1
7f9954406000-7f9954407000 rw-p 00008000 fc:00 919456                     /usr/lib/x86_64-linux-gnu/libpciaccess.so.0.11.1
7f9954407000-7f995442e000 r-xp 00000000 fc:00 132025                     /lib/x86_64-linux-gnu/libexpat.so.1.6.0
7f995442e000-7f995462e000 ---p 00027000 fc:00 132025                     /lib/x86_64-linux-gnu/libexpat.so.1.6.0
7f995462e000-7f9954630000 r--p 00027000 fc:00 132025                     /lib/x86_64-linux-gnu/libexpat.so.1.6.0
7f9954630000-7f9954631000 rw-p 00029000 fc:00 132025                     /lib/x86_64-linux-gnu/libexpat.so.1.6.0
7f9954631000-7f995463d000 r-xp 00000000 fc:00 919463                     /usr/lib/x86_64-linux-gnu/libdrm_radeon.so.1.0.1
7f995463d000-7f995483c000 ---p 0000c000 fc:00 919463                     /usr/lib/x86_64-linux-gnu/libdrm_radeon.so.1.0.1
7f995483c000-7f995483d000 r--p 0000b000 fc:00 919463                     /usr/lib/x86_64-linux-gnu/libdrm_radeon.so.1.0.1
7f995483d000-7f995483e000 rw-p 0000c000 fc:00 919463                     /usr/lib/x86_64-linux-gnu/libdrm_radeon.so.1.0.1
7f995483e000-7f9954844000 r-xp 00000000 fc:00 919461                     /usr/lib/x86_64-linux-gnu/libdrm_nouveau.so.2.0.0
7f9954844000-7f9954a43000 ---p 00006000 fc:00 919461                     /usr/lib/x86_64-linux-gnu/libdrm_nouveau.so.2.0.0
7f9954a43000-7f9954a44000 r--p 00005000 fc:00 919461                     /usr/lib/x86_64-linux-gnu/libdrm_nouveau.so.2.0.0
7f9954a44000-7f9954a45000 rw-p 00006000 fc:00 919461                     /usr/lib/x86_64-linux-gnu/libdrm_nouveau.so.2.0.0
7f9954a45000-7f9954a65000 r-xp 00000000 fc:00 919458                     /usr/lib/x86_64-linux-gnu/libdrm_intel.so.1.0.0
7f9954a65000-7f9954c64000 ---p 00020000 fc:00 919458                     /usr/lib/x86_64-linux-gnu/libdrm_intel.so.1.0.0
7f9954c64000-7f9954c65000 r--p 0001f000 fc:00 919458                     /usr/lib/x86_64-linux-gnu/libdrm_intel.so.1.0.0
7f9954c65000-7f9954c66000 rw-p 00020000 fc:00 919458                     /usr/lib/x86_64-linux-gnu/libdrm_intel.so.1.0.0
7f9954c66000-7f9955155000 r-xp 00000000 fc:00 928033                     /usr/lib/x86_64-linux-gnu/dri/i965_dri.so
7f9955155000-7f9955355000 ---p 004ef000 fc:00 928033                     /usr/lib/x86_64-linux-gnu/dri/i965_dri.so
7f9955355000-7f995536c000 r--p 004ef000 fc:00 928033                     /usr/lib/x86_64-linux-gnu/dri/i965_dri.so
7f995536c000-7f9955378000 rw-p 00506000 fc:00 928033                     /usr/lib/x86_64-linux-gnu/dri/i965_dri.so
7f9955378000-7f99553c4000 rw-p 00000000 00:00 0 
7f99553c4000-7f99553cc000 r-xp 00000000 fc:00 130897                     /lib/x86_64-linux-gnu/libnih-dbus.so.1.0.0
7f99553cc000-7f99555cc000 ---p 00008000 fc:00 130897                     /lib/x86_64-linux-gnu/libnih-dbus.so.1.0.0
7f99555cc000-7f99555cd000 r--p 00008000 fc:00 130897                     /lib/x86_64-linux-gnu/libnih-dbus.so.1.0.0
7f99555cd000-7f99555ce000 rw-p 00009000 fc:00 130897                     /lib/x86_64-linux-gnu/libnih-dbus.so.1.0.0
7f99555ce000-7f99555e5000 r-xp 00000000 fc:00 130899                     /lib/x86_64-linux-gnu/libnih.so.1.0.0
7f99555e5000-7f99557e4000 ---p 00017000 fc:00 130899                     /lib/x86_64-linux-gnu/libnih.so.1.0.0
7f99557e4000-7f99557e5000 r--p 00016000 fc:00 130899                     /lib/x86_64-linux-gnu/libnih.so.1.0.0
7f99557e5000-7f99557e6000 rw-p 00017000 fc:00 130899                     /lib/x86_64-linux-gnu/libnih.so.1.0.0
7f99557e6000-7f99557ff000 r-xp 00000000 fc:00 145705                     /lib/x86_64-linux-gnu/libcgmanager.so.0.0.0
7f99557ff000-7f99559fe000 ---p 00019000 fc:00 145705                     /lib/x86_64-linux-gnu/libcgmanager.so.0.0.0
7f99559fe000-7f9955a00000 r--p 00018000 fc:00 145705                     /lib/x86_64-linux-gnu/libcgmanager.so.0.0.0
7f9955a00000-7f9955a01000 rw-p 0001a000 fc:00 145705                     /lib/x86_64-linux-gnu/libcgmanager.so.0.0.0
7f9955a01000-7f9955a11000 r-xp 00000000 fc:00 141141                     /lib/x86_64-linux-gnu/libudev.so.1.3.5
7f9955a11000-7f9955c10000 ---p 00010000 fc:00 141141                     /lib/x86_64-linux-gnu/libudev.so.1.3.5
7f9955c10000-7f9955c11000 r--p 0000f000 fc:00 141141                     /lib/x86_64-linux-gnu/libudev.so.1.3.5
7f9955c11000-7f9955c12000 rw-p 00010000 fc:00 141141                     /lib/x86_64-linux-gnu/libudev.so.1.3.5
7f9955c12000-7f9955c1d000 r-xp 00000000 fc:00 920221                     /usr/lib/x86_64-linux-gnu/libdrm.so.2.4.0
7f9955c1d000-7f9955e1c000 ---p 0000b000 fc:00 920221                     /usr/lib/x86_64-linux-gnu/libdrm.so.2.4.0
7f9955e1c000-7f9955e1d000 r--p 0000a000 fc:00 920221                     /usr/lib/x86_64-linux-gnu/libdrm.so.2.4.0
7f9955e1d000-7f9955e1e000 rw-p 0000b000 fc:00 920221                     /usr/lib/x86_64-linux-gnu/libdrm.so.2.4.0
7f9955e1e000-7f9955e1f000 r-xp 00000000 fc:00 919547                     /usr/lib/x86_64-linux-gnu/libxshmfence.so.1.0.0
7f9955e1f000-7f995601e000 ---p 00001000 fc:00 919547                     /usr/lib/x86_64-linux-gnu/libxshmfence.so.1.0.0
7f995601e000-7f995601f000 r--p 00000000 fc:00 919547                     /usr/lib/x86_64-linux-gnu/libxshmfence.so.1.0.0
7f995601f000-7f9956020000 rw-p 00001000 fc:00 919547                     /usr/lib/x86_64-linux-gnu/libxshmfence.so.1.0.0
7f9956020000-7f9956025000 r-xp 00000000 fc:00 919543                     /usr/lib/x86_64-linux-gnu/libxcb-sync.so.1.0.0
7f9956025000-7f9956224000 ---p 00005000 fc:00 919543                     /usr/lib/x86_64-linux-gnu/libxcb-sync.so.1.0.0
7f9956224000-7f9956225000 r--p 00004000 fc:00 919543                     /usr/lib/x86_64-linux-gnu/libxcb-sync.so.1.0.0
7f9956225000-7f9956226000 rw-p 00005000 fc:00 919543                     /usr/lib/x86_64-linux-gnu/libxcb-sync.so.1.0.0
7f9956226000-7f9956228000 r-xp 00000000 fc:00 919541                     /usr/lib/x86_64-linux-gnu/libxcb-present.so.0.0.0
7f9956228000-7f9956427000 ---p 00002000 fc:00 919541                     /usr/lib/x86_64-linux-gnu/libxcb-present.so.0.0.0
7f9956427000-7f9956428000 r--p 00001000 fc:00 919541                     /usr/lib/x86_64-linux-gnu/libxcb-present.so.0.0.0
7f9956428000-7f9956429000 rw-p 00002000 fc:00 919541                     /usr/lib/x86_64-linux-gnu/libxcb-present.so.0.0.0
7f9956429000-7f995642b000 r-xp 00000000 fc:00 919537                     /usr/lib/x86_64-linux-gnu/libxcb-dri3.so.0.0.0
7f995642b000-7f995662a000 ---p 00002000 fc:00 919537                     /usr/lib/x86_64-linux-gnu/libxcb-dri3.so.0.0.0
7f995662a000-7f995662b000 r--p 00001000 fc:00 919537                     /usr/lib/x86_64-linux-gnu/libxcb-dri3.so.0.0.0
7f995662b000-7f995662c000 rw-p 00002000 fc:00 919537                     /usr/lib/x86_64-linux-gnu/libxcb-dri3.so.0.0.0
7f995662c000-7f995662f000 r-xp 00000000 fc:00 919492                     /usr/lib/x86_64-linux-gnu/libxcb-dri2.so.0.0.0
7f995662f000-7f995682f000 ---p 00003000 fc:00 919492                     /usr/lib/x86_64-linux-gnu/libxcb-dri2.so.0.0.0
7f995682f000-7f9956830000 r--p 00003000 fc:00 919492                     /usr/lib/x86_64-linux-gnu/libxcb-dri2.so.0.0.0
7f9956830000-7f9956831000 rw-p 00004000 fc:00 919492                     /usr/lib/x86_64-linux-gnu/libxcb-dri2.so.0.0.0
7f9956831000-7f9956846000 r-xp 00000000 fc:00 919539                     /usr/lib/x86_64-linux-gnu/libxcb-glx.so.0.0.0
7f9956846000-7f9956a45000 ---p 00015000 fc:00 919539                     /usr/lib/x86_64-linux-gnu/libxcb-glx.so.0.0.0
7f9956a45000-7f9956a47000 r--p 00014000 fc:00 919539                     /usr/lib/x86_64-linux-gnu/libxcb-glx.so.0.0.0
7f9956a47000-7f9956a48000 rw-p 00016000 fc:00 919539                     /usr/lib/x86_64-linux-gnu/libxcb-glx.so.0.0.0
7f9956a48000-7f9956a49000 r-xp 00000000 fc:00 919501                     /usr/lib/x86_64-linux-gnu/libX11-xcb.so.1.0.0
7f9956a49000-7f9956c48000 ---p 00001000 fc:00 919501                     /usr/lib/x86_64-linux-gnu/libX11-xcb.so.1.0.0
7f9956c48000-7f9956c49000 r--p 00000000 fc:00 919501                     /usr/lib/x86_64-linux-gnu/libX11-xcb.so.1.0.0
7f9956c49000-7f9956c4a000 rw-p 00001000 fc:00 919501                     /usr/lib/x86_64-linux-gnu/libX11-xcb.so.1.0.0
7f9956c4a000-7f9956c4c000 r-xp 00000000 fc:00 919545                     /usr/lib/x86_64-linux-gnu/libXdamage.so.1.1.0
7f9956c4c000-7f9956e4b000 ---p 00002000 fc:00 919545                     /usr/lib/x86_64-linux-gnu/libXdamage.so.1.1.0
7f9956e4b000-7f9956e4c000 r--p 00001000 fc:00 919545                     /usr/lib/x86_64-linux-gnu/libXdamage.so.1.1.0
7f9956e4c000-7f9956e4d000 rw-p 00002000 fc:00 919545                     /usr/lib/x86_64-linux-gnu/libXdamage.so.1.1.0
7f9956e4d000-7f9956e6f000 r-xp 00000000 fc:00 938813                     /usr/lib/x86_64-linux-gnu/libglapi.so.0.0.0
7f9956e6f000-7f995706f000 ---p 00022000 fc:00 938813                     /usr/lib/x86_64-linux-gnu/libglapi.so.0.0.0
7f995706f000-7f9957072000 r--p 00022000 fc:00 938813                     /usr/lib/x86_64-linux-gnu/libglapi.so.0.0.0
7f9957072000-7f9957073000 rw-p 00025000 fc:00 938813                     /usr/lib/x86_64-linux-gnu/libglapi.so.0.0.0
7f9957073000-7f9957074000 rw-p 00000000 00:00 0 
7f9957074000-7f99570d6000 r-xp 00000000 fc:00 919496                     /usr/lib/x86_64-linux-gnu/mesa/libGL.so.1.2.0
7f99570d6000-7f99572d5000 ---p 00062000 fc:00 919496                     /usr/lib/x86_64-linux-gnu/mesa/libGL.so.1.2.0
7f99572d5000-7f99572d8000 r--p 00061000 fc:00 919496                     /usr/lib/x86_64-linux-gnu/mesa/libGL.so.1.2.0
7f99572d8000-7f99572d9000 rw-p 00064000 fc:00 919496                     /usr/lib/x86_64-linux-gnu/mesa/libGL.so.1.2.0
7f99572d9000-7f99572da000 rw-p 00000000 00:00 0 
7f99572da000-7f99572dd000 ---p 00000000 00:00 0 
7f99572dd000-7f99573db000 rw-p 00000000 00:00 0                          [stack:6494]
7f99573db000-7f99573dc000 ---p 00000000 00:00 0 
7f99573dc000-7f9957bdc000 rw-p 00000000 00:00 0                          [stack:6492]
7f9957bdc000-7f9957bf3000 r-xp 00000000 fc:00 131097                     /lib/x86_64-linux-gnu/libresolv-2.19.so
7f9957bf3000-7f9957df3000 ---p 00017000 fc:00 131097                     /lib/x86_64-linux-gnu/libresolv-2.19.so
7f9957df3000-7f9957df4000 r--p 00017000 fc:00 131097                     /lib/x86_64-linux-gnu/libresolv-2.19.so
7f9957df4000-7f9957df5000 rw-p 00018000 fc:00 131097                     /lib/x86_64-linux-gnu/libresolv-2.19.so
7f9957df5000-7f9957df7000 rw-p 00000000 00:00 0 
7f9957df7000-7f9957dfe000 r-xp 00000000 fc:00 927563                     /usr/lib/x86_64-linux-gnu/libogg.so.0.8.1
7f9957dfe000-7f9957ffe000 ---p 00007000 fc:00 927563                     /usr/lib/x86_64-linux-gnu/libogg.so.0.8.1
7f9957ffe000-7f9957fff000 r--p 00007000 fc:00 927563                     /usr/lib/x86_64-linux-gnu/libogg.so.0.8.1
7f9957fff000-7f9958000000 rw-p 00008000 fc:00 927563                     /usr/lib/x86_64-linux-gnu/libogg.so.0.8.1
7f9958000000-7f9958021000 rw-p 00000000 00:00 0 
7f9958021000-7f995c000000 ---p 00000000 00:00 0 
7f995c007000-7f995c00d000 rw-s 00000000 00:05 2449694                    /drm mm object (deleted)
7f995c00d000-7f995c013000 rw-s 00000000 00:05 2449693                    /drm mm object (deleted)
7f995c013000-7f995c016000 ---p 00000000 00:00 0 
7f995c016000-7f995c04c000 rw-p 00000000 00:00 0                          [stack:6496]
7f995c04c000-7f995c04d000 ---p 00000000 00:00 0 
7f995c04d000-7f995c14d000 rw-p 00000000 00:00 0                          [stack:6493]
7f995c14d000-7f995c17c000 r-xp 00000000 fc:00 922938                     /usr/lib/x86_64-linux-gnu/libvorbis.so.0.4.7
7f995c17c000-7f995c37b000 ---p 0002f000 fc:00 922938                     /usr/lib/x86_64-linux-gnu/libvorbis.so.0.4.7
7f995c37b000-7f995c37c000 r--p 0002e000 fc:00 922938                     /usr/lib/x86_64-linux-gnu/libvorbis.so.0.4.7
7f995c37c000-7f995c37d000 rw-p 0002f000 fc:00 922938                     /usr/lib/x86_64-linux-gnu/libvorbis.so.0.4.7
7f995c37d000-7f995c40d000 r-xp 00000000 fc:00 922916                     /usr/lib/x86_64-linux-gnu/libvorbisenc.so.2.0.10
7f995c40d000-7f995c60c000 ---p 00090000 fc:00 922916                     /usr/lib/x86_64-linux-gnu/libvorbisenc.so.2.0.10
7f995c60c000-7f995c628000 r--p 0008f000 fc:00 922916                     /usr/lib/x86_64-linux-gnu/libvorbisenc.so.2.0.10
7f995c628000-7f995c629000 rw-p 000ab000 fc:00 922916                     /usr/lib/x86_64-linux-gnu/libvorbisenc.so.2.0.10
7f995c629000-7f995c659000 r-xp 00000000 fc:00 927584                     /usr/lib/x86_64-linux-gnu/libFLAC.so.8.3.0
7f995c659000-7f995c858000 ---p 00030000 fc:00 927584                     /usr/lib/x86_64-linux-gnu/libFLAC.so.8.3.0
7f995c858000-7f995c859000 r--p 0002f000 fc:00 927584                     /usr/lib/x86_64-linux-gnu/libFLAC.so.8.3.0
7f995c859000-7f995c85a000 rw-p 00030000 fc:00 927584                     /usr/lib/x86_64-linux-gnu/libFLAC.so.8.3.0
7f995c85a000-7f995c85f000 r-xp 00000000 fc:00 927915                     /usr/lib/x86_64-linux-gnu/libasyncns.so.0.3.1
7f995c85f000-7f995ca5e000 ---p 00005000 fc:00 927915                     /usr/lib/x86_64-linux-gnu/libasyncns.so.0.3.1
7f995ca5e000-7f995ca5f000 r--p 00004000 fc:00 927915                     /usr/lib/x86_64-linux-gnu/libasyncns.so.0.3.1
7f995ca5f000-7f995ca60000 rw-p 00005000 fc:00 927915                     /usr/lib/x86_64-linux-gnu/libasyncns.so.0.3.1
7f995ca60000-7f995cac1000 r-xp 00000000 fc:00 928197                     /usr/lib/x86_64-linux-gnu/libsndfile.so.1.0.25
7f995cac1000-7f995ccc1000 ---p 00061000 fc:00 928197                     /usr/lib/x86_64-linux-gnu/libsndfile.so.1.0.25
7f995ccc1000-7f995ccc3000 r--p 00061000 fc:00 928197                     /usr/lib/x86_64-linux-gnu/libsndfile.so.1.0.25
7f995ccc3000-7f995ccc4000 rw-p 00063000 fc:00 928197                     /usr/lib/x86_64-linux-gnu/libsndfile.so.1.0.25
7f995ccc4000-7f995ccc8000 rw-p 00000000 00:00 0 
7f995ccc8000-7f995ccd0000 r-xp 00000000 fc:00 137829                     /lib/x86_64-linux-gnu/libwrap.so.0.7.6
7f995ccd0000-7f995cecf000 ---p 00008000 fc:00 137829                     /lib/x86_64-linux-gnu/libwrap.so.0.7.6
7f995cecf000-7f995ced0000 r--p 00007000 fc:00 137829                     /lib/x86_64-linux-gnu/libwrap.so.0.7.6
7f995ced0000-7f995ced1000 rw-p 00008000 fc:00 137829                     /lib/x86_64-linux-gnu/libwrap.so.0.7.6
7f995ced1000-7f995ced2000 rw-p 00000000 00:00 0 
7f995ced2000-7f995cf16000 r-xp 00000000 fc:00 130822                     /lib/x86_64-linux-gnu/libdbus-1.so.3.7.6
7f995cf16000-7f995d115000 ---p 00044000 fc:00 130822                     /lib/x86_64-linux-gnu/libdbus-1.so.3.7.6
7f995d115000-7f995d116000 r--p 00043000 fc:00 130822                     /lib/x86_64-linux-gnu/libdbus-1.so.3.7.6
7f995d116000-7f995d117000 rw-p 00044000 fc:00 130822                     /lib/x86_64-linux-gnu/libdbus-1.so.3.7.6
7f995d117000-7f995d17d000 r-xp 00000000 fc:00 1057117                    /usr/lib/x86_64-linux-gnu/pulseaudio/libpulsecommon-4.0.so
7f995d17d000-7f995d37c000 ---p 00066000 fc:00 1057117                    /usr/lib/x86_64-linux-gnu/pulseaudio/libpulsecommon-4.0.so
7f995d37c000-7f995d37d000 r--p 00065000 fc:00 1057117                    /usr/lib/x86_64-linux-gnu/pulseaudio/libpulsecommon-4.0.so
7f995d37d000-7f995d37e000 rw-p 00066000 fc:00 1057117                    /usr/lib/x86_64-linux-gnu/pulseaudio/libpulsecommon-4.0.so
7f995d37e000-7f995d388000 r-xp 00000000 fc:00 130847                     /lib/x86_64-linux-gnu/libjson-c.so.2.0.0
7f995d388000-7f995d587000 ---p 0000a000 fc:00 130847                     /lib/x86_64-linux-gnu/libjson-c.so.2.0.0
7f995d587000-7f995d588000 r--p 00009000 fc:00 130847                     /lib/x86_64-linux-gnu/libjson-c.so.2.0.0
7f995d588000-7f995d589000 rw-p 0000a000 fc:00 130847                     /lib/x86_64-linux-gnu/libjson-c.so.2.0.0
7f995d589000-7f995d5d0000 r-xp 00000000 fc:00 927931                     /usr/lib/x86_64-linux-gnu/libpulse.so.0.16.2
7f995d5d0000-7f995d7d0000 ---p 00047000 fc:00 927931                     /usr/lib/x86_64-linux-gnu/libpulse.so.0.16.2
7f995d7d0000-7f995d7d1000 r--p 00047000 fc:00 927931                     /usr/lib/x86_64-linux-gnu/libpulse.so.0.16.2
7f995d7d1000-7f995d7d2000 rw-p 00048000 fc:00 927931                     /usr/lib/x86_64-linux-gnu/libpulse.so.0.16.2
7f995d7d2000-7f995d827000 r-xp 00000000 fc:00 1048460                    /tmp/libgdxvostanin/31ce78a2/libopenal64.so
7f995d827000-7f995da26000 ---p 00055000 fc:00 1048460                    /tmp/libgdxvostanin/31ce78a2/libopenal64.so
7f995da26000-7f995da29000 r--p 00054000 fc:00 1048460                    /tmp/libgdxvostanin/31ce78a2/libopenal64.so
7f995da29000-7f995da2a000 rw-p 00057000 fc:00 1048460                    /tmp/libgdxvostanin/31ce78a2/libopenal64.so
7f995da2a000-7f995da2b000 rw-p 00000000 00:00 0 
7f995da2b000-7f995da2f000 r-xp 00000000 fc:00 919549                     /usr/lib/x86_64-linux-gnu/libXxf86vm.so.1.0.0
7f995da2f000-7f995dc2f000 ---p 00004000 fc:00 919549                     /usr/lib/x86_64-linux-gnu/libXxf86vm.so.1.0.0
7f995dc2f000-7f995dc30000 r--p 00004000 fc:00 919549                     /usr/lib/x86_64-linux-gnu/libXxf86vm.so.1.0.0
7f995dc30000-7f995dc31000 rw-p 00005000 fc:00 919549                     /usr/lib/x86_64-linux-gnu/libXxf86vm.so.1.0.0
7f995dc31000-7f995dc3a000 r-xp 00000000 fc:00 922544                     /usr/lib/x86_64-linux-gnu/libXrandr.so.2.2.0
7f995dc3a000-7f995de39000 ---p 00009000 fc:00 922544                     /usr/lib/x86_64-linux-gnu/libXrandr.so.2.2.0
7f995de39000-7f995de3a000 r--p 00008000 fc:00 922544                     /usr/lib/x86_64-linux-gnu/libXrandr.so.2.2.0
7f995de3a000-7f995de3b000 rw-p 00009000 fc:00 922544                     /usr/lib/x86_64-linux-gnu/libXrandr.so.2.2.0
7f995de3b000-7f995deab000 r-xp 00000000 fc:00 1048458                    /tmp/libgdxvostanin/31ce78a2/liblwjgl64.so
7f995deab000-7f995e0ab000 ---p 00070000 fc:00 1048458                    /tmp/libgdxvostanin/31ce78a2/liblwjgl64.so
7f995e0ab000-7f995e0ad000 r--p 00070000 fc:00 1048458                    /tmp/libgdxvostanin/31ce78a2/liblwjgl64.so
7f995e0ad000-7f995e0ae000 rw-p 00072000 fc:00 1048458                    /tmp/libgdxvostanin/31ce78a2/liblwjgl64.so
7f995e0ae000-7f995e0af000 r-xp 00000000 fc:00 959697                     /usr/lib/jvm/java-8-oracle/jre/lib/amd64/libjawt.so
7f995e0af000-7f995e2ae000 ---p 00001000 fc:00 959697                     /usr/lib/jvm/java-8-oracle/jre/lib/amd64/libjawt.so
7f995e2ae000-7f995e2af000 rw-p 00000000 fc:00 959697                     /usr/lib/jvm/java-8-oracle/jre/lib/amd64/libjawt.so
7f995e2af000-7f995e2b2000 ---p 00000000 00:00 0 
7f995e2b2000-7f995e3b0000 rw-p 00000000 00:00 0                          [stack:6490]
7f995e3b0000-7f995e3b5000 r-xp 00000000 fc:00 919525                     /usr/lib/x86_64-linux-gnu/libXfixes.so.3.1.0
7f995e3b5000-7f995e5b4000 ---p 00005000 fc:00 919525                     /usr/lib/x86_64-linux-gnu/libXfixes.so.3.1.0
7f995e5b4000-7f995e5b5000 r--p 00004000 fc:00 919525                     /usr/lib/x86_64-linux-gnu/libXfixes.so.3.1.0
7f995e5b5000-7f995e5b6000 rw-p 00005000 fc:00 919525                     /usr/lib/x86_64-linux-gnu/libXfixes.so.3.1.0
7f995e5b6000-7f995e5bf000 r-xp 00000000 fc:00 924507                     /usr/lib/x86_64-linux-gnu/libXcursor.so.1.0.2
7f995e5bf000-7f995e7be000 ---p 00009000 fc:00 924507                     /usr/lib/x86_64-linux-gnu/libXcursor.so.1.0.2
7f995e7be000-7f995e7bf000 r--p 00008000 fc:00 924507                     /usr/lib/x86_64-linux-gnu/libXcursor.so.1.0.2
7f995e7bf000-7f995e7c0000 rw-p 00009000 fc:00 924507                     /usr/lib/x86_64-linux-gnu/libXcursor.so.1.0.2
7f995e7c0000-7f995e7c6000 rw-s 00000000 00:05 2449692                    /drm mm object (deleted)
7f995e7c6000-7f995e7cc000 rw-s 00000000 00:05 2449691                    /drm mm object (deleted)
7f995e7cc000-7f995e7d2000 rw-s 00000000 00:05 2447236                    /drm mm object (deleted)
7f995e7d2000-7f995e7e2000 rw-s 17acf6000 00:06 2296                      /dev/dri/card0
7f995e7e2000-7f995e7ea000 rw-s 00000000 00:05 2450721                    /drm mm object (deleted)
7f995e7ea000-7f995e7f2000 rw-s 00000000 00:05 2450708                    /drm mm object (deleted)
7f995e7f2000-7f995e7f5000 ---p 00000000 00:00 0 
7f995e7f5000-7f995e8f3000 rw-p 00000000 00:00 0                          [stack:6489]
7f995e8f3000-7f995e958000 r-xp 00000000 fc:00 964417                     /usr/lib/jvm/java-8-oracle/jre/lib/amd64/libfontmanager.so
7f995e958000-7f995eb57000 ---p 00065000 fc:00 964417                     /usr/lib/jvm/java-8-oracle/jre/lib/amd64/libfontmanager.so
7f995eb57000-7f995eb5c000 rw-p 00064000 fc:00 964417                     /usr/lib/jvm/java-8-oracle/jre/lib/amd64/libfontmanager.so
7f995eb5c000-7f995eb6c000 rw-p 00000000 00:00 0 
7f995eb6c000-7f995eb71000 r-xp 00000000 fc:00 919443                     /usr/lib/x86_64-linux-gnu/libXdmcp.so.6.0.0
7f995eb71000-7f995ed70000 ---p 00005000 fc:00 919443                     /usr/lib/x86_64-linux-gnu/libXdmcp.so.6.0.0
7f995ed70000-7f995ed71000 r--p 00004000 fc:00 919443                     /usr/lib/x86_64-linux-gnu/libXdmcp.so.6.0.0
7f995ed71000-7f995ed72000 rw-p 00005000 fc:00 919443                     /usr/lib/x86_64-linux-gnu/libXdmcp.so.6.0.0
7f995ed72000-7f995ed74000 r-xp 00000000 fc:00 919441                     /usr/lib/x86_64-linux-gnu/libXau.so.6.0.0
7f995ed74000-7f995ef74000 ---p 00002000 fc:00 919441                     /usr/lib/x86_64-linux-gnu/libXau.so.6.0.0
7f995ef74000-7f995ef75000 r--p 00002000 fc:00 919441                     /usr/lib/x86_64-linux-gnu/libXau.so.6.0.0
7f995ef75000-7f995ef76000 rw-p 00003000 fc:00 919441                     /usr/lib/x86_64-linux-gnu/libXau.so.6.0.0
7f995ef76000-7f995ef93000 r-xp 00000000 fc:00 919445                     /usr/lib/x86_64-linux-gnu/libxcb.so.1.1.0
7f995ef93000-7f995f193000 ---p 0001d000 fc:00 919445                     /usr/lib/x86_64-linux-gnu/libxcb.so.1.1.0
7f995f193000-7f995f194000 r--p 0001d000 fc:00 919445                     /usr/lib/x86_64-linux-gnu/libxcb.so.1.1.0
7f995f194000-7f995f195000 rw-p 0001e000 fc:00 919445                     /usr/lib/x86_64-linux-gnu/libxcb.so.1.1.0
7f995f195000-7f995f1a4000 r-xp 00000000 fc:00 922536                     /usr/lib/x86_64-linux-gnu/libXi.so.6.1.0
7f995f1a4000-7f995f3a3000 ---p 0000f000 fc:00 922536                     /usr/lib/x86_64-linux-gnu/libXi.so.6.1.0
7f995f3a3000-7f995f3a4000 r--p 0000e000 fc:00 922536                     /usr/lib/x86_64-linux-gnu/libXi.so.6.1.0
7f995f3a4000-7f995f3a5000 rw-p 0000f000 fc:00 922536                     /usr/lib/x86_64-linux-gnu/libXi.so.6.1.0
7f995f3a5000-7f995f3aa000 r-xp 00000000 fc:00 928720                     /usr/lib/x86_64-linux-gnu/libXtst.so.6.1.0
7f995f3aa000-7f995f5a9000 ---p 00005000 fc:00 928720                     /usr/lib/x86_64-linux-gnu/libXtst.so.6.1.0
7f995f5a9000-7f995f5aa000 r--p 00004000 fc:00 928720                     /usr/lib/x86_64-linux-gnu/libXtst.so.6.1.0
7f995f5aa000-7f995f5ab000 rw-p 00005000 fc:00 928720                     /usr/lib/x86_64-linux-gnu/libXtst.so.6.1.0
7f995f5ab000-7f995f5b4000 r-xp 00000000 fc:00 922542                     /usr/lib/x86_64-linux-gnu/libXrender.so.1.3.0
7f995f5b4000-7f995f7b3000 ---p 00009000 fc:00 922542                     /usr/lib/x86_64-linux-gnu/libXrender.so.1.3.0
7f995f7b3000-7f995f7b4000 r--p 00008000 fc:00 922542                     /usr/lib/x86_64-linux-gnu/libXrender.so.1.3.0
7f995f7b4000-7f995f7b5000 rw-p 00009000 fc:00 922542                     /usr/lib/x86_64-linux-gnu/libXrender.so.1.3.0
7f995f7b5000-7f995f8e5000 r-xp 00000000 fc:00 919449                     /usr/lib/x86_64-linux-gnu/libX11.so.6.3.0
7f995f8e5000-7f995fae5000 ---p 00130000 fc:00 919449                     /usr/lib/x86_64-linux-gnu/libX11.so.6.3.0
7f995fae5000-7f995fae6000 r--p 00130000 fc:00 919449                     /usr/lib/x86_64-linux-gnu/libX11.so.6.3.0
7f995fae6000-7f995faea000 rw-p 00131000 fc:00 919449                     /usr/lib/x86_64-linux-gnu/libX11.so.6.3.0
7f995faea000-7f995fafb000 r-xp 00000000 fc:00 919452                     /usr/lib/x86_64-linux-gnu/libXext.so.6.4.0
7f995fafb000-7f995fcfa000 ---p 00011000 fc:00 919452                     /usr/lib/x86_64-linux-gnu/libXext.so.6.4.0
7f995fcfa000-7f995fcfb000 r--p 00010000 fc:00 919452                     /usr/lib/x86_64-linux-gnu/libXext.so.6.4.0
7f995fcfb000-7f995fcfc000 rw-p 00011000 fc:00 919452                     /usr/lib/x86_64-linux-gnu/libXext.so.6.4.0
7f995fcfc000-7f995fcfd000 rw-s 00000000 00:05 2449695                    /drm mm object (deleted)
7f995fcff000-7f995fd2e000 r--p 00000000 fc:00 1192644                    /usr/share/locale-langpack/ru/LC_MESSAGES/libc.mo
7f995fd2e000-7f995fdd0000 r-xp 00000000 fc:00 959677                     /usr/lib/jvm/java-8-oracle/jre/lib/amd64/libawt.so
7f995fdd0000-7f995ffd0000 ---p 000a2000 fc:00 959677                     /usr/lib/jvm/java-8-oracle/jre/lib/amd64/libawt.so
7f995ffd0000-7f995ffdc000 rw-p 000a2000 fc:00 959677                     /usr/lib/jvm/java-8-oracle/jre/lib/amd64/libawt.so
7f995ffdc000-7f9960000000 rw-p 00000000 00:00 0 
7f9960000000-7f9960021000 rw-p 00000000 00:00 0 
7f9960021000-7f9964000000 ---p 00000000 00:00 0 
7f9964000000-7f9964021000 rw-p 00000000 00:00 0 
7f9964021000-7f9968000000 ---p 00000000 00:00 0 
7f9968000000-7f996827d000 rw-p 00000000 00:00 0 
7f996827d000-7f996c000000 ---p 00000000 00:00 0 
7f996c000000-7f996c3cf000 rw-p 00000000 00:00 0 
7f996c3cf000-7f9970000000 ---p 00000000 00:00 0 
7f9970000000-7f9970021000 rw-p 00000000 00:00 0 
7f9970021000-7f9974000000 ---p 00000000 00:00 0 
7f9974000000-7f9974429000 rw-p 00000000 00:00 0 
7f9974429000-7f9978000000 ---p 00000000 00:00 0 
7f9978000000-7f9978021000 rw-p 00000000 00:00 0 
7f9978021000-7f997c000000 ---p 00000000 00:00 0 
7f997c000000-7f997c021000 rw-p 00000000 00:00 0 
7f997c021000-7f9980000000 ---p 00000000 00:00 0 
7f9980000000-7f9980021000 rw-p 00000000 00:00 0 
7f9980021000-7f9984000000 ---p 00000000 00:00 0 
7f9984000000-7f9984004000 rw-s 00000000 00:05 2447234                    /drm mm object (deleted)
7f9984004000-7f9984058000 r-xp 00000000 fc:00 959709                     /usr/lib/jvm/java-8-oracle/jre/lib/amd64/libawt_xawt.so
7f9984058000-7f9984258000 ---p 00054000 fc:00 959709                     /usr/lib/jvm/java-8-oracle/jre/lib/amd64/libawt_xawt.so
7f9984258000-7f998425c000 rw-p 00054000 fc:00 959709                     /usr/lib/jvm/java-8-oracle/jre/lib/amd64/libawt_xawt.so
7f998425c000-7f998425d000 rw-p 00000000 00:00 0 
7f998425d000-7f9984273000 r-xp 00000000 fc:00 144102                     /lib/x86_64-linux-gnu/libgcc_s.so.1
7f9984273000-7f9984472000 ---p 00016000 fc:00 144102                     /lib/x86_64-linux-gnu/libgcc_s.so.1
7f9984472000-7f9984473000 rw-p 00015000 fc:00 144102                     /lib/x86_64-linux-gnu/libgcc_s.so.1
7f9984473000-7f9984559000 r-xp 00000000 fc:00 921527                     /usr/lib/x86_64-linux-gnu/libstdc++.so.6.0.19
7f9984559000-7f9984758000 ---p 000e6000 fc:00 921527                     /usr/lib/x86_64-linux-gnu/libstdc++.so.6.0.19
7f9984758000-7f9984760000 r--p 000e5000 fc:00 921527                     /usr/lib/x86_64-linux-gnu/libstdc++.so.6.0.19
7f9984760000-7f9984762000 rw-p 000ed000 fc:00 921527                     /usr/lib/x86_64-linux-gnu/libstdc++.so.6.0.19
7f9984762000-7f9984777000 rw-p 00000000 00:00 0 
7f9984777000-7f9984778000 rw-s 00000000 00:05 2447226                    /drm mm object (deleted)
7f9984778000-7f9984779000 rw-s 00000000 00:05 2450720                    /drm mm object (deleted)
7f9984779000-7f998477a000 rwxp 00000000 00:00 0 
7f998477a000-7f998477b000 rw-s 00000000 00:05 2450705                    /drm mm object (deleted)
7f998477b000-7f9984783000 rw-s 00000000 00:05 2450704                    /drm mm object (deleted)
7f9984783000-7f9984798000 r--p 00000000 fc:00 1192742                    /usr/share/locale-langpack/ru/LC_MESSAGES/pulseaudio.mo
7f9984798000-7f998479f000 r--s 00000000 fc:00 938826                     /usr/lib/x86_64-linux-gnu/gconv/gconv-modules.cache
7f998479f000-7f99847a5000 r--s 002f8000 fc:00 959517                     /usr/lib/jvm/java-8-oracle/jre/lib/charsets.jar
7f99847a5000-7f99847a9000 r--s 00097000 fc:00 959499                     /usr/lib/jvm/java-8-oracle/jre/lib/jsse.jar
7f99847a9000-7f99847e1000 r-xp 00000000 fc:00 1048457                    /tmp/libgdxvostanin/6ef2d459/libgdx64.so
7f99847e1000-7f99849e0000 ---p 00038000 fc:00 1048457                    /tmp/libgdxvostanin/6ef2d459/libgdx64.so
7f99849e0000-7f99849e1000 r--p 00037000 fc:00 1048457                    /tmp/libgdxvostanin/6ef2d459/libgdx64.so
7f99849e1000-7f99849e2000 rw-p 00038000 fc:00 1048457                    /tmp/libgdxvostanin/6ef2d459/libgdx64.so
7f99849e2000-7f99849e6000 r--s 0002f000 fc:02 11282217                   /home/vostanin/.gradle/caches/modules-2/files-2.1/net.java.jinput/jinput/2.0.5/39c7796b469a600f72380316f6b1f11db6c2c7c4/jinput-2.0.5.jar
7f99849e6000-7f9984a01000 r--s 001a7000 fc:02 10619136                   /home/vostanin/.gradle/caches/modules-2/files-2.1/com.badlogicgames.gdx/gdx/1.9.2/e641cb91bec06bc64d9ddf7a7d7062caceec73cd/gdx-1.9.2.jar
7f9984a01000-7f9984a02000 ---p 00000000 00:00 0 
7f9984a02000-7f9984b02000 rw-p 00000000 00:00 0                          [stack:6487]
7f9984b02000-7f9984b05000 ---p 00000000 00:00 0 
7f9984b05000-7f9984c03000 rw-p 00000000 00:00 0                          [stack:6486]
7f9984c03000-7f9984c06000 ---p 00000000 00:00 0 
7f9984c06000-7f9984d04000 rw-p 00000000 00:00 0                          [stack:6485]
7f9984d04000-7f9984d07000 ---p 00000000 00:00 0 
7f9984d07000-7f9984e05000 rw-p 00000000 00:00 0                          [stack:6484]
7f9984e05000-7f9984e08000 ---p 00000000 00:00 0 
7f9984e08000-7f9984f06000 rw-p 00000000 00:00 0                          [stack:6483]
7f9984f06000-7f9984f09000 ---p 00000000 00:00 0 
7f9984f09000-7f9985007000 rw-p 00000000 00:00 0                          [stack:6482]
7f9985007000-7f99852c1000 r--p 00000000 fc:00 915864                     /usr/lib/locale/locale-archive
7f99852c1000-7f99852c4000 ---p 00000000 00:00 0 
7f99852c4000-7f99853c2000 rw-p 00000000 00:00 0                          [stack:6481]
7f99853c2000-7f99853c5000 ---p 00000000 00:00 0 
7f99853c5000-7f99854c3000 rw-p 00000000 00:00 0                          [stack:6480]
7f99854c3000-7f99854c4000 ---p 00000000 00:00 0 
7f99854c4000-7f9988000000 rw-p 00000000 00:00 0                          [stack:6479]
7f9988000000-7f9988021000 rw-p 00000000 00:00 0 
7f9988021000-7f998c000000 ---p 00000000 00:00 0 
7f998c000000-7f998c021000 rw-p 00000000 00:00 0 
7f998c021000-7f9990000000 ---p 00000000 00:00 0 
7f9990000000-7f9990021000 rw-p 00000000 00:00 0 
7f9990021000-7f9994000000 ---p 00000000 00:00 0 
7f9994000000-7f9994021000 rw-p 00000000 00:00 0 
7f9994021000-7f9998000000 ---p 00000000 00:00 0 
7f9998000000-7f9998001000 r--s 00002000 fc:02 11282225                   /home/vostanin/.gradle/caches/modules-2/files-2.1/net.java.jinput/jinput-platform/2.0.5/53f9c919f34d2ca9de8c51fc4e1e8282029a9232/jinput-platform-2.0.5-natives-osx.jar
7f9998001000-7f999800f000 r--s 000f2000 fc:02 10752671                   /home/vostanin/.gradle/caches/modules-2/files-2.1/org.lwjgl.lwjgl/lwjgl/2.9.2/a9d80fe5935c7a9149f6584d9777cfd471f65489/lwjgl-2.9.2.jar
7f999800f000-7f999801a000 r--s 00098000 fc:02 10099705                   /home/vostanin/.gradle/caches/modules-2/files-2.1/com.badlogicgames.gdx/gdx-tools/1.9.2/37d8e3009ae0febdf93717b21980c67c8cadac07/gdx-tools-1.9.2.jar
7f999801a000-7f99983cf000 rw-p 00000000 00:00 0 
7f99983cf000-7f99985a7000 r--s 03d1d000 fc:00 959469                     /usr/lib/jvm/java-8-oracle/jre/lib/rt.jar
7f99985a7000-7f9999000000 rw-p 00000000 00:00 0 
7f9999000000-7f99994d0000 rwxp 00000000 00:00 0 
7f99994d0000-7f99a8000000 ---p 00000000 00:00 0 
7f99a8000000-7f99a84ec000 rw-p 00000000 00:00 0 
7f99a84ec000-7f99ac000000 ---p 00000000 00:00 0 
7f99ac000000-7f99ac001000 r--s 00025000 fc:02 11282223                   /home/vostanin/.gradle/caches/modules-2/files-2.1/net.java.jinput/jinput-platform/2.0.5/385ee093e01f587f30ee1c8a2ee7d408fd732e16/jinput-platform-2.0.5-natives-windows.jar
7f99ac001000-7f99ac002000 r--s 00002000 fc:02 11282221                   /home/vostanin/.gradle/caches/modules-2/files-2.1/net.java.jinput/jinput-platform/2.0.5/7ff832a6eb9ab6a767f1ade2b548092d0fa64795/jinput-platform-2.0.5-natives-linux.jar
7f99ac002000-7f99ac003000 r--s 00001000 fc:02 11282219                   /home/vostanin/.gradle/caches/modules-2/files-2.1/net.java.jutils/jutils/1.0.0/e12fe1fda814bd348c1579329c86943d2cd3c6a6/jutils-1.0.0.jar
7f99ac003000-7f99ac004000 r--s 00068000 fc:02 11282215                   /home/vostanin/.gradle/caches/modules-2/files-2.1/org.lwjgl.lwjgl/lwjgl-platform/2.9.2/d55b46b40b40249d627a83a7f7f22649709d70c3/lwjgl-platform-2.9.2-natives-osx.jar
7f99ac004000-7f99ac005000 r--s 0008d000 fc:02 11282213                   /home/vostanin/.gradle/caches/modules-2/files-2.1/org.lwjgl.lwjgl/lwjgl-platform/2.9.2/d276cdf61fe2b516c7b7f4aa1b8dea91dbdc8d56/lwjgl-platform-2.9.2-natives-linux.jar
7f99ac005000-7f99ac006000 r--s 00095000 fc:02 11282211                   /home/vostanin/.gradle/caches/modules-2/files-2.1/org.lwjgl.lwjgl/lwjgl-platform/2.9.2/510c7d317f5e9e700b9cfaac5fd38bdebf0702e0/lwjgl-platform-2.9.2-natives-windows.jar
7f99ac006000-7f99ac019000 r--s 0013d000 fc:02 9835222                    /home/vostanin/.gradle/caches/modules-2/files-2.1/com.badlogicgames.gdx/gdx-bullet/1.9.2/75f6b51bec18a82a893bb5ae4359fecd9cc7d6f4/gdx-bullet-1.9.2.jar
7f99ac019000-7f99ac01a000 ---p 00000000 00:00 0 
7f99ac01a000-7f99ac11a000 rw-p 00000000 00:00 0                          [stack:6478]
7f99ac11a000-7f99ac11b000 ---p 00000000 00:00 0 
7f99ac11b000-7f99ac21b000 rw-p 00000000 00:00 0                          [stack:6477]
7f99ac21b000-7f99ac21c000 ---p 00000000 00:00 0 
7f99ac21c000-7f99ac31c000 rw-p 00000000 00:00 0                          [stack:6476]
7f99ac31c000-7f99ac31d000 ---p 00000000 00:00 0 
7f99ac31d000-7f99ac432000 rw-p 00000000 00:00 0                          [stack:6475]
7f99ac432000-7f99ac55f000 ---p 00000000 00:00 0 
7f99ac55f000-7f99ac574000 rw-p 00000000 00:00 0 
7f99ac574000-7f99ac6a1000 ---p 00000000 00:00 0 
7f99ac6a1000-7f99ac6ac000 rw-p 00000000 00:00 0 
7f99ac6ac000-7f99ac742000 ---p 00000000 00:00 0 
7f99ac742000-7f99ac757000 rw-p 00000000 00:00 0 
7f99ac757000-7f99acb03000 ---p 00000000 00:00 0 
7f99acb03000-7f99acb1d000 r-xp 00000000 fc:00 959723                     /usr/lib/jvm/java-8-oracle/jre/lib/amd64/libzip.so
7f99acb1d000-7f99acd1d000 ---p 0001a000 fc:00 959723                     /usr/lib/jvm/java-8-oracle/jre/lib/amd64/libzip.so
7f99acd1d000-7f99acd1e000 rw-p 0001a000 fc:00 959723                     /usr/lib/jvm/java-8-oracle/jre/lib/amd64/libzip.so
7f99acd1e000-7f99acd29000 r-xp 00000000 fc:00 132102                     /lib/x86_64-linux-gnu/libnss_files-2.19.so
7f99acd29000-7f99acf28000 ---p 0000b000 fc:00 132102                     /lib/x86_64-linux-gnu/libnss_files-2.19.so
7f99acf28000-7f99acf29000 r--p 0000a000 fc:00 132102                     /lib/x86_64-linux-gnu/libnss_files-2.19.so
7f99acf29000-7f99acf2a000 rw-p 0000b000 fc:00 132102                     /lib/x86_64-linux-gnu/libnss_files-2.19.so
7f99acf2a000-7f99acf35000 r-xp 00000000 fc:00 132086                     /lib/x86_64-linux-gnu/libnss_nis-2.19.so
7f99acf35000-7f99ad134000 ---p 0000b000 fc:00 132086                     /lib/x86_64-linux-gnu/libnss_nis-2.19.so
7f99ad134000-7f99ad135000 r--p 0000a000 fc:00 132086                     /lib/x86_64-linux-gnu/libnss_nis-2.19.so
7f99ad135000-7f99ad136000 rw-p 0000b000 fc:00 132086                     /lib/x86_64-linux-gnu/libnss_nis-2.19.so
7f99ad136000-7f99ad14d000 r-xp 00000000 fc:00 132078                     /lib/x86_64-linux-gnu/libnsl-2.19.so
7f99ad14d000-7f99ad34c000 ---p 00017000 fc:00 132078                     /lib/x86_64-linux-gnu/libnsl-2.19.so
7f99ad34c000-7f99ad34d000 r--p 00016000 fc:00 132078                     /lib/x86_64-linux-gnu/libnsl-2.19.so
7f99ad34d000-7f99ad34e000 rw-p 00017000 fc:00 132078                     /lib/x86_64-linux-gnu/libnsl-2.19.so
7f99ad34e000-7f99ad350000 rw-p 00000000 00:00 0 
7f99ad350000-7f99ad359000 r-xp 00000000 fc:00 132076                     /lib/x86_64-linux-gnu/libnss_compat-2.19.so
7f99ad359000-7f99ad558000 ---p 00009000 fc:00 132076                     /lib/x86_64-linux-gnu/libnss_compat-2.19.so
7f99ad558000-7f99ad559000 r--p 00008000 fc:00 132076                     /lib/x86_64-linux-gnu/libnss_compat-2.19.so
7f99ad559000-7f99ad55a000 rw-p 00009000 fc:00 132076                     /lib/x86_64-linux-gnu/libnss_compat-2.19.so
7f99ad55a000-7f99ad584000 r-xp 00000000 fc:00 959727                     /usr/lib/jvm/java-8-oracle/jre/lib/amd64/libjava.so
7f99ad584000-7f99ad784000 ---p 0002a000 fc:00 959727                     /usr/lib/jvm/java-8-oracle/jre/lib/amd64/libjava.so
7f99ad784000-7f99ad786000 rw-p 0002a000 fc:00 959727                     /usr/lib/jvm/java-8-oracle/jre/lib/amd64/libjava.so
7f99ad786000-7f99ad793000 r-xp 00000000 fc:00 959693                     /usr/lib/jvm/java-8-oracle/jre/lib/amd64/libverify.so
7f99ad793000-7f99ad993000 ---p 0000d000 fc:00 959693                     /usr/lib/jvm/java-8-oracle/jre/lib/amd64/libverify.so
7f99ad993000-7f99ad995000 rw-p 0000d000 fc:00 959693                     /usr/lib/jvm/java-8-oracle/jre/lib/amd64/libverify.so
7f99ad995000-7f99ad99c000 r-xp 00000000 fc:00 132094                     /lib/x86_64-linux-gnu/librt-2.19.so
7f99ad99c000-7f99adb9b000 ---p 00007000 fc:00 132094                     /lib/x86_64-linux-gnu/librt-2.19.so
7f99adb9b000-7f99adb9c000 r--p 00006000 fc:00 132094                     /lib/x86_64-linux-gnu/librt-2.19.so
7f99adb9c000-7f99adb9d000 rw-p 00007000 fc:00 132094                     /lib/x86_64-linux-gnu/librt-2.19.so
7f99adb9d000-7f99adca2000 r-xp 00000000 fc:00 132066                     /lib/x86_64-linux-gnu/libm-2.19.so
7f99adca2000-7f99adea1000 ---p 00105000 fc:00 132066                     /lib/x86_64-linux-gnu/libm-2.19.so
7f99adea1000-7f99adea2000 r--p 00104000 fc:00 132066                     /lib/x86_64-linux-gnu/libm-2.19.so
7f99adea2000-7f99adea3000 rw-p 00105000 fc:00 132066                     /lib/x86_64-linux-gnu/libm-2.19.so
7f99adea3000-7f99aeb62000 r-xp 00000000 fc:00 959717                     /usr/lib/jvm/java-8-oracle/jre/lib/amd64/server/libjvm.so
7f99aeb62000-7f99aed61000 ---p 00cbf000 fc:00 959717                     /usr/lib/jvm/java-8-oracle/jre/lib/amd64/server/libjvm.so
7f99aed61000-7f99aee3a000 rw-p 00cbe000 fc:00 959717                     /usr/lib/jvm/java-8-oracle/jre/lib/amd64/server/libjvm.so
7f99aee3a000-7f99aee83000 rw-p 00000000 00:00 0 
7f99aee83000-7f99af03e000 r-xp 00000000 fc:00 132096                     /lib/x86_64-linux-gnu/libc-2.19.so
7f99af03e000-7f99af23d000 ---p 001bb000 fc:00 132096                     /lib/x86_64-linux-gnu/libc-2.19.so
7f99af23d000-7f99af241000 r--p 001ba000 fc:00 132096                     /lib/x86_64-linux-gnu/libc-2.19.so
7f99af241000-7f99af243000 rw-p 001be000 fc:00 132096                     /lib/x86_64-linux-gnu/libc-2.19.so
7f99af243000-7f99af248000 rw-p 00000000 00:00 0 
7f99af248000-7f99af24b000 r-xp 00000000 fc:00 132070                     /lib/x86_64-linux-gnu/libdl-2.19.so
7f99af24b000-7f99af44a000 ---p 00003000 fc:00 132070                     /lib/x86_64-linux-gnu/libdl-2.19.so
7f99af44a000-7f99af44b000 r--p 00002000 fc:00 132070                     /lib/x86_64-linux-gnu/libdl-2.19.so
7f99af44b000-7f99af44c000 rw-p 00003000 fc:00 132070                     /lib/x86_64-linux-gnu/libdl-2.19.so
7f99af44c000-7f99af461000 r-xp 00000000 fc:00 977192                     /usr/lib/jvm/java-8-oracle/lib/amd64/jli/libjli.so
7f99af461000-7f99af661000 ---p 00015000 fc:00 977192                     /usr/lib/jvm/java-8-oracle/lib/amd64/jli/libjli.so
7f99af661000-7f99af662000 rw-p 00015000 fc:00 977192                     /usr/lib/jvm/java-8-oracle/lib/amd64/jli/libjli.so
7f99af662000-7f99af67b000 r-xp 00000000 fc:00 132080                     /lib/x86_64-linux-gnu/libpthread-2.19.so
7f99af67b000-7f99af87a000 ---p 00019000 fc:00 132080                     /lib/x86_64-linux-gnu/libpthread-2.19.so
7f99af87a000-7f99af87b000 r--p 00018000 fc:00 132080                     /lib/x86_64-linux-gnu/libpthread-2.19.so
7f99af87b000-7f99af87c000 rw-p 00019000 fc:00 132080                     /lib/x86_64-linux-gnu/libpthread-2.19.so
7f99af87c000-7f99af880000 rw-p 00000000 00:00 0 
7f99af880000-7f99af8a3000 r-xp 00000000 fc:00 132082                     /lib/x86_64-linux-gnu/ld-2.19.so
7f99af8a3000-7f99af8a4000 r--s 00005000 fc:02 10099709                   /home/vostanin/.gradle/caches/modules-2/files-2.1/com.badlogicgames.gdx/gdx-backend-headless/1.9.2/813e6020de85cd831f02cb5e9060fd7ea8cb208e/gdx-backend-headless-1.9.2.jar
7f99af8a4000-7f99af969000 rw-p 00000000 00:00 0 
7f99af969000-7f99af96c000 ---p 00000000 00:00 0 
7f99af96c000-7f99afa6e000 rw-p 00000000 00:00 0                          [stack:6471]
7f99afa6e000-7f99afa70000 r--s 00017000 fc:02 11144003                   /home/vostanin/.gradle/caches/modules-2/files-2.1/org.jcraft/jorbis/0.0.17/8872d22b293e8f5d7d56ff92be966e6dc28ebdc6/jorbis-0.0.17.jar
7f99afa70000-7f99afa71000 r--s 00015000 fc:02 11018682                   /home/vostanin/.gradle/caches/modules-2/files-2.1/com.badlogicgames.jlayer/jlayer/1.0.1-gdx/7cca83cec5c1b2f011362f4d85aabd71a73b049d/jlayer-1.0.1-gdx.jar
7f99afa71000-7f99afa75000 r--s 00027000 fc:02 10893355                   /home/vostanin/.gradle/caches/modules-2/files-2.1/org.lwjgl.lwjgl/lwjgl_util/2.9.2/4b9e37300a87799856e0bd15ed81663cdb6b0947/lwjgl_util-2.9.2.jar
7f99afa75000-7f99afa76000 r--s 00888000 fc:02 10099707                   /home/vostanin/.gradle/caches/modules-2/files-2.1/com.badlogicgames.gdx/gdx-bullet-platform/1.9.2/e564d68941da54e44dfd3bfb3f8a9c349f42ff8/gdx-bullet-platform-1.9.2-natives-desktop.jar
7f99afa76000-7f99afa77000 r--s 0021a000 fc:02 10099109                   /home/vostanin/.gradle/caches/modules-2/files-2.1/com.badlogicgames.gdx/gdx-freetype-platform/1.9.2/1e1afb0b6c9e8aeb7d495cb8f55c353d3da58cf0/gdx-freetype-platform-1.9.2-natives-desktop.jar
7f99afa77000-7f99afa79000 r--s 000fa000 fc:02 10099107                   /home/vostanin/.gradle/caches/modules-2/files-2.1/com.badlogicgames.gdx/gdx-box2d-platform/1.9.2/497cbfbf81e7e8b1e8433b19291c5af4bbc2ec66/gdx-box2d-platform-1.9.2-natives-desktop.jar
7f99afa79000-7f99afa7a000 r--s 000d4000 fc:02 9834728                    /home/vostanin/.gradle/caches/modules-2/files-2.1/com.badlogicgames.gdx/gdx-platform/1.9.2/dde4cf7e9ce61c24042f512203aed87657496639/gdx-platform-1.9.2-natives-desktop.jar
7f99afa7a000-7f99afa7d000 r--s 00021000 fc:02 11282209                   /home/vostanin/.gradle/caches/modules-2/files-2.1/com.badlogicgames.gdx/gdx-backend-lwjgl/1.9.2/d710a8704ed584ec2ba9ca52e3a6a5885dd759cc/gdx-backend-lwjgl-1.9.2.jar
7f99afa7d000-7f99afa7f000 r--s 00008000 fc:02 10619134                   /home/vostanin/.gradle/caches/modules-2/files-2.1/com.badlogicgames.gdx/gdx-freetype/1.9.2/3609253d14edb1b3ca5aacff4e06989edde75be4/gdx-freetype-1.9.2.jar
7f99afa7f000-7f99afa81000 r--s 00008000 fc:02 10895508                   /home/vostanin/.gradle/caches/modules-2/files-2.1/com.badlogicgames.box2dlights/box2dlights/1.4/3d77ad5b4164fb32fc67e2446e35911bb0aaf0bd/box2dlights-1.4.jar
7f99afa81000-7f99afa83000 r--s 00010000 fc:02 10619132                   /home/vostanin/.gradle/caches/modules-2/files-2.1/com.badlogicgames.gdx/gdx-box2d/1.9.2/b78eaa90aaaf7830e6dffff587ea6e859c2787b2/gdx-box2d-1.9.2.jar
7f99afa83000-7f99afa96000 rw-p 00000000 00:00 0 
7f99afa96000-7f99afa9e000 rw-s 00000000 fc:00 1050059                    /tmp/hsperfdata_vostanin/6469
7f99afa9e000-7f99afa9f000 rw-p 00000000 00:00 0 
7f99afa9f000-7f99afaa0000 r--p 00000000 00:00 0 
7f99afaa0000-7f99afaa2000 rw-p 00000000 00:00 0 
7f99afaa2000-7f99afaa3000 r--p 00022000 fc:00 132082                     /lib/x86_64-linux-gnu/ld-2.19.so
7f99afaa3000-7f99afaa4000 rw-p 00023000 fc:00 132082                     /lib/x86_64-linux-gnu/ld-2.19.so
7f99afaa4000-7f99afaa5000 rw-p 00000000 00:00 0 
7ffd88aea000-7ffd88b0c000 rw-p 00000000 00:00 0                          [stack]
7ffd88b2f000-7ffd88b31000 r--p 00000000 00:00 0                          [vvar]
7ffd88b31000-7ffd88b33000 r-xp 00000000 00:00 0                          [vdso]
ffffffffff600000-ffffffffff601000 r-xp 00000000 00:00 0                  [vsyscall]

VM Arguments:
jvm_args: -Dfile.encoding=UTF-8 
java_command: com.mygdx.game_asteroid_3d.desktop.DesktopLauncher
java_class_path (initial): /home/vostanin/AndroidStudioProjects/MyGdxGame_Asteroid_3D/desktop/bin:/home/vostanin/AndroidStudioProjects/MyGdxGame_Asteroid_3D/core/bin:/home/vostanin/.gradle/caches/modules-2/files-2.1/com.badlogicgames.gdx/gdx/1.9.2/e641cb91bec06bc64d9ddf7a7d7062caceec73cd/gdx-1.9.2.jar:/home/vostanin/.gradle/caches/modules-2/files-2.1/com.badlogicgames.gdx/gdx-box2d/1.9.2/b78eaa90aaaf7830e6dffff587ea6e859c2787b2/gdx-box2d-1.9.2.jar:/home/vostanin/.gradle/caches/modules-2/files-2.1/com.badlogicgames.box2dlights/box2dlights/1.4/3d77ad5b4164fb32fc67e2446e35911bb0aaf0bd/box2dlights-1.4.jar:/home/vostanin/.gradle/caches/modules-2/files-2.1/com.badlogicgames.gdx/gdx-freetype/1.9.2/3609253d14edb1b3ca5aacff4e06989edde75be4/gdx-freetype-1.9.2.jar:/home/vostanin/.gradle/caches/modules-2/files-2.1/com.badlogicgames.gdx/gdx-bullet/1.9.2/75f6b51bec18a82a893bb5ae4359fecd9cc7d6f4/gdx-bullet-1.9.2.jar:/home/vostanin/.gradle/caches/modules-2/files-2.1/com.badlogicgames.gdx/gdx-backend-lwjgl/1.9.2/d710a8704ed584ec2ba9ca52e3a6a5885dd759cc/gdx-backend-lwjgl-1.9.2.jar:/home/vostanin/.gradle/caches/modules-2/files-2.1/com.badlogicgames.gdx/gdx-platform/1.9.2/dde4cf7e9ce61c24042f512203aed87657496639/gdx-platform-1.9.2-natives-desktop.jar:/home/vostanin/.gradle/caches/modules-2/files-2.1/com.badlogicgames.gdx/gdx-box2d-platform/1.9.2/497cbfbf81e7e8b1e8433b19291c5af4bbc2ec66/gdx-box2d-platform-1.9.2-natives-desktop.jar:/home/vostanin/.gradle/caches/modules-2/files-2.1/com.badlogicgames.gdx/gdx-freetype-platform/1.9.2/1e1afb0b6c9e8aeb7d495cb8f55c353d3da58cf0/gdx-freetype-platform-1.9.2-natives-desktop.jar:/home/vostanin/.gradle/caches/modules-2/files-2.1/com.badlogicgames.gdx/gdx-tools/1.9.2/37d8e3009ae0febdf93717b21980c67c8cadac07/gdx-tools-1.9.2.jar:/home/vostanin/.gradle/caches/modules-2/files-2.1/com.badlogicgames.gdx/gdx-bullet-platform/1.9.2/e564d68941da54e44dfd3bfb3f8a9c349f42ff8/gdx-bullet-platform-1.9.2-natives-desktop.jar:/home/vostanin/.gradle/caches/modules-2/fi
Launcher Type: SUN_STANDARD

Environment Variables:
PATH=/home/vostanin/torch/install/bin:/home/vostanin/torch/install/bin:/home/vostanin/torch/install/bin:/home/vostanin/torch/install/bin:/usr/local/sbin:/usr/local/bin:/usr/sbin:/usr/bin:/sbin:/bin:/usr/games:/usr/local/games
LD_LIBRARY_PATH=/home/vostanin/torch/install/lib:/home/vostanin/torch/install/lib:/home/vostanin/torch/install/lib:/home/vostanin/torch/install/lib:
SHELL=
DISPLAY=:0.0
DYLD_LIBRARY_PATH=/home/vostanin/torch/install/lib:/home/vostanin/torch/install/lib:/home/vostanin/torch/install/lib:/home/vostanin/torch/install/lib:

Signal Handlers:
SIGSEGV: [libjvm.so+0xabb070], sa_mask[0]=11111111011111111101111111111110, sa_flags=SA_RESTART|SA_SIGINFO
SIGBUS: [libjvm.so+0xabb070], sa_mask[0]=11111111011111111101111111111110, sa_flags=SA_RESTART|SA_SIGINFO
SIGFPE: [libjvm.so+0x918480], sa_mask[0]=11111111011111111101111111111110, sa_flags=SA_RESTART|SA_SIGINFO
SIGPIPE: [libjvm.so+0x918480], sa_mask[0]=11111111011111111101111111111110, sa_flags=SA_RESTART|SA_SIGINFO
SIGXFSZ: [libjvm.so+0x918480], sa_mask[0]=11111111011111111101111111111110, sa_flags=SA_RESTART|SA_SIGINFO
SIGILL: [libjvm.so+0x918480], sa_mask[0]=11111111011111111101111111111110, sa_flags=SA_RESTART|SA_SIGINFO
SIGUSR1: SIG_DFL, sa_mask[0]=00000000000000000000000000000000, sa_flags=none
SIGUSR2: [libjvm.so+0x919ab0], sa_mask[0]=00100000000000000000000000000000, sa_flags=SA_RESTART|SA_SIGINFO
SIGHUP: [libjvm.so+0x91aeb0], sa_mask[0]=11111111011111111101111111111110, sa_flags=SA_RESTART|SA_SIGINFO
SIGINT: [libjvm.so+0x91aeb0], sa_mask[0]=11111111011111111101111111111110, sa_flags=SA_RESTART|SA_SIGINFO
SIGTERM: [libjvm.so+0x91aeb0], sa_mask[0]=11111111011111111101111111111110, sa_flags=SA_RESTART|SA_SIGINFO
SIGQUIT: [libjvm.so+0x91aeb0], sa_mask[0]=11111111011111111101111111111110, sa_flags=SA_RESTART|SA_SIGINFO


---------------  S Y S T E M  ---------------

OS:DISTRIB_ID=Ubuntu
DISTRIB_RELEASE=14.04
DISTRIB_CODENAME=trusty
DISTRIB_DESCRIPTION="Ubuntu 14.04.4 LTS"

uname:Linux 3.19.0-47-lowlatency #53~14.04.1-Ubuntu SMP PREEMPT Mon Jan 18 17:05:21 UTC 2016 x86_64
libc:glibc 2.19 NPTL 2.19 
rlimit: STACK 8192k, CORE 0k, NPROC 15331, NOFILE 4096, AS infinity
load average:0.37 0.57 0.67

/proc/meminfo:
MemTotal:        3956196 kB
MemFree:          359244 kB
MemAvailable:    1374996 kB
Buffers:          108752 kB
Cached:          1498108 kB
SwapCached:            0 kB
Active:          1859436 kB
Inactive:        1505888 kB
Active(anon):    1125024 kB
Inactive(anon):  1105768 kB
Active(file):     734412 kB
Inactive(file):   400120 kB
Unevictable:        7408 kB
Mlocked:            7408 kB
SwapTotal:       8200184 kB
SwapFree:        8200184 kB
Dirty:               248 kB
Writeback:             0 kB
AnonPages:       1765960 kB
Mapped:           267576 kB
Shmem:            468828 kB
Slab:             136724 kB
SReclaimable:     100324 kB
SUnreclaim:        36400 kB
KernelStack:        9616 kB
PageTables:        33020 kB
NFS_Unstable:          0 kB
Bounce:                0 kB
WritebackTmp:          0 kB
CommitLimit:    10178280 kB
Committed_AS:    4829116 kB
VmallocTotal:   34359738367 kB
VmallocUsed:      353512 kB
VmallocChunk:   34359374424 kB
HardwareCorrupted:     0 kB
AnonHugePages:    681984 kB
CmaTotal:              0 kB
CmaFree:               0 kB
HugePages_Total:       0
HugePages_Free:        0
HugePages_Rsvd:        0
HugePages_Surp:        0
Hugepagesize:       2048 kB
DirectMap4k:      190060 kB
DirectMap2M:     3913728 kB


CPU:total 4 (2 cores per cpu, 2 threads per core) family 6 model 42 stepping 7, cmov, cx8, fxsr, mmx, sse, sse2, sse3, ssse3, sse4.1, sse4.2, popcnt, avx, clmul, ht, tsc, tscinvbit

/proc/cpuinfo:
processor	: 0
vendor_id	: GenuineIntel
cpu family	: 6
model		: 42
model name	: Intel(R) Core(TM) i3-2120 CPU @ 3.30GHz
stepping	: 7
microcode	: 0x1a
cpu MHz		: 3199.968
cache size	: 3072 KB
physical id	: 0
siblings	: 4
core id		: 0
cpu cores	: 2
apicid		: 0
initial apicid	: 0
fpu		: yes
fpu_exception	: yes
cpuid level	: 13
wp		: yes
flags		: fpu vme de pse tsc msr pae mce cx8 apic sep mtrr pge mca cmov pat pse36 clflush dts acpi mmx fxsr sse sse2 ss ht tm pbe syscall nx rdtscp lm constant_tsc arch_perfmon pebs bts rep_good nopl xtopology nonstop_tsc aperfmperf eagerfpu pni pclmulqdq dtes64 monitor ds_cpl vmx est tm2 ssse3 cx16 xtpr pdcm pcid sse4_1 sse4_2 popcnt tsc_deadline_timer xsave avx lahf_lm arat epb pln pts dtherm tpr_shadow vnmi flexpriority ept vpid xsaveopt
bugs		:
bogomips	: 6583.67
clflush size	: 64
cache_alignment	: 64
address sizes	: 36 bits physical, 48 bits virtual
power management:

processor	: 1
vendor_id	: GenuineIntel
cpu family	: 6
model		: 42
model name	: Intel(R) Core(TM) i3-2120 CPU @ 3.30GHz
stepping	: 7
microcode	: 0x1a
cpu MHz		: 2704.968
cache size	: 3072 KB
physical id	: 0
siblings	: 4
core id		: 1
cpu cores	: 2
apicid		: 2
initial apicid	: 2
fpu		: yes
fpu_exception	: yes
cpuid level	: 13
wp		: yes
flags		: fpu vme de pse tsc msr pae mce cx8 apic sep mtrr pge mca cmov pat pse36 clflush dts acpi mmx fxsr sse sse2 ss ht tm pbe syscall nx rdtscp lm constant_tsc arch_perfmon pebs bts rep_good nopl xtopology nonstop_tsc aperfmperf eagerfpu pni pclmulqdq dtes64 monitor ds_cpl vmx est tm2 ssse3 cx16 xtpr pdcm pcid sse4_1 sse4_2 popcnt tsc_deadline_timer xsave avx lahf_lm arat epb pln pts dtherm tpr_shadow vnmi flexpriority ept vpid xsaveopt
bugs		:
bogomips	: 6583.67
clflush size	: 64
cache_alignment	: 64
address sizes	: 36 bits physical, 48 bits virtual
power management:

processor	: 2
vendor_id	: GenuineIntel
cpu family	: 6
model		: 42
model name	: Intel(R) Core(TM) i3-2120 CPU @ 3.30GHz
stepping	: 7
microcode	: 0x1a
cpu MHz		: 2673.386
cache size	: 3072 KB
physical id	: 0
siblings	: 4
core id		: 0
cpu cores	: 2
apicid		: 1
initial apicid	: 1
fpu		: yes
fpu_exception	: yes
cpuid level	: 13
wp		: yes
flags		: fpu vme de pse tsc msr pae mce cx8 apic sep mtrr pge mca cmov pat pse36 clflush dts acpi mmx fxsr sse sse2 ss ht tm pbe syscall nx rdtscp lm constant_tsc arch_perfmon pebs bts rep_good nopl xtopology nonstop_tsc aperfmperf eagerfpu pni pclmulqdq dtes64 monitor ds_cpl vmx est tm2 ssse3 cx16 xtpr pdcm pcid sse4_1 sse4_2 popcnt tsc_deadline_timer xsave avx lahf_lm arat epb pln pts dtherm tpr_shadow vnmi flexpriority ept vpid xsaveopt
bugs		:
bogomips	: 6583.67
clflush size	: 64
cache_alignment	: 64
address sizes	: 36 bits physical, 48 bits virtual
power management:

processor	: 3
vendor_id	: GenuineIntel
cpu family	: 6
model		: 42
model name	: Intel(R) Core(TM) i3-2120 CPU @ 3.30GHz
stepping	: 7
microcode	: 0x1a
cpu MHz		: 3199.968
cache size	: 3072 KB
physical id	: 0
siblings	: 4
core id		: 1
cpu cores	: 2
apicid		: 3
initial apicid	: 3
fpu		: yes
fpu_exception	: yes
cpuid level	: 13
wp		: yes
flags		: fpu vme de pse tsc msr pae mce cx8 apic sep mtrr pge mca cmov pat pse36 clflush dts acpi mmx fxsr sse sse2 ss ht tm pbe syscall nx rdtscp lm constant_tsc arch_perfmon pebs bts rep_good nopl xtopology nonstop_tsc aperfmperf eagerfpu pni pclmulqdq dtes64 monitor ds_cpl vmx est tm2 ssse3 cx16 xtpr pdcm pcid sse4_1 sse4_2 popcnt tsc_deadline_timer xsave avx lahf_lm arat epb pln pts dtherm tpr_shadow vnmi flexpriority ept vpid xsaveopt
bugs		:
bogomips	: 6583.67
clflush size	: 64
cache_alignment	: 64
address sizes	: 36 bits physical, 48 bits virtual
power management:



Memory: 4k page, physical 3956196k(359244k free), swap 8200184k(8200184k free)

vm_info: Java HotSpot(TM) 64-Bit Server VM (25.72-b15) for linux-amd64 JRE (1.8.0_72-b15), built on Dec 22 2015 22:00:07 by "java_re" with gcc 4.3.0 20080428 (Red Hat 4.3.0-8)

time: Thu May  5 17:53:17 2016
elapsed time: 10 seconds (0d 0h 0m 10s)

