#
# A fatal error has been detected by the Java Runtime Environment:
#
#  SIGSEGV (0xb) at pc=0x0000000000000000, pid=16715, tid=139928091989760
#
# JRE version: Java(TM) SE Runtime Environment (8.0_72-b15) (build 1.8.0_72-b15)
# Java VM: Java HotSpot(TM) 64-Bit Server VM (25.72-b15 mixed mode linux-amd64 compressed oops)
# Problematic frame:
# C  0x0000000000000000
#
# Failed to write core dump. Core dumps have been disabled. To enable core dumping, try "ulimit -c unlimited" before starting Java again
#
# If you would like to submit a bug report, please visit:
#   http://bugreport.java.com/bugreport/crash.jsp
# The crash happened outside the Java Virtual Machine in native code.
# See problematic frame for where to report the bug.
#

---------------  T H R E A D  ---------------

Current thread (0x00007f43e4427800):  JavaThread "LWJGL Application" [_thread_in_native, id=16749, stack(0x00007f438c279000,0x00007f438c37a000)]

siginfo: si_signo: 11 (SIGSEGV), si_code: 1 (SEGV_MAPERR), si_addr: 0x0000000000000000

Registers:
RAX=0x00007f437080adb0, RBX=0x00007f43707fecd0, RCX=0x00007f438c378580, RDX=0x00007f43707c5c60
RSP=0x00007f438c378518, RBP=0x00007f438c378580, RSI=0x00007f43707e5880, RDI=0x00007f43707c0570
R8 =0x0000000000000000, R9 =0x0000000000000002, R10=0x00007f43d501ce58, R11=0x00007f43eb992d80
R12=0x00007f43707e5880, R13=0x00007f43707e5880, R14=0x00007f438c378680, R15=0x00007f43e4427800
RIP=0x0000000000000000, EFLAGS=0x0000000000010202, CSGSFS=0x0000000000000033, ERR=0x0000000000000014
  TRAPNO=0x000000000000000e

Top of Stack: (sp=0x00007f438c378518)
0x00007f438c378518:   00007f437aee1979 00007f43840e65a0
0x00007f438c378528:   00007f43707c5c60 00007f43707fecd0
0x00007f438c378538:   00007f43707e5880 00007f438c378580
0x00007f438c378548:   00007f437aee03b1 00007f43e8674bf8
0x00007f438c378558:   00007f43840e1fc0 00007f438c378638
0x00007f438c378568:   0000000000000000 00007f43840e1fc0
0x00007f438c378578:   00007f437aee048f 00007f43707c0570
0x00007f438c378588:   0000000000000000 000000003e4ccccd
0x00007f438c378598:   0001000000000000 000000000000ffff
0x00007f438c3785a8:   0000000000000000 00007f438c3785b0
0x00007f438c3785b8:   00007f43d501ce84 00007f438c378680
0x00007f438c3785c8:   00007f43e86756f0 0000000000000000
0x00007f438c3785d8:   00007f43e8662cf8 0000000000000000
0x00007f438c3785e8:   00007f438c378668 00007f438c3786c8
0x00007f438c3785f8:   00007f438c3785f8 0000000000000000
0x00007f438c378608:   00007f438c378680 00007f43840e65a0
0x00007f438c378618:   0000000000000000 00007f43840e1fc0
0x00007f438c378628:   0000000000000000 00007f438c378658
0x00007f438c378638:   00007f438c3786c8 00007f43d50077e0
0x00007f438c378648:   0000000000000000 00007f43d50137d7
0x00007f438c378658:   0000000000000000 00007f43707c0570
0x00007f438c378668:   00000000ecc42750 00007f43707c5c60
0x00007f438c378678:   00007f43d5007a50 00000000ecc42750
0x00007f438c378688:   00007f438c378688 00007f43840e1eb2
0x00007f438c378698:   00007f438c378700 00007f43840e65a0
0x00007f438c3786a8:   0000000000000000 00007f43840e1f38
0x00007f438c3786b8:   00007f438c378658 00007f438c3786f0
0x00007f438c3786c8:   00007f438c378748 00007f43d5007a50
0x00007f438c3786d8:   0000000000000000 0000000000000000
0x00007f438c3786e8:   0000000000000000 0000000000000000
0x00007f438c3786f8:   00000000ecc42318 00000000ecc42750
0x00007f438c378708:   00007f438c378708 00007f43e8801b7a 

Instructions: (pc=0x0000000000000000)
0xffffffffffffffe0:   

Register to memory mapping:

RAX=0x00007f437080adb0 is an unknown value
RBX=0x00007f43707fecd0 is an unknown value
RCX=0x00007f438c378580 is pointing into the stack for thread: 0x00007f43e4427800
RDX=0x00007f43707c5c60 is an unknown value
RSP=0x00007f438c378518 is pointing into the stack for thread: 0x00007f43e4427800
RBP=0x00007f438c378580 is pointing into the stack for thread: 0x00007f43e4427800
RSI=0x00007f43707e5880 is an unknown value
RDI=0x00007f43707c0570 is an unknown value
R8 =0x0000000000000000 is an unknown value
R9 =0x0000000000000002 is an unknown value
R10=0x00007f43d501ce58 is at code_begin+1528 in an Interpreter codelet
method entry point (kind = native)  [0x00007f43d501c860, 0x00007f43d501d7a0]  3904 bytes
R11=0x00007f43eb992d80: <offset 0x9b9d80> in /usr/lib/jvm/java-8-oracle/jre/lib/amd64/server/libjvm.so at 0x00007f43eafd9000
R12=0x00007f43707e5880 is an unknown value
R13=0x00007f43707e5880 is an unknown value
R14=0x00007f438c378680 is pointing into the stack for thread: 0x00007f43e4427800
R15=0x00007f43e4427800 is a thread


Stack: [0x00007f438c279000,0x00007f438c37a000],  sp=0x00007f438c378518,  free space=1021k
Java frames: (J=compiled Java code, j=interpreted, Vv=VM code)
j  com.badlogic.gdx.physics.box2d.Body.jniCreateFixture(JJF)J+0
j  com.badlogic.gdx.physics.box2d.Body.createFixture(Lcom/badlogic/gdx/physics/box2d/Shape;F)Lcom/badlogic/gdx/physics/box2d/Fixture;+10
j  com.mygdx.game_asteroid.GameScreen.constructWallShape()V+90
j  com.mygdx.game_asteroid.GameScreen.show()V+14
j  com.badlogic.gdx.Game.setScreen(Lcom/badlogic/gdx/Screen;)V+32
j  com.mygdx.game_asteroid.MyGdxGame_Asteroid.create()V+8
j  com.badlogic.gdx.backends.lwjgl.LwjglApplication.mainLoop()V+29
j  com.badlogic.gdx.backends.lwjgl.LwjglApplication$1.run()V+27
v  ~StubRoutines::call_stub

---------------  P R O C E S S  ---------------

Java Threads: ( => current thread )
  0x00007f4370005800 JavaThread "process reaper" daemon [_thread_blocked, id=16751, stack(0x00007f43d009f000,0x00007f43d00d8000)]
  0x00007f43e400f000 JavaThread "DestroyJavaVM" [_thread_blocked, id=16718, stack(0x00007f43ecaa0000,0x00007f43ecba1000)]
=>0x00007f43e4427800 JavaThread "LWJGL Application" [_thread_in_native, id=16749, stack(0x00007f438c279000,0x00007f438c37a000)]
  0x00007f43e4379000 JavaThread "AWT-XAWT" daemon [_thread_in_native, id=16745, stack(0x00007f438ea01000,0x00007f438eb02000)]
  0x00007f43e435b800 JavaThread "Java2D Disposer" daemon [_thread_blocked, id=16744, stack(0x00007f438ef12000,0x00007f438f013000)]
  0x00007f43e40de800 JavaThread "Service Thread" daemon [_thread_blocked, id=16742, stack(0x00007f43d1322000,0x00007f43d1423000)]
  0x00007f43e40d3000 JavaThread "C1 CompilerThread2" daemon [_thread_blocked, id=16741, stack(0x00007f43d1423000,0x00007f43d1524000)]
  0x00007f43e40d1000 JavaThread "C2 CompilerThread1" daemon [_thread_blocked, id=16740, stack(0x00007f43d1524000,0x00007f43d1625000)]
  0x00007f43e40ce000 JavaThread "C2 CompilerThread0" daemon [_thread_blocked, id=16739, stack(0x00007f43d1625000,0x00007f43d1726000)]
  0x00007f43b0001000 JavaThread "JDWP Command Reader" daemon [_thread_in_native, id=16736, stack(0x00007f43d1726000,0x00007f43d1827000)]
  0x00007f43e40cc000 JavaThread "JDWP Event Helper Thread" daemon [_thread_blocked, id=16733, stack(0x00007f43d1827000,0x00007f43d1928000)]
  0x00007f43e40c8800 JavaThread "JDWP Transport Listener: dt_socket" daemon [_thread_blocked, id=16732, stack(0x00007f43d1928000,0x00007f43d1a29000)]
  0x00007f43e40bb000 JavaThread "Signal Dispatcher" daemon [_thread_blocked, id=16729, stack(0x00007f43d1c2d000,0x00007f43d1d2e000)]
  0x00007f43e4089000 JavaThread "Finalizer" daemon [_thread_blocked, id=16728, stack(0x00007f43d1d2e000,0x00007f43d1e2f000)]
  0x00007f43e4084800 JavaThread "Reference Handler" daemon [_thread_blocked, id=16727, stack(0x00007f43d1e2f000,0x00007f43d1f30000)]

Other Threads:
  0x00007f43e407c800 VMThread [stack: 0x00007f43d1f30000,0x00007f43d2031000] [id=16726]
  0x00007f43e40e1800 WatcherThread [stack: 0x00007f43d1221000,0x00007f43d1322000] [id=16743]

VM state:not at safepoint (normal execution)

VM Mutex/Monitor currently owned by a thread: None

Heap:
 PSYoungGen      total 18432K, used 14860K [0x00000000ebe00000, 0x00000000ed280000, 0x0000000100000000)
  eden space 15872K, 93% used [0x00000000ebe00000,0x00000000ecc833f8,0x00000000ecd80000)
  from space 2560K, 0% used [0x00000000ed000000,0x00000000ed000000,0x00000000ed280000)
  to   space 2560K, 0% used [0x00000000ecd80000,0x00000000ecd80000,0x00000000ed000000)
 ParOldGen       total 42496K, used 0K [0x00000000c3a00000, 0x00000000c6380000, 0x00000000ebe00000)
  object space 42496K, 0% used [0x00000000c3a00000,0x00000000c3a00000,0x00000000c6380000)
 Metaspace       used 9348K, capacity 9503K, committed 9728K, reserved 1058816K
  class space    used 906K, capacity 998K, committed 1024K, reserved 1048576K

Card table byte_map: [0x00007f43e8f9e000,0x00007f43e9182000] byte_map_base: 0x00007f43e8981000

Marking Bits: (ParMarkBitMap*) 0x00007f43ebf8e100
 Begin Bits: [0x00007f43d31d0000, 0x00007f43d40e8000)
 End Bits:   [0x00007f43d40e8000, 0x00007f43d5000000)

Polling page: 0x00007f43ecbd5000

CodeCache: size=245760Kb used=2578Kb max_used=2589Kb free=243181Kb
 bounds [0x00007f43d5000000, 0x00007f43d5290000, 0x00007f43e4000000]
 total_blobs=1152 nmethods=568 adapters=506
 compilation: enabled

Compilation events (10 events):
Event: 0.831 Thread 0x00007f43e40d3000 nmethod 564 0x00007f43d527e350 code [0x00007f43d527e600, 0x00007f43d527fae8]
Event: 0.831 Thread 0x00007f43e40d3000  565       3       sun.net.www.protocol.jar.Handler::parseContextSpec (154 bytes)
Event: 0.833 Thread 0x00007f43e40d3000 nmethod 565 0x00007f43d52805d0 code [0x00007f43d52809c0, 0x00007f43d52830c8]
Event: 0.833 Thread 0x00007f43e40d3000  566       3       sun.net.www.protocol.jar.Handler::indexOfBangSlash (52 bytes)
Event: 0.834 Thread 0x00007f43e40d3000 nmethod 566 0x00007f43d5279750 code [0x00007f43d5279920, 0x00007f43d527a058]
Event: 0.834 Thread 0x00007f43e40d3000  567       3       java.util.zip.ZipEntry::<init> (146 bytes)
Event: 0.834 Thread 0x00007f43e40d3000 nmethod 567 0x00007f43d5284450 code [0x00007f43d52845e0, 0x00007f43d5284a08]
Event: 0.841 Thread 0x00007f43e40ce000 nmethod 563 0x00007f43d5287d10 code [0x00007f43d5287e80, 0x00007f43d52883b8]
Event: 11.267 Thread 0x00007f43e40d3000  568       3       java.util.concurrent.locks.AbstractQueuedSynchronizer::setState (6 bytes)
Event: 11.267 Thread 0x00007f43e40d3000 nmethod 568 0x00007f43d5279450 code [0x00007f43d52795a0, 0x00007f43d52796f0]

GC Heap History (0 events):
No events

Deoptimization events (3 events):
Event: 0.216 Thread 0x00007f43e400f000 Uncommon trap: reason=unstable_if action=reinterpret pc=0x00007f43d5130b60 method=java.lang.String.indexOf(II)I @ 49
Event: 0.502 Thread 0x00007f43e4427800 Uncommon trap: reason=unstable_if action=reinterpret pc=0x00007f43d51a6af4 method=java.lang.String.replace(CC)Ljava/lang/String; @ 26
Event: 0.720 Thread 0x00007f43e4427800 Uncommon trap: reason=unstable_if action=reinterpret pc=0x00007f43d51ff0d4 method=java.lang.String.<init>([CII)V @ 18

Internal exceptions (10 events):
Event: 0.401 Thread 0x00007f43e400f000 Exception <a 'java/security/PrivilegedActionException'> (0x00000000ec3823f8) thrown at [/HUDSON/workspace/8-2-build-linux-amd64/jdk8u72/5732/hotspot/src/share/vm/prims/jvm.cpp, line 1386]
Event: 0.401 Thread 0x00007f43e400f000 Exception <a 'java/security/PrivilegedActionException'> (0x00000000ec383050) thrown at [/HUDSON/workspace/8-2-build-linux-amd64/jdk8u72/5732/hotspot/src/share/vm/prims/jvm.cpp, line 1386]
Event: 0.401 Thread 0x00007f43e400f000 Exception <a 'java/security/PrivilegedActionException'> (0x00000000ec383c78) thrown at [/HUDSON/workspace/8-2-build-linux-amd64/jdk8u72/5732/hotspot/src/share/vm/prims/jvm.cpp, line 1386]
Event: 0.402 Thread 0x00007f43e400f000 Exception <a 'java/security/PrivilegedActionException'> (0x00000000ec386280) thrown at [/HUDSON/workspace/8-2-build-linux-amd64/jdk8u72/5732/hotspot/src/share/vm/prims/jvm.cpp, line 1386]
Event: 0.402 Thread 0x00007f43e400f000 Exception <a 'java/security/PrivilegedActionException'> (0x00000000ec386ed8) thrown at [/HUDSON/workspace/8-2-build-linux-amd64/jdk8u72/5732/hotspot/src/share/vm/prims/jvm.cpp, line 1386]
Event: 0.402 Thread 0x00007f43e400f000 Exception <a 'java/security/PrivilegedActionException'> (0x00000000ec387b00) thrown at [/HUDSON/workspace/8-2-build-linux-amd64/jdk8u72/5732/hotspot/src/share/vm/prims/jvm.cpp, line 1386]
Event: 0.402 Thread 0x00007f43e400f000 Exception <a 'java/security/PrivilegedActionException'> (0x00000000ec389f50) thrown at [/HUDSON/workspace/8-2-build-linux-amd64/jdk8u72/5732/hotspot/src/share/vm/prims/jvm.cpp, line 1386]
Event: 0.402 Thread 0x00007f43e400f000 Exception <a 'java/security/PrivilegedActionException'> (0x00000000ec38aba8) thrown at [/HUDSON/workspace/8-2-build-linux-amd64/jdk8u72/5732/hotspot/src/share/vm/prims/jvm.cpp, line 1386]
Event: 0.402 Thread 0x00007f43e400f000 Exception <a 'java/security/PrivilegedActionException'> (0x00000000ec38b7d0) thrown at [/HUDSON/workspace/8-2-build-linux-amd64/jdk8u72/5732/hotspot/src/share/vm/prims/jvm.cpp, line 1386]
Event: 0.512 Thread 0x00007f43e4427800 Exception <a 'java/lang/NoClassDefFoundError': org/lwjgl/opengles/GLContext> (0x00000000ec6c3e08) thrown at [/HUDSON/workspace/8-2-build-linux-amd64/jdk8u72/5732/hotspot/src/share/vm/classfile/systemDictionary.cpp, line 199]

Events (10 events):
Event: 12.735 Executing VM operation: ChangeSingleStep
Event: 12.735 Executing VM operation: ChangeSingleStep done
Event: 12.735 Executing VM operation: GetCurrentLocation
Event: 12.735 Executing VM operation: GetCurrentLocation done
Event: 12.735 Executing VM operation: ChangeSingleStep
Event: 12.735 Executing VM operation: ChangeSingleStep done
Event: 12.735 Executing VM operation: ChangeSingleStep
Event: 12.735 Executing VM operation: ChangeSingleStep done
Event: 12.764 Executing VM operation: GetOrSetLocal
Event: 12.764 Executing VM operation: GetOrSetLocal done


Dynamic libraries:
00400000-00401000 r-xp 00000000 fc:00 951317                             /usr/lib/jvm/java-8-oracle/bin/java
00600000-00601000 rw-p 00000000 fc:00 951317                             /usr/lib/jvm/java-8-oracle/bin/java
00b56000-00b77000 rw-p 00000000 00:00 0                                  [heap]
c3a00000-c6380000 rw-p 00000000 00:00 0 
c6380000-ebe00000 ---p 00000000 00:00 0 
ebe00000-ed280000 rw-p 00000000 00:00 0 
ed280000-100000000 ---p 00000000 00:00 0 
100000000-100100000 rw-p 00000000 00:00 0 
100100000-140000000 ---p 00000000 00:00 0 
7f4364000000-7f4364021000 rw-p 00000000 00:00 0 
7f4364021000-7f4368000000 ---p 00000000 00:00 0 
7f436c000000-7f436c021000 rw-p 00000000 00:00 0 
7f436c021000-7f4370000000 ---p 00000000 00:00 0 
7f4370000000-7f437080f000 rw-p 00000000 00:00 0 
7f437080f000-7f4374000000 ---p 00000000 00:00 0 
7f4374000000-7f4374021000 rw-p 00000000 00:00 0 
7f4374021000-7f4378000000 ---p 00000000 00:00 0 
7f437aeac000-7f437aef8000 r-xp 00000000 fc:00 1048458                    /tmp/libgdxvostanin/72da4579/libgdx-box2d64.so
7f437aef8000-7f437b0f7000 ---p 0004c000 fc:00 1048458                    /tmp/libgdxvostanin/72da4579/libgdx-box2d64.so
7f437b0f7000-7f437b0f9000 r--p 0004b000 fc:00 1048458                    /tmp/libgdxvostanin/72da4579/libgdx-box2d64.so
7f437b0f9000-7f437b0fa000 rw-p 0004d000 fc:00 1048458                    /tmp/libgdxvostanin/72da4579/libgdx-box2d64.so
7f437b0fa000-7f437bfff000 rw-p 00000000 00:00 0 
7f437bfff000-7f4380000000 rw-s 00000000 00:16 452621                     /run/shm/pulse-shm-111062302
7f4380000000-7f4380021000 rw-p 00000000 00:00 0 
7f4380021000-7f4384000000 ---p 00000000 00:00 0 
7f438409f000-7f438411f000 rw-p 00000000 00:00 0 
7f438411f000-7f438429f000 ---p 00000000 00:00 0 
7f438429f000-7f4384538000 rw-p 00000000 00:00 0 
7f4384538000-7f438456f000 r-xp 00000000 fc:00 922552                     /usr/lib/x86_64-linux-gnu/libtxc_dxtn_s2tc.so.0.0.0
7f438456f000-7f438476e000 ---p 00037000 fc:00 922552                     /usr/lib/x86_64-linux-gnu/libtxc_dxtn_s2tc.so.0.0.0
7f438476e000-7f438476f000 r--p 00036000 fc:00 922552                     /usr/lib/x86_64-linux-gnu/libtxc_dxtn_s2tc.so.0.0.0
7f438476f000-7f4384770000 rw-p 00037000 fc:00 922552                     /usr/lib/x86_64-linux-gnu/libtxc_dxtn_s2tc.so.0.0.0
7f4384770000-7f4384788000 r-xp 00000000 fc:00 131064                     /lib/x86_64-linux-gnu/libz.so.1.2.8
7f4384788000-7f4384987000 ---p 00018000 fc:00 131064                     /lib/x86_64-linux-gnu/libz.so.1.2.8
7f4384987000-7f4384988000 r--p 00017000 fc:00 131064                     /lib/x86_64-linux-gnu/libz.so.1.2.8
7f4384988000-7f4384989000 rw-p 00018000 fc:00 131064                     /lib/x86_64-linux-gnu/libz.so.1.2.8
7f4384989000-7f4384991000 r-xp 00000000 fc:00 919456                     /usr/lib/x86_64-linux-gnu/libpciaccess.so.0.11.1
7f4384991000-7f4384b90000 ---p 00008000 fc:00 919456                     /usr/lib/x86_64-linux-gnu/libpciaccess.so.0.11.1
7f4384b90000-7f4384b91000 r--p 00007000 fc:00 919456                     /usr/lib/x86_64-linux-gnu/libpciaccess.so.0.11.1
7f4384b91000-7f4384b92000 rw-p 00008000 fc:00 919456                     /usr/lib/x86_64-linux-gnu/libpciaccess.so.0.11.1
7f4384b92000-7f4384bb9000 r-xp 00000000 fc:00 132025                     /lib/x86_64-linux-gnu/libexpat.so.1.6.0
7f4384bb9000-7f4384db9000 ---p 00027000 fc:00 132025                     /lib/x86_64-linux-gnu/libexpat.so.1.6.0
7f4384db9000-7f4384dbb000 r--p 00027000 fc:00 132025                     /lib/x86_64-linux-gnu/libexpat.so.1.6.0
7f4384dbb000-7f4384dbc000 rw-p 00029000 fc:00 132025                     /lib/x86_64-linux-gnu/libexpat.so.1.6.0
7f4384dbc000-7f4384dc8000 r-xp 00000000 fc:00 919463                     /usr/lib/x86_64-linux-gnu/libdrm_radeon.so.1.0.1
7f4384dc8000-7f4384fc7000 ---p 0000c000 fc:00 919463                     /usr/lib/x86_64-linux-gnu/libdrm_radeon.so.1.0.1
7f4384fc7000-7f4384fc8000 r--p 0000b000 fc:00 919463                     /usr/lib/x86_64-linux-gnu/libdrm_radeon.so.1.0.1
7f4384fc8000-7f4384fc9000 rw-p 0000c000 fc:00 919463                     /usr/lib/x86_64-linux-gnu/libdrm_radeon.so.1.0.1
7f4384fc9000-7f4384fcf000 r-xp 00000000 fc:00 919461                     /usr/lib/x86_64-linux-gnu/libdrm_nouveau.so.2.0.0
7f4384fcf000-7f43851ce000 ---p 00006000 fc:00 919461                     /usr/lib/x86_64-linux-gnu/libdrm_nouveau.so.2.0.0
7f43851ce000-7f43851cf000 r--p 00005000 fc:00 919461                     /usr/lib/x86_64-linux-gnu/libdrm_nouveau.so.2.0.0
7f43851cf000-7f43851d0000 rw-p 00006000 fc:00 919461                     /usr/lib/x86_64-linux-gnu/libdrm_nouveau.so.2.0.0
7f43851d0000-7f43851f0000 r-xp 00000000 fc:00 919458                     /usr/lib/x86_64-linux-gnu/libdrm_intel.so.1.0.0
7f43851f0000-7f43853ef000 ---p 00020000 fc:00 919458                     /usr/lib/x86_64-linux-gnu/libdrm_intel.so.1.0.0
7f43853ef000-7f43853f0000 r--p 0001f000 fc:00 919458                     /usr/lib/x86_64-linux-gnu/libdrm_intel.so.1.0.0
7f43853f0000-7f43853f1000 rw-p 00020000 fc:00 919458                     /usr/lib/x86_64-linux-gnu/libdrm_intel.so.1.0.0
7f43853f1000-7f43858e0000 r-xp 00000000 fc:00 928033                     /usr/lib/x86_64-linux-gnu/dri/i965_dri.so
7f43858e0000-7f4385ae0000 ---p 004ef000 fc:00 928033                     /usr/lib/x86_64-linux-gnu/dri/i965_dri.so
7f4385ae0000-7f4385af7000 r--p 004ef000 fc:00 928033                     /usr/lib/x86_64-linux-gnu/dri/i965_dri.so
7f4385af7000-7f4385b03000 rw-p 00506000 fc:00 928033                     /usr/lib/x86_64-linux-gnu/dri/i965_dri.so
7f4385b03000-7f4385b4f000 rw-p 00000000 00:00 0 
7f4385b4f000-7f4385b57000 r-xp 00000000 fc:00 130897                     /lib/x86_64-linux-gnu/libnih-dbus.so.1.0.0
7f4385b57000-7f4385d57000 ---p 00008000 fc:00 130897                     /lib/x86_64-linux-gnu/libnih-dbus.so.1.0.0
7f4385d57000-7f4385d58000 r--p 00008000 fc:00 130897                     /lib/x86_64-linux-gnu/libnih-dbus.so.1.0.0
7f4385d58000-7f4385d59000 rw-p 00009000 fc:00 130897                     /lib/x86_64-linux-gnu/libnih-dbus.so.1.0.0
7f4385d59000-7f4385d70000 r-xp 00000000 fc:00 130899                     /lib/x86_64-linux-gnu/libnih.so.1.0.0
7f4385d70000-7f4385f6f000 ---p 00017000 fc:00 130899                     /lib/x86_64-linux-gnu/libnih.so.1.0.0
7f4385f6f000-7f4385f70000 r--p 00016000 fc:00 130899                     /lib/x86_64-linux-gnu/libnih.so.1.0.0
7f4385f70000-7f4385f71000 rw-p 00017000 fc:00 130899                     /lib/x86_64-linux-gnu/libnih.so.1.0.0
7f4385f71000-7f4385f8a000 r-xp 00000000 fc:00 145705                     /lib/x86_64-linux-gnu/libcgmanager.so.0.0.0
7f4385f8a000-7f4386189000 ---p 00019000 fc:00 145705                     /lib/x86_64-linux-gnu/libcgmanager.so.0.0.0
7f4386189000-7f438618b000 r--p 00018000 fc:00 145705                     /lib/x86_64-linux-gnu/libcgmanager.so.0.0.0
7f438618b000-7f438618c000 rw-p 0001a000 fc:00 145705                     /lib/x86_64-linux-gnu/libcgmanager.so.0.0.0
7f438618c000-7f438619c000 r-xp 00000000 fc:00 141141                     /lib/x86_64-linux-gnu/libudev.so.1.3.5
7f438619c000-7f438639b000 ---p 00010000 fc:00 141141                     /lib/x86_64-linux-gnu/libudev.so.1.3.5
7f438639b000-7f438639c000 r--p 0000f000 fc:00 141141                     /lib/x86_64-linux-gnu/libudev.so.1.3.5
7f438639c000-7f438639d000 rw-p 00010000 fc:00 141141                     /lib/x86_64-linux-gnu/libudev.so.1.3.5
7f438639d000-7f43863a8000 r-xp 00000000 fc:00 920221                     /usr/lib/x86_64-linux-gnu/libdrm.so.2.4.0
7f43863a8000-7f43865a7000 ---p 0000b000 fc:00 920221                     /usr/lib/x86_64-linux-gnu/libdrm.so.2.4.0
7f43865a7000-7f43865a8000 r--p 0000a000 fc:00 920221                     /usr/lib/x86_64-linux-gnu/libdrm.so.2.4.0
7f43865a8000-7f43865a9000 rw-p 0000b000 fc:00 920221                     /usr/lib/x86_64-linux-gnu/libdrm.so.2.4.0
7f43865a9000-7f43865aa000 r-xp 00000000 fc:00 919547                     /usr/lib/x86_64-linux-gnu/libxshmfence.so.1.0.0
7f43865aa000-7f43867a9000 ---p 00001000 fc:00 919547                     /usr/lib/x86_64-linux-gnu/libxshmfence.so.1.0.0
7f43867a9000-7f43867aa000 r--p 00000000 fc:00 919547                     /usr/lib/x86_64-linux-gnu/libxshmfence.so.1.0.0
7f43867aa000-7f43867ab000 rw-p 00001000 fc:00 919547                     /usr/lib/x86_64-linux-gnu/libxshmfence.so.1.0.0
7f43867ab000-7f43867b0000 r-xp 00000000 fc:00 919543                     /usr/lib/x86_64-linux-gnu/libxcb-sync.so.1.0.0
7f43867b0000-7f43869af000 ---p 00005000 fc:00 919543                     /usr/lib/x86_64-linux-gnu/libxcb-sync.so.1.0.0
7f43869af000-7f43869b0000 r--p 00004000 fc:00 919543                     /usr/lib/x86_64-linux-gnu/libxcb-sync.so.1.0.0
7f43869b0000-7f43869b1000 rw-p 00005000 fc:00 919543                     /usr/lib/x86_64-linux-gnu/libxcb-sync.so.1.0.0
7f43869b1000-7f43869b3000 r-xp 00000000 fc:00 919541                     /usr/lib/x86_64-linux-gnu/libxcb-present.so.0.0.0
7f43869b3000-7f4386bb2000 ---p 00002000 fc:00 919541                     /usr/lib/x86_64-linux-gnu/libxcb-present.so.0.0.0
7f4386bb2000-7f4386bb3000 r--p 00001000 fc:00 919541                     /usr/lib/x86_64-linux-gnu/libxcb-present.so.0.0.0
7f4386bb3000-7f4386bb4000 rw-p 00002000 fc:00 919541                     /usr/lib/x86_64-linux-gnu/libxcb-present.so.0.0.0
7f4386bb4000-7f4386bb6000 r-xp 00000000 fc:00 919537                     /usr/lib/x86_64-linux-gnu/libxcb-dri3.so.0.0.0
7f4386bb6000-7f4386db5000 ---p 00002000 fc:00 919537                     /usr/lib/x86_64-linux-gnu/libxcb-dri3.so.0.0.0
7f4386db5000-7f4386db6000 r--p 00001000 fc:00 919537                     /usr/lib/x86_64-linux-gnu/libxcb-dri3.so.0.0.0
7f4386db6000-7f4386db7000 rw-p 00002000 fc:00 919537                     /usr/lib/x86_64-linux-gnu/libxcb-dri3.so.0.0.0
7f4386db7000-7f4386dba000 r-xp 00000000 fc:00 919492                     /usr/lib/x86_64-linux-gnu/libxcb-dri2.so.0.0.0
7f4386dba000-7f4386fba000 ---p 00003000 fc:00 919492                     /usr/lib/x86_64-linux-gnu/libxcb-dri2.so.0.0.0
7f4386fba000-7f4386fbb000 r--p 00003000 fc:00 919492                     /usr/lib/x86_64-linux-gnu/libxcb-dri2.so.0.0.0
7f4386fbb000-7f4386fbc000 rw-p 00004000 fc:00 919492                     /usr/lib/x86_64-linux-gnu/libxcb-dri2.so.0.0.0
7f4386fbc000-7f4386fd1000 r-xp 00000000 fc:00 919539                     /usr/lib/x86_64-linux-gnu/libxcb-glx.so.0.0.0
7f4386fd1000-7f43871d0000 ---p 00015000 fc:00 919539                     /usr/lib/x86_64-linux-gnu/libxcb-glx.so.0.0.0
7f43871d0000-7f43871d2000 r--p 00014000 fc:00 919539                     /usr/lib/x86_64-linux-gnu/libxcb-glx.so.0.0.0
7f43871d2000-7f43871d3000 rw-p 00016000 fc:00 919539                     /usr/lib/x86_64-linux-gnu/libxcb-glx.so.0.0.0
7f43871d3000-7f43871d4000 r-xp 00000000 fc:00 919501                     /usr/lib/x86_64-linux-gnu/libX11-xcb.so.1.0.0
7f43871d4000-7f43873d3000 ---p 00001000 fc:00 919501                     /usr/lib/x86_64-linux-gnu/libX11-xcb.so.1.0.0
7f43873d3000-7f43873d4000 r--p 00000000 fc:00 919501                     /usr/lib/x86_64-linux-gnu/libX11-xcb.so.1.0.0
7f43873d4000-7f43873d5000 rw-p 00001000 fc:00 919501                     /usr/lib/x86_64-linux-gnu/libX11-xcb.so.1.0.0
7f43873d5000-7f43873d7000 r-xp 00000000 fc:00 919545                     /usr/lib/x86_64-linux-gnu/libXdamage.so.1.1.0
7f43873d7000-7f43875d6000 ---p 00002000 fc:00 919545                     /usr/lib/x86_64-linux-gnu/libXdamage.so.1.1.0
7f43875d6000-7f43875d7000 r--p 00001000 fc:00 919545                     /usr/lib/x86_64-linux-gnu/libXdamage.so.1.1.0
7f43875d7000-7f43875d8000 rw-p 00002000 fc:00 919545                     /usr/lib/x86_64-linux-gnu/libXdamage.so.1.1.0
7f43875d8000-7f43875fa000 r-xp 00000000 fc:00 938813                     /usr/lib/x86_64-linux-gnu/libglapi.so.0.0.0
7f43875fa000-7f43877fa000 ---p 00022000 fc:00 938813                     /usr/lib/x86_64-linux-gnu/libglapi.so.0.0.0
7f43877fa000-7f43877fd000 r--p 00022000 fc:00 938813                     /usr/lib/x86_64-linux-gnu/libglapi.so.0.0.0
7f43877fd000-7f43877fe000 rw-p 00025000 fc:00 938813                     /usr/lib/x86_64-linux-gnu/libglapi.so.0.0.0
7f43877fe000-7f43877ff000 rw-p 00000000 00:00 0 
7f43877ff000-7f4387800000 ---p 00000000 00:00 0 
7f4387800000-7f4388000000 rw-p 00000000 00:00 0                          [stack:16747]
7f4388000000-7f4388021000 rw-p 00000000 00:00 0 
7f4388021000-7f438c000000 ---p 00000000 00:00 0 
7f438c013000-7f438c075000 r-xp 00000000 fc:00 919496                     /usr/lib/x86_64-linux-gnu/mesa/libGL.so.1.2.0
7f438c075000-7f438c274000 ---p 00062000 fc:00 919496                     /usr/lib/x86_64-linux-gnu/mesa/libGL.so.1.2.0
7f438c274000-7f438c277000 r--p 00061000 fc:00 919496                     /usr/lib/x86_64-linux-gnu/mesa/libGL.so.1.2.0
7f438c277000-7f438c278000 rw-p 00064000 fc:00 919496                     /usr/lib/x86_64-linux-gnu/mesa/libGL.so.1.2.0
7f438c278000-7f438c279000 rw-p 00000000 00:00 0 
7f438c279000-7f438c27c000 ---p 00000000 00:00 0 
7f438c27c000-7f438c37a000 rw-p 00000000 00:00 0                          [stack:16749]
7f438c37a000-7f438c37b000 ---p 00000000 00:00 0 
7f438c37b000-7f438c47b000 rw-p 00000000 00:00 0                          [stack:16748]
7f438c47b000-7f438c492000 r-xp 00000000 fc:00 131097                     /lib/x86_64-linux-gnu/libresolv-2.19.so
7f438c492000-7f438c692000 ---p 00017000 fc:00 131097                     /lib/x86_64-linux-gnu/libresolv-2.19.so
7f438c692000-7f438c693000 r--p 00017000 fc:00 131097                     /lib/x86_64-linux-gnu/libresolv-2.19.so
7f438c693000-7f438c694000 rw-p 00018000 fc:00 131097                     /lib/x86_64-linux-gnu/libresolv-2.19.so
7f438c694000-7f438c696000 rw-p 00000000 00:00 0 
7f438c696000-7f438c69d000 r-xp 00000000 fc:00 927563                     /usr/lib/x86_64-linux-gnu/libogg.so.0.8.1
7f438c69d000-7f438c89d000 ---p 00007000 fc:00 927563                     /usr/lib/x86_64-linux-gnu/libogg.so.0.8.1
7f438c89d000-7f438c89e000 r--p 00007000 fc:00 927563                     /usr/lib/x86_64-linux-gnu/libogg.so.0.8.1
7f438c89e000-7f438c89f000 rw-p 00008000 fc:00 927563                     /usr/lib/x86_64-linux-gnu/libogg.so.0.8.1
7f438c89f000-7f438c8ce000 r-xp 00000000 fc:00 922938                     /usr/lib/x86_64-linux-gnu/libvorbis.so.0.4.7
7f438c8ce000-7f438cacd000 ---p 0002f000 fc:00 922938                     /usr/lib/x86_64-linux-gnu/libvorbis.so.0.4.7
7f438cacd000-7f438cace000 r--p 0002e000 fc:00 922938                     /usr/lib/x86_64-linux-gnu/libvorbis.so.0.4.7
7f438cace000-7f438cacf000 rw-p 0002f000 fc:00 922938                     /usr/lib/x86_64-linux-gnu/libvorbis.so.0.4.7
7f438cacf000-7f438cb5f000 r-xp 00000000 fc:00 922916                     /usr/lib/x86_64-linux-gnu/libvorbisenc.so.2.0.10
7f438cb5f000-7f438cd5e000 ---p 00090000 fc:00 922916                     /usr/lib/x86_64-linux-gnu/libvorbisenc.so.2.0.10
7f438cd5e000-7f438cd7a000 r--p 0008f000 fc:00 922916                     /usr/lib/x86_64-linux-gnu/libvorbisenc.so.2.0.10
7f438cd7a000-7f438cd7b000 rw-p 000ab000 fc:00 922916                     /usr/lib/x86_64-linux-gnu/libvorbisenc.so.2.0.10
7f438cd7b000-7f438cdab000 r-xp 00000000 fc:00 927584                     /usr/lib/x86_64-linux-gnu/libFLAC.so.8.3.0
7f438cdab000-7f438cfaa000 ---p 00030000 fc:00 927584                     /usr/lib/x86_64-linux-gnu/libFLAC.so.8.3.0
7f438cfaa000-7f438cfab000 r--p 0002f000 fc:00 927584                     /usr/lib/x86_64-linux-gnu/libFLAC.so.8.3.0
7f438cfab000-7f438cfac000 rw-p 00030000 fc:00 927584                     /usr/lib/x86_64-linux-gnu/libFLAC.so.8.3.0
7f438cfac000-7f438cfb1000 r-xp 00000000 fc:00 927915                     /usr/lib/x86_64-linux-gnu/libasyncns.so.0.3.1
7f438cfb1000-7f438d1b0000 ---p 00005000 fc:00 927915                     /usr/lib/x86_64-linux-gnu/libasyncns.so.0.3.1
7f438d1b0000-7f438d1b1000 r--p 00004000 fc:00 927915                     /usr/lib/x86_64-linux-gnu/libasyncns.so.0.3.1
7f438d1b1000-7f438d1b2000 rw-p 00005000 fc:00 927915                     /usr/lib/x86_64-linux-gnu/libasyncns.so.0.3.1
7f438d1b2000-7f438d213000 r-xp 00000000 fc:00 928197                     /usr/lib/x86_64-linux-gnu/libsndfile.so.1.0.25
7f438d213000-7f438d413000 ---p 00061000 fc:00 928197                     /usr/lib/x86_64-linux-gnu/libsndfile.so.1.0.25
7f438d413000-7f438d415000 r--p 00061000 fc:00 928197                     /usr/lib/x86_64-linux-gnu/libsndfile.so.1.0.25
7f438d415000-7f438d416000 rw-p 00063000 fc:00 928197                     /usr/lib/x86_64-linux-gnu/libsndfile.so.1.0.25
7f438d416000-7f438d41a000 rw-p 00000000 00:00 0 
7f438d41a000-7f438d422000 r-xp 00000000 fc:00 137829                     /lib/x86_64-linux-gnu/libwrap.so.0.7.6
7f438d422000-7f438d621000 ---p 00008000 fc:00 137829                     /lib/x86_64-linux-gnu/libwrap.so.0.7.6
7f438d621000-7f438d622000 r--p 00007000 fc:00 137829                     /lib/x86_64-linux-gnu/libwrap.so.0.7.6
7f438d622000-7f438d623000 rw-p 00008000 fc:00 137829                     /lib/x86_64-linux-gnu/libwrap.so.0.7.6
7f438d623000-7f438d624000 rw-p 00000000 00:00 0 
7f438d624000-7f438d668000 r-xp 00000000 fc:00 130822                     /lib/x86_64-linux-gnu/libdbus-1.so.3.7.6
7f438d668000-7f438d867000 ---p 00044000 fc:00 130822                     /lib/x86_64-linux-gnu/libdbus-1.so.3.7.6
7f438d867000-7f438d868000 r--p 00043000 fc:00 130822                     /lib/x86_64-linux-gnu/libdbus-1.so.3.7.6
7f438d868000-7f438d869000 rw-p 00044000 fc:00 130822                     /lib/x86_64-linux-gnu/libdbus-1.so.3.7.6
7f438d869000-7f438d8cf000 r-xp 00000000 fc:00 1057117                    /usr/lib/x86_64-linux-gnu/pulseaudio/libpulsecommon-4.0.so
7f438d8cf000-7f438dace000 ---p 00066000 fc:00 1057117                    /usr/lib/x86_64-linux-gnu/pulseaudio/libpulsecommon-4.0.so
7f438dace000-7f438dacf000 r--p 00065000 fc:00 1057117                    /usr/lib/x86_64-linux-gnu/pulseaudio/libpulsecommon-4.0.so
7f438dacf000-7f438dad0000 rw-p 00066000 fc:00 1057117                    /usr/lib/x86_64-linux-gnu/pulseaudio/libpulsecommon-4.0.so
7f438dad0000-7f438dada000 r-xp 00000000 fc:00 130847                     /lib/x86_64-linux-gnu/libjson-c.so.2.0.0
7f438dada000-7f438dcd9000 ---p 0000a000 fc:00 130847                     /lib/x86_64-linux-gnu/libjson-c.so.2.0.0
7f438dcd9000-7f438dcda000 r--p 00009000 fc:00 130847                     /lib/x86_64-linux-gnu/libjson-c.so.2.0.0
7f438dcda000-7f438dcdb000 rw-p 0000a000 fc:00 130847                     /lib/x86_64-linux-gnu/libjson-c.so.2.0.0
7f438dcdb000-7f438dd22000 r-xp 00000000 fc:00 927931                     /usr/lib/x86_64-linux-gnu/libpulse.so.0.16.2
7f438dd22000-7f438df22000 ---p 00047000 fc:00 927931                     /usr/lib/x86_64-linux-gnu/libpulse.so.0.16.2
7f438df22000-7f438df23000 r--p 00047000 fc:00 927931                     /usr/lib/x86_64-linux-gnu/libpulse.so.0.16.2
7f438df23000-7f438df24000 rw-p 00048000 fc:00 927931                     /usr/lib/x86_64-linux-gnu/libpulse.so.0.16.2
7f438df24000-7f438df79000 r-xp 00000000 fc:00 1048412                    /tmp/libgdxvostanin/31ce78a2/libopenal64.so
7f438df79000-7f438e178000 ---p 00055000 fc:00 1048412                    /tmp/libgdxvostanin/31ce78a2/libopenal64.so
7f438e178000-7f438e17b000 r--p 00054000 fc:00 1048412                    /tmp/libgdxvostanin/31ce78a2/libopenal64.so
7f438e17b000-7f438e17c000 rw-p 00057000 fc:00 1048412                    /tmp/libgdxvostanin/31ce78a2/libopenal64.so
7f438e17c000-7f438e17d000 rw-p 00000000 00:00 0 
7f438e17d000-7f438e181000 r-xp 00000000 fc:00 919549                     /usr/lib/x86_64-linux-gnu/libXxf86vm.so.1.0.0
7f438e181000-7f438e381000 ---p 00004000 fc:00 919549                     /usr/lib/x86_64-linux-gnu/libXxf86vm.so.1.0.0
7f438e381000-7f438e382000 r--p 00004000 fc:00 919549                     /usr/lib/x86_64-linux-gnu/libXxf86vm.so.1.0.0
7f438e382000-7f438e383000 rw-p 00005000 fc:00 919549                     /usr/lib/x86_64-linux-gnu/libXxf86vm.so.1.0.0
7f438e383000-7f438e38c000 r-xp 00000000 fc:00 922544                     /usr/lib/x86_64-linux-gnu/libXrandr.so.2.2.0
7f438e38c000-7f438e58b000 ---p 00009000 fc:00 922544                     /usr/lib/x86_64-linux-gnu/libXrandr.so.2.2.0
7f438e58b000-7f438e58c000 r--p 00008000 fc:00 922544                     /usr/lib/x86_64-linux-gnu/libXrandr.so.2.2.0
7f438e58c000-7f438e58d000 rw-p 00009000 fc:00 922544                     /usr/lib/x86_64-linux-gnu/libXrandr.so.2.2.0
7f438e58d000-7f438e5fd000 r-xp 00000000 fc:00 1048409                    /tmp/libgdxvostanin/31ce78a2/liblwjgl64.so
7f438e5fd000-7f438e7fd000 ---p 00070000 fc:00 1048409                    /tmp/libgdxvostanin/31ce78a2/liblwjgl64.so
7f438e7fd000-7f438e7ff000 r--p 00070000 fc:00 1048409                    /tmp/libgdxvostanin/31ce78a2/liblwjgl64.so
7f438e7ff000-7f438e800000 rw-p 00072000 fc:00 1048409                    /tmp/libgdxvostanin/31ce78a2/liblwjgl64.so
7f438e800000-7f438e801000 r-xp 00000000 fc:00 959697                     /usr/lib/jvm/java-8-oracle/jre/lib/amd64/libjawt.so
7f438e801000-7f438ea00000 ---p 00001000 fc:00 959697                     /usr/lib/jvm/java-8-oracle/jre/lib/amd64/libjawt.so
7f438ea00000-7f438ea01000 rw-p 00000000 fc:00 959697                     /usr/lib/jvm/java-8-oracle/jre/lib/amd64/libjawt.so
7f438ea01000-7f438ea04000 ---p 00000000 00:00 0 
7f438ea04000-7f438eb02000 rw-p 00000000 00:00 0                          [stack:16745]
7f438eb02000-7f438eb07000 r-xp 00000000 fc:00 919525                     /usr/lib/x86_64-linux-gnu/libXfixes.so.3.1.0
7f438eb07000-7f438ed06000 ---p 00005000 fc:00 919525                     /usr/lib/x86_64-linux-gnu/libXfixes.so.3.1.0
7f438ed06000-7f438ed07000 r--p 00004000 fc:00 919525                     /usr/lib/x86_64-linux-gnu/libXfixes.so.3.1.0
7f438ed07000-7f438ed08000 rw-p 00005000 fc:00 919525                     /usr/lib/x86_64-linux-gnu/libXfixes.so.3.1.0
7f438ed08000-7f438ed11000 r-xp 00000000 fc:00 924507                     /usr/lib/x86_64-linux-gnu/libXcursor.so.1.0.2
7f438ed11000-7f438ef10000 ---p 00009000 fc:00 924507                     /usr/lib/x86_64-linux-gnu/libXcursor.so.1.0.2
7f438ef10000-7f438ef11000 r--p 00008000 fc:00 924507                     /usr/lib/x86_64-linux-gnu/libXcursor.so.1.0.2
7f438ef11000-7f438ef12000 rw-p 00009000 fc:00 924507                     /usr/lib/x86_64-linux-gnu/libXcursor.so.1.0.2
7f438ef12000-7f438ef15000 ---p 00000000 00:00 0 
7f438ef15000-7f438f013000 rw-p 00000000 00:00 0                          [stack:16744]
7f438f013000-7f438f078000 r-xp 00000000 fc:00 964417                     /usr/lib/jvm/java-8-oracle/jre/lib/amd64/libfontmanager.so
7f438f078000-7f438f277000 ---p 00065000 fc:00 964417                     /usr/lib/jvm/java-8-oracle/jre/lib/amd64/libfontmanager.so
7f438f277000-7f438f27c000 rw-p 00064000 fc:00 964417                     /usr/lib/jvm/java-8-oracle/jre/lib/amd64/libfontmanager.so
7f438f27c000-7f438f28c000 rw-p 00000000 00:00 0 
7f438f28c000-7f438f291000 r-xp 00000000 fc:00 919443                     /usr/lib/x86_64-linux-gnu/libXdmcp.so.6.0.0
7f438f291000-7f438f490000 ---p 00005000 fc:00 919443                     /usr/lib/x86_64-linux-gnu/libXdmcp.so.6.0.0
7f438f490000-7f438f491000 r--p 00004000 fc:00 919443                     /usr/lib/x86_64-linux-gnu/libXdmcp.so.6.0.0
7f438f491000-7f438f492000 rw-p 00005000 fc:00 919443                     /usr/lib/x86_64-linux-gnu/libXdmcp.so.6.0.0
7f438f492000-7f438f494000 r-xp 00000000 fc:00 919441                     /usr/lib/x86_64-linux-gnu/libXau.so.6.0.0
7f438f494000-7f438f694000 ---p 00002000 fc:00 919441                     /usr/lib/x86_64-linux-gnu/libXau.so.6.0.0
7f438f694000-7f438f695000 r--p 00002000 fc:00 919441                     /usr/lib/x86_64-linux-gnu/libXau.so.6.0.0
7f438f695000-7f438f696000 rw-p 00003000 fc:00 919441                     /usr/lib/x86_64-linux-gnu/libXau.so.6.0.0
7f438f696000-7f438f6b3000 r-xp 00000000 fc:00 919445                     /usr/lib/x86_64-linux-gnu/libxcb.so.1.1.0
7f438f6b3000-7f438f8b3000 ---p 0001d000 fc:00 919445                     /usr/lib/x86_64-linux-gnu/libxcb.so.1.1.0
7f438f8b3000-7f438f8b4000 r--p 0001d000 fc:00 919445                     /usr/lib/x86_64-linux-gnu/libxcb.so.1.1.0
7f438f8b4000-7f438f8b5000 rw-p 0001e000 fc:00 919445                     /usr/lib/x86_64-linux-gnu/libxcb.so.1.1.0
7f438f8b5000-7f438f8c4000 r-xp 00000000 fc:00 922536                     /usr/lib/x86_64-linux-gnu/libXi.so.6.1.0
7f438f8c4000-7f438fac3000 ---p 0000f000 fc:00 922536                     /usr/lib/x86_64-linux-gnu/libXi.so.6.1.0
7f438fac3000-7f438fac4000 r--p 0000e000 fc:00 922536                     /usr/lib/x86_64-linux-gnu/libXi.so.6.1.0
7f438fac4000-7f438fac5000 rw-p 0000f000 fc:00 922536                     /usr/lib/x86_64-linux-gnu/libXi.so.6.1.0
7f438fac5000-7f438faca000 r-xp 00000000 fc:00 928720                     /usr/lib/x86_64-linux-gnu/libXtst.so.6.1.0
7f438faca000-7f438fcc9000 ---p 00005000 fc:00 928720                     /usr/lib/x86_64-linux-gnu/libXtst.so.6.1.0
7f438fcc9000-7f438fcca000 r--p 00004000 fc:00 928720                     /usr/lib/x86_64-linux-gnu/libXtst.so.6.1.0
7f438fcca000-7f438fccb000 rw-p 00005000 fc:00 928720                     /usr/lib/x86_64-linux-gnu/libXtst.so.6.1.0
7f438fccb000-7f438fdfb000 r-xp 00000000 fc:00 919449                     /usr/lib/x86_64-linux-gnu/libX11.so.6.3.0
7f438fdfb000-7f438fffb000 ---p 00130000 fc:00 919449                     /usr/lib/x86_64-linux-gnu/libX11.so.6.3.0
7f438fffb000-7f438fffc000 r--p 00130000 fc:00 919449                     /usr/lib/x86_64-linux-gnu/libX11.so.6.3.0
7f438fffc000-7f4390000000 rw-p 00131000 fc:00 919449                     /usr/lib/x86_64-linux-gnu/libX11.so.6.3.0
7f4390000000-7f4390021000 rw-p 00000000 00:00 0 
7f4390021000-7f4394000000 ---p 00000000 00:00 0 
7f4394000000-7f4394213000 rw-p 00000000 00:00 0 
7f4394213000-7f4398000000 ---p 00000000 00:00 0 
7f4398000000-7f4398021000 rw-p 00000000 00:00 0 
7f4398021000-7f439c000000 ---p 00000000 00:00 0 
7f439c000000-7f439c12f000 rw-p 00000000 00:00 0 
7f439c12f000-7f43a0000000 ---p 00000000 00:00 0 
7f43a0000000-7f43a012a000 rw-p 00000000 00:00 0 
7f43a012a000-7f43a4000000 ---p 00000000 00:00 0 
7f43a4000000-7f43a4021000 rw-p 00000000 00:00 0 
7f43a4021000-7f43a8000000 ---p 00000000 00:00 0 
7f43a8000000-7f43a8021000 rw-p 00000000 00:00 0 
7f43a8021000-7f43ac000000 ---p 00000000 00:00 0 
7f43ac000000-7f43ac021000 rw-p 00000000 00:00 0 
7f43ac021000-7f43b0000000 ---p 00000000 00:00 0 
7f43b0000000-7f43b0021000 rw-p 00000000 00:00 0 
7f43b0021000-7f43b4000000 ---p 00000000 00:00 0 
7f43b4000000-7f43b4021000 rw-p 00000000 00:00 0 
7f43b4021000-7f43b8000000 ---p 00000000 00:00 0 
7f43b8000000-7f43b8021000 rw-p 00000000 00:00 0 
7f43b8021000-7f43bc000000 ---p 00000000 00:00 0 
7f43bc000000-7f43bc021000 rw-p 00000000 00:00 0 
7f43bc021000-7f43c0000000 ---p 00000000 00:00 0 
7f43c0000000-7f43c0021000 rw-p 00000000 00:00 0 
7f43c0021000-7f43c4000000 ---p 00000000 00:00 0 
7f43c4000000-7f43c4021000 rw-p 00000000 00:00 0 
7f43c4021000-7f43c8000000 ---p 00000000 00:00 0 
7f43c8000000-7f43c8021000 rw-p 00000000 00:00 0 
7f43c8021000-7f43cc000000 ---p 00000000 00:00 0 
7f43cc000000-7f43cc021000 rw-p 00000000 00:00 0 
7f43cc021000-7f43d0000000 ---p 00000000 00:00 0 
7f43d008d000-7f43d008f000 rw-s 00000000 00:05 452625                     /drm mm object (deleted)
7f43d008f000-7f43d0097000 rw-s 00000000 00:05 450960                     /drm mm object (deleted)
7f43d0097000-7f43d009f000 rw-s 00000000 00:05 450948                     /drm mm object (deleted)
7f43d009f000-7f43d00a2000 ---p 00000000 00:00 0 
7f43d00a2000-7f43d00d8000 rw-p 00000000 00:00 0                          [stack:16751]
7f43d00d8000-7f43d00e1000 r-xp 00000000 fc:00 922542                     /usr/lib/x86_64-linux-gnu/libXrender.so.1.3.0
7f43d00e1000-7f43d02e0000 ---p 00009000 fc:00 922542                     /usr/lib/x86_64-linux-gnu/libXrender.so.1.3.0
7f43d02e0000-7f43d02e1000 r--p 00008000 fc:00 922542                     /usr/lib/x86_64-linux-gnu/libXrender.so.1.3.0
7f43d02e1000-7f43d02e2000 rw-p 00009000 fc:00 922542                     /usr/lib/x86_64-linux-gnu/libXrender.so.1.3.0
7f43d02e2000-7f43d02f3000 r-xp 00000000 fc:00 919452                     /usr/lib/x86_64-linux-gnu/libXext.so.6.4.0
7f43d02f3000-7f43d04f2000 ---p 00011000 fc:00 919452                     /usr/lib/x86_64-linux-gnu/libXext.so.6.4.0
7f43d04f2000-7f43d04f3000 r--p 00010000 fc:00 919452                     /usr/lib/x86_64-linux-gnu/libXext.so.6.4.0
7f43d04f3000-7f43d04f4000 rw-p 00011000 fc:00 919452                     /usr/lib/x86_64-linux-gnu/libXext.so.6.4.0
7f43d04f4000-7f43d04f6000 rw-s 00000000 00:05 452624                     /drm mm object (deleted)
7f43d04f6000-7f43d0525000 r--p 00000000 fc:00 1192644                    /usr/share/locale-langpack/ru/LC_MESSAGES/libc.mo
7f43d0525000-7f43d0579000 r-xp 00000000 fc:00 959709                     /usr/lib/jvm/java-8-oracle/jre/lib/amd64/libawt_xawt.so
7f43d0579000-7f43d0779000 ---p 00054000 fc:00 959709                     /usr/lib/jvm/java-8-oracle/jre/lib/amd64/libawt_xawt.so
7f43d0779000-7f43d077d000 rw-p 00054000 fc:00 959709                     /usr/lib/jvm/java-8-oracle/jre/lib/amd64/libawt_xawt.so
7f43d077d000-7f43d077e000 rw-p 00000000 00:00 0 
7f43d077e000-7f43d0820000 r-xp 00000000 fc:00 959677                     /usr/lib/jvm/java-8-oracle/jre/lib/amd64/libawt.so
7f43d0820000-7f43d0a20000 ---p 000a2000 fc:00 959677                     /usr/lib/jvm/java-8-oracle/jre/lib/amd64/libawt.so
7f43d0a20000-7f43d0a2c000 rw-p 000a2000 fc:00 959677                     /usr/lib/jvm/java-8-oracle/jre/lib/amd64/libawt.so
7f43d0a2c000-7f43d0a50000 rw-p 00000000 00:00 0 
7f43d0a50000-7f43d0a66000 r-xp 00000000 fc:00 144102                     /lib/x86_64-linux-gnu/libgcc_s.so.1
7f43d0a66000-7f43d0c65000 ---p 00016000 fc:00 144102                     /lib/x86_64-linux-gnu/libgcc_s.so.1
7f43d0c65000-7f43d0c66000 rw-p 00015000 fc:00 144102                     /lib/x86_64-linux-gnu/libgcc_s.so.1
7f43d0c66000-7f43d0d4c000 r-xp 00000000 fc:00 921527                     /usr/lib/x86_64-linux-gnu/libstdc++.so.6.0.19
7f43d0d4c000-7f43d0f4b000 ---p 000e6000 fc:00 921527                     /usr/lib/x86_64-linux-gnu/libstdc++.so.6.0.19
7f43d0f4b000-7f43d0f53000 r--p 000e5000 fc:00 921527                     /usr/lib/x86_64-linux-gnu/libstdc++.so.6.0.19
7f43d0f53000-7f43d0f55000 rw-p 000ed000 fc:00 921527                     /usr/lib/x86_64-linux-gnu/libstdc++.so.6.0.19
7f43d0f55000-7f43d0f6a000 rw-p 00000000 00:00 0 
7f43d0f6a000-7f43d0f6b000 rw-s 00000000 00:05 450959                     /drm mm object (deleted)
7f43d0f6b000-7f43d0f6c000 rwxp 00000000 00:00 0 
7f43d0f6c000-7f43d0f6d000 rw-s 00000000 00:05 450945                     /drm mm object (deleted)
7f43d0f6d000-7f43d0f75000 rw-s 00000000 00:05 450944                     /drm mm object (deleted)
7f43d0f75000-7f43d0f8a000 r--p 00000000 fc:00 1192742                    /usr/share/locale-langpack/ru/LC_MESSAGES/pulseaudio.mo
7f43d0f8a000-7f43d0f91000 r--s 00000000 fc:00 938826                     /usr/lib/x86_64-linux-gnu/gconv/gconv-modules.cache
7f43d0f91000-7f43d0f97000 r--s 002f8000 fc:00 959517                     /usr/lib/jvm/java-8-oracle/jre/lib/charsets.jar
7f43d0f97000-7f43d0f9b000 r--s 00097000 fc:00 959499                     /usr/lib/jvm/java-8-oracle/jre/lib/jsse.jar
7f43d0f9b000-7f43d0fd3000 r-xp 00000000 fc:00 1048407                    /tmp/libgdxvostanin/6ef2d459/libgdx64.so
7f43d0fd3000-7f43d11d2000 ---p 00038000 fc:00 1048407                    /tmp/libgdxvostanin/6ef2d459/libgdx64.so
7f43d11d2000-7f43d11d3000 r--p 00037000 fc:00 1048407                    /tmp/libgdxvostanin/6ef2d459/libgdx64.so
7f43d11d3000-7f43d11d4000 rw-p 00038000 fc:00 1048407                    /tmp/libgdxvostanin/6ef2d459/libgdx64.so
7f43d11d4000-7f43d11d5000 r--s 00002000 fc:02 11282225                   /home/vostanin/.gradle/caches/modules-2/files-2.1/net.java.jinput/jinput-platform/2.0.5/53f9c919f34d2ca9de8c51fc4e1e8282029a9232/jinput-platform-2.0.5-natives-osx.jar
7f43d11d5000-7f43d11d6000 r--s 00025000 fc:02 11282223                   /home/vostanin/.gradle/caches/modules-2/files-2.1/net.java.jinput/jinput-platform/2.0.5/385ee093e01f587f30ee1c8a2ee7d408fd732e16/jinput-platform-2.0.5-natives-windows.jar
7f43d11d6000-7f43d11da000 r--s 0002f000 fc:02 11282217                   /home/vostanin/.gradle/caches/modules-2/files-2.1/net.java.jinput/jinput/2.0.5/39c7796b469a600f72380316f6b1f11db6c2c7c4/jinput-2.0.5.jar
7f43d11da000-7f43d11e8000 r--s 000f2000 fc:02 10752671                   /home/vostanin/.gradle/caches/modules-2/files-2.1/org.lwjgl.lwjgl/lwjgl/2.9.2/a9d80fe5935c7a9149f6584d9777cfd471f65489/lwjgl-2.9.2.jar
7f43d11e8000-7f43d11f3000 r--s 00098000 fc:02 10099705                   /home/vostanin/.gradle/caches/modules-2/files-2.1/com.badlogicgames.gdx/gdx-tools/1.9.2/37d8e3009ae0febdf93717b21980c67c8cadac07/gdx-tools-1.9.2.jar
7f43d11f3000-7f43d1206000 r--s 0013d000 fc:02 9835222                    /home/vostanin/.gradle/caches/modules-2/files-2.1/com.badlogicgames.gdx/gdx-bullet/1.9.2/75f6b51bec18a82a893bb5ae4359fecd9cc7d6f4/gdx-bullet-1.9.2.jar
7f43d1206000-7f43d1221000 r--s 001a7000 fc:02 10619136                   /home/vostanin/.gradle/caches/modules-2/files-2.1/com.badlogicgames.gdx/gdx/1.9.2/e641cb91bec06bc64d9ddf7a7d7062caceec73cd/gdx-1.9.2.jar
7f43d1221000-7f43d1222000 ---p 00000000 00:00 0 
7f43d1222000-7f43d1322000 rw-p 00000000 00:00 0                          [stack:16743]
7f43d1322000-7f43d1325000 ---p 00000000 00:00 0 
7f43d1325000-7f43d1423000 rw-p 00000000 00:00 0                          [stack:16742]
7f43d1423000-7f43d1426000 ---p 00000000 00:00 0 
7f43d1426000-7f43d1524000 rw-p 00000000 00:00 0                          [stack:16741]
7f43d1524000-7f43d1527000 ---p 00000000 00:00 0 
7f43d1527000-7f43d1625000 rw-p 00000000 00:00 0                          [stack:16740]
7f43d1625000-7f43d1628000 ---p 00000000 00:00 0 
7f43d1628000-7f43d1726000 rw-p 00000000 00:00 0                          [stack:16739]
7f43d1726000-7f43d1729000 ---p 00000000 00:00 0 
7f43d1729000-7f43d1827000 rw-p 00000000 00:00 0                          [stack:16736]
7f43d1827000-7f43d182a000 ---p 00000000 00:00 0 
7f43d182a000-7f43d1928000 rw-p 00000000 00:00 0                          [stack:16733]
7f43d1928000-7f43d192b000 ---p 00000000 00:00 0 
7f43d192b000-7f43d1a29000 rw-p 00000000 00:00 0                          [stack:16732]
7f43d1a29000-7f43d1a2d000 r-xp 00000000 fc:00 959747                     /usr/lib/jvm/java-8-oracle/jre/lib/amd64/libdt_socket.so
7f43d1a2d000-7f43d1c2c000 ---p 00004000 fc:00 959747                     /usr/lib/jvm/java-8-oracle/jre/lib/amd64/libdt_socket.so
7f43d1c2c000-7f43d1c2d000 rw-p 00003000 fc:00 959747                     /usr/lib/jvm/java-8-oracle/jre/lib/amd64/libdt_socket.so
7f43d1c2d000-7f43d1c30000 ---p 00000000 00:00 0 
7f43d1c30000-7f43d1d2e000 rw-p 00000000 00:00 0                          [stack:16729]
7f43d1d2e000-7f43d1d31000 ---p 00000000 00:00 0 
7f43d1d31000-7f43d1e2f000 rw-p 00000000 00:00 0                          [stack:16728]
7f43d1e2f000-7f43d1e32000 ---p 00000000 00:00 0 
7f43d1e32000-7f43d1f30000 rw-p 00000000 00:00 0                          [stack:16727]
7f43d1f30000-7f43d1f31000 ---p 00000000 00:00 0 
7f43d1f31000-7f43d2f82000 rw-p 00000000 00:00 0                          [stack:16726]
7f43d2f82000-7f43d315a000 r--s 03d1d000 fc:00 959469                     /usr/lib/jvm/java-8-oracle/jre/lib/rt.jar
7f43d315a000-7f43d5000000 rw-p 00000000 00:00 0 
7f43d5000000-7f43d5290000 rwxp 00000000 00:00 0 
7f43d5290000-7f43e4000000 ---p 00000000 00:00 0 
7f43e4000000-7f43e44a5000 rw-p 00000000 00:00 0 
7f43e44a5000-7f43e8000000 ---p 00000000 00:00 0 
7f43e8000000-7f43e8001000 r--s 00002000 fc:02 11282221                   /home/vostanin/.gradle/caches/modules-2/files-2.1/net.java.jinput/jinput-platform/2.0.5/7ff832a6eb9ab6a767f1ade2b548092d0fa64795/jinput-platform-2.0.5-natives-linux.jar
7f43e8001000-7f43e8002000 r--s 00001000 fc:02 11282219                   /home/vostanin/.gradle/caches/modules-2/files-2.1/net.java.jutils/jutils/1.0.0/e12fe1fda814bd348c1579329c86943d2cd3c6a6/jutils-1.0.0.jar
7f43e8002000-7f43e8003000 r--s 00068000 fc:02 11282215                   /home/vostanin/.gradle/caches/modules-2/files-2.1/org.lwjgl.lwjgl/lwjgl-platform/2.9.2/d55b46b40b40249d627a83a7f7f22649709d70c3/lwjgl-platform-2.9.2-natives-osx.jar
7f43e8003000-7f43e8004000 r--s 0008d000 fc:02 11282213                   /home/vostanin/.gradle/caches/modules-2/files-2.1/org.lwjgl.lwjgl/lwjgl-platform/2.9.2/d276cdf61fe2b516c7b7f4aa1b8dea91dbdc8d56/lwjgl-platform-2.9.2-natives-linux.jar
7f43e8004000-7f43e8005000 r--s 00095000 fc:02 11282211                   /home/vostanin/.gradle/caches/modules-2/files-2.1/org.lwjgl.lwjgl/lwjgl-platform/2.9.2/510c7d317f5e9e700b9cfaac5fd38bdebf0702e0/lwjgl-platform-2.9.2-natives-windows.jar
7f43e8005000-7f43e8a58000 rw-p 00000000 00:00 0 
7f43e8a58000-7f43e8a59000 ---p 00000000 00:00 0 
7f43e8a59000-7f43e8b59000 rw-p 00000000 00:00 0                          [stack:16725]
7f43e8b59000-7f43e8b5a000 ---p 00000000 00:00 0 
7f43e8b5a000-7f43e8c5a000 rw-p 00000000 00:00 0                          [stack:16724]
7f43e8c5a000-7f43e8c5b000 ---p 00000000 00:00 0 
7f43e8c5b000-7f43e8d5b000 rw-p 00000000 00:00 0                          [stack:16723]
7f43e8d5b000-7f43e8d5c000 ---p 00000000 00:00 0 
7f43e8d5c000-7f43e8e71000 rw-p 00000000 00:00 0                          [stack:16722]
7f43e8e71000-7f43e8f9e000 ---p 00000000 00:00 0 
7f43e8f9e000-7f43e8fb3000 rw-p 00000000 00:00 0 
7f43e8fb3000-7f43e90e0000 ---p 00000000 00:00 0 
7f43e90e0000-7f43e90eb000 rw-p 00000000 00:00 0 
7f43e90eb000-7f43e9181000 ---p 00000000 00:00 0 
7f43e9181000-7f43e918d000 rw-p 00000000 00:00 0 
7f43e918d000-7f43e9542000 ---p 00000000 00:00 0 
7f43e9542000-7f43e955c000 r-xp 00000000 fc:00 959723                     /usr/lib/jvm/java-8-oracle/jre/lib/amd64/libzip.so
7f43e955c000-7f43e975c000 ---p 0001a000 fc:00 959723                     /usr/lib/jvm/java-8-oracle/jre/lib/amd64/libzip.so
7f43e975c000-7f43e975d000 rw-p 0001a000 fc:00 959723                     /usr/lib/jvm/java-8-oracle/jre/lib/amd64/libzip.so
7f43e975d000-7f43e9768000 r-xp 00000000 fc:00 132102                     /lib/x86_64-linux-gnu/libnss_files-2.19.so
7f43e9768000-7f43e9967000 ---p 0000b000 fc:00 132102                     /lib/x86_64-linux-gnu/libnss_files-2.19.so
7f43e9967000-7f43e9968000 r--p 0000a000 fc:00 132102                     /lib/x86_64-linux-gnu/libnss_files-2.19.so
7f43e9968000-7f43e9969000 rw-p 0000b000 fc:00 132102                     /lib/x86_64-linux-gnu/libnss_files-2.19.so
7f43e9969000-7f43e9974000 r-xp 00000000 fc:00 132086                     /lib/x86_64-linux-gnu/libnss_nis-2.19.so
7f43e9974000-7f43e9b73000 ---p 0000b000 fc:00 132086                     /lib/x86_64-linux-gnu/libnss_nis-2.19.so
7f43e9b73000-7f43e9b74000 r--p 0000a000 fc:00 132086                     /lib/x86_64-linux-gnu/libnss_nis-2.19.so
7f43e9b74000-7f43e9b75000 rw-p 0000b000 fc:00 132086                     /lib/x86_64-linux-gnu/libnss_nis-2.19.so
7f43e9b75000-7f43e9b8c000 r-xp 00000000 fc:00 132078                     /lib/x86_64-linux-gnu/libnsl-2.19.so
7f43e9b8c000-7f43e9d8b000 ---p 00017000 fc:00 132078                     /lib/x86_64-linux-gnu/libnsl-2.19.so
7f43e9d8b000-7f43e9d8c000 r--p 00016000 fc:00 132078                     /lib/x86_64-linux-gnu/libnsl-2.19.so
7f43e9d8c000-7f43e9d8d000 rw-p 00017000 fc:00 132078                     /lib/x86_64-linux-gnu/libnsl-2.19.so
7f43e9d8d000-7f43e9d8f000 rw-p 00000000 00:00 0 
7f43e9d8f000-7f43e9d98000 r-xp 00000000 fc:00 132076                     /lib/x86_64-linux-gnu/libnss_compat-2.19.so
7f43e9d98000-7f43e9f97000 ---p 00009000 fc:00 132076                     /lib/x86_64-linux-gnu/libnss_compat-2.19.so
7f43e9f97000-7f43e9f98000 r--p 00008000 fc:00 132076                     /lib/x86_64-linux-gnu/libnss_compat-2.19.so
7f43e9f98000-7f43e9f99000 rw-p 00009000 fc:00 132076                     /lib/x86_64-linux-gnu/libnss_compat-2.19.so
7f43e9f99000-7f43ea253000 r--p 00000000 fc:00 915864                     /usr/lib/locale/locale-archive
7f43ea253000-7f43ea255000 r-xp 00000000 fc:00 964410                     /usr/lib/jvm/java-8-oracle/jre/lib/amd64/libnpt.so
7f43ea255000-7f43ea455000 ---p 00002000 fc:00 964410                     /usr/lib/jvm/java-8-oracle/jre/lib/amd64/libnpt.so
7f43ea455000-7f43ea456000 rw-p 00002000 fc:00 964410                     /usr/lib/jvm/java-8-oracle/jre/lib/amd64/libnpt.so
7f43ea456000-7f43ea48f000 r-xp 00000000 fc:00 959675                     /usr/lib/jvm/java-8-oracle/jre/lib/amd64/libjdwp.so
7f43ea48f000-7f43ea68e000 ---p 00039000 fc:00 959675                     /usr/lib/jvm/java-8-oracle/jre/lib/amd64/libjdwp.so
7f43ea68e000-7f43ea690000 rw-p 00038000 fc:00 959675                     /usr/lib/jvm/java-8-oracle/jre/lib/amd64/libjdwp.so
7f43ea690000-7f43ea6ba000 r-xp 00000000 fc:00 959727                     /usr/lib/jvm/java-8-oracle/jre/lib/amd64/libjava.so
7f43ea6ba000-7f43ea8ba000 ---p 0002a000 fc:00 959727                     /usr/lib/jvm/java-8-oracle/jre/lib/amd64/libjava.so
7f43ea8ba000-7f43ea8bc000 rw-p 0002a000 fc:00 959727                     /usr/lib/jvm/java-8-oracle/jre/lib/amd64/libjava.so
7f43ea8bc000-7f43ea8c9000 r-xp 00000000 fc:00 959693                     /usr/lib/jvm/java-8-oracle/jre/lib/amd64/libverify.so
7f43ea8c9000-7f43eaac9000 ---p 0000d000 fc:00 959693                     /usr/lib/jvm/java-8-oracle/jre/lib/amd64/libverify.so
7f43eaac9000-7f43eaacb000 rw-p 0000d000 fc:00 959693                     /usr/lib/jvm/java-8-oracle/jre/lib/amd64/libverify.so
7f43eaacb000-7f43eaad2000 r-xp 00000000 fc:00 132094                     /lib/x86_64-linux-gnu/librt-2.19.so
7f43eaad2000-7f43eacd1000 ---p 00007000 fc:00 132094                     /lib/x86_64-linux-gnu/librt-2.19.so
7f43eacd1000-7f43eacd2000 r--p 00006000 fc:00 132094                     /lib/x86_64-linux-gnu/librt-2.19.so
7f43eacd2000-7f43eacd3000 rw-p 00007000 fc:00 132094                     /lib/x86_64-linux-gnu/librt-2.19.so
7f43eacd3000-7f43eadd8000 r-xp 00000000 fc:00 132066                     /lib/x86_64-linux-gnu/libm-2.19.so
7f43eadd8000-7f43eafd7000 ---p 00105000 fc:00 132066                     /lib/x86_64-linux-gnu/libm-2.19.so
7f43eafd7000-7f43eafd8000 r--p 00104000 fc:00 132066                     /lib/x86_64-linux-gnu/libm-2.19.so
7f43eafd8000-7f43eafd9000 rw-p 00105000 fc:00 132066                     /lib/x86_64-linux-gnu/libm-2.19.so
7f43eafd9000-7f43ebc98000 r-xp 00000000 fc:00 959717                     /usr/lib/jvm/java-8-oracle/jre/lib/amd64/server/libjvm.so
7f43ebc98000-7f43ebe97000 ---p 00cbf000 fc:00 959717                     /usr/lib/jvm/java-8-oracle/jre/lib/amd64/server/libjvm.so
7f43ebe97000-7f43ebf70000 rw-p 00cbe000 fc:00 959717                     /usr/lib/jvm/java-8-oracle/jre/lib/amd64/server/libjvm.so
7f43ebf70000-7f43ebfb9000 rw-p 00000000 00:00 0 
7f43ebfb9000-7f43ec174000 r-xp 00000000 fc:00 132096                     /lib/x86_64-linux-gnu/libc-2.19.so
7f43ec174000-7f43ec373000 ---p 001bb000 fc:00 132096                     /lib/x86_64-linux-gnu/libc-2.19.so
7f43ec373000-7f43ec377000 r--p 001ba000 fc:00 132096                     /lib/x86_64-linux-gnu/libc-2.19.so
7f43ec377000-7f43ec379000 rw-p 001be000 fc:00 132096                     /lib/x86_64-linux-gnu/libc-2.19.so
7f43ec379000-7f43ec37e000 rw-p 00000000 00:00 0 
7f43ec37e000-7f43ec381000 r-xp 00000000 fc:00 132070                     /lib/x86_64-linux-gnu/libdl-2.19.so
7f43ec381000-7f43ec580000 ---p 00003000 fc:00 132070                     /lib/x86_64-linux-gnu/libdl-2.19.so
7f43ec580000-7f43ec581000 r--p 00002000 fc:00 132070                     /lib/x86_64-linux-gnu/libdl-2.19.so
7f43ec581000-7f43ec582000 rw-p 00003000 fc:00 132070                     /lib/x86_64-linux-gnu/libdl-2.19.so
7f43ec582000-7f43ec597000 r-xp 00000000 fc:00 977192                     /usr/lib/jvm/java-8-oracle/lib/amd64/jli/libjli.so
7f43ec597000-7f43ec797000 ---p 00015000 fc:00 977192                     /usr/lib/jvm/java-8-oracle/lib/amd64/jli/libjli.so
7f43ec797000-7f43ec798000 rw-p 00015000 fc:00 977192                     /usr/lib/jvm/java-8-oracle/lib/amd64/jli/libjli.so
7f43ec798000-7f43ec7b1000 r-xp 00000000 fc:00 132080                     /lib/x86_64-linux-gnu/libpthread-2.19.so
7f43ec7b1000-7f43ec9b0000 ---p 00019000 fc:00 132080                     /lib/x86_64-linux-gnu/libpthread-2.19.so
7f43ec9b0000-7f43ec9b1000 r--p 00018000 fc:00 132080                     /lib/x86_64-linux-gnu/libpthread-2.19.so
7f43ec9b1000-7f43ec9b2000 rw-p 00019000 fc:00 132080                     /lib/x86_64-linux-gnu/libpthread-2.19.so
7f43ec9b2000-7f43ec9b6000 rw-p 00000000 00:00 0 
7f43ec9b6000-7f43ec9d9000 r-xp 00000000 fc:00 132082                     /lib/x86_64-linux-gnu/ld-2.19.so
7f43ec9d9000-7f43ec9db000 r--s 00017000 fc:02 11144003                   /home/vostanin/.gradle/caches/modules-2/files-2.1/org.jcraft/jorbis/0.0.17/8872d22b293e8f5d7d56ff92be966e6dc28ebdc6/jorbis-0.0.17.jar
7f43ec9db000-7f43ecaa0000 rw-p 00000000 00:00 0 
7f43ecaa0000-7f43ecaa3000 ---p 00000000 00:00 0 
7f43ecaa3000-7f43ecba5000 rw-p 00000000 00:00 0                          [stack:16718]
7f43ecba5000-7f43ecba6000 r--s 00005000 fc:02 10099709                   /home/vostanin/.gradle/caches/modules-2/files-2.1/com.badlogicgames.gdx/gdx-backend-headless/1.9.2/813e6020de85cd831f02cb5e9060fd7ea8cb208e/gdx-backend-headless-1.9.2.jar
7f43ecba6000-7f43ecba7000 r--s 00015000 fc:02 11018682                   /home/vostanin/.gradle/caches/modules-2/files-2.1/com.badlogicgames.jlayer/jlayer/1.0.1-gdx/7cca83cec5c1b2f011362f4d85aabd71a73b049d/jlayer-1.0.1-gdx.jar
7f43ecba7000-7f43ecbab000 r--s 00027000 fc:02 10893355                   /home/vostanin/.gradle/caches/modules-2/files-2.1/org.lwjgl.lwjgl/lwjgl_util/2.9.2/4b9e37300a87799856e0bd15ed81663cdb6b0947/lwjgl_util-2.9.2.jar
7f43ecbab000-7f43ecbac000 r--s 00888000 fc:02 10099707                   /home/vostanin/.gradle/caches/modules-2/files-2.1/com.badlogicgames.gdx/gdx-bullet-platform/1.9.2/e564d68941da54e44dfd3bfb3f8a9c349f42ff8/gdx-bullet-platform-1.9.2-natives-desktop.jar
7f43ecbac000-7f43ecbad000 r--s 0021a000 fc:02 10099109                   /home/vostanin/.gradle/caches/modules-2/files-2.1/com.badlogicgames.gdx/gdx-freetype-platform/1.9.2/1e1afb0b6c9e8aeb7d495cb8f55c353d3da58cf0/gdx-freetype-platform-1.9.2-natives-desktop.jar
7f43ecbad000-7f43ecbaf000 r--s 000fa000 fc:02 10099107                   /home/vostanin/.gradle/caches/modules-2/files-2.1/com.badlogicgames.gdx/gdx-box2d-platform/1.9.2/497cbfbf81e7e8b1e8433b19291c5af4bbc2ec66/gdx-box2d-platform-1.9.2-natives-desktop.jar
7f43ecbaf000-7f43ecbb0000 r--s 000d4000 fc:02 9834728                    /home/vostanin/.gradle/caches/modules-2/files-2.1/com.badlogicgames.gdx/gdx-platform/1.9.2/dde4cf7e9ce61c24042f512203aed87657496639/gdx-platform-1.9.2-natives-desktop.jar
7f43ecbb0000-7f43ecbb3000 r--s 00021000 fc:02 11282209                   /home/vostanin/.gradle/caches/modules-2/files-2.1/com.badlogicgames.gdx/gdx-backend-lwjgl/1.9.2/d710a8704ed584ec2ba9ca52e3a6a5885dd759cc/gdx-backend-lwjgl-1.9.2.jar
7f43ecbb3000-7f43ecbb5000 r--s 00008000 fc:02 10619134                   /home/vostanin/.gradle/caches/modules-2/files-2.1/com.badlogicgames.gdx/gdx-freetype/1.9.2/3609253d14edb1b3ca5aacff4e06989edde75be4/gdx-freetype-1.9.2.jar
7f43ecbb5000-7f43ecbb7000 r--s 00008000 fc:02 10895508                   /home/vostanin/.gradle/caches/modules-2/files-2.1/com.badlogicgames.box2dlights/box2dlights/1.4/3d77ad5b4164fb32fc67e2446e35911bb0aaf0bd/box2dlights-1.4.jar
7f43ecbb7000-7f43ecbb9000 r--s 00010000 fc:02 10619132                   /home/vostanin/.gradle/caches/modules-2/files-2.1/com.badlogicgames.gdx/gdx-box2d/1.9.2/b78eaa90aaaf7830e6dffff587ea6e859c2787b2/gdx-box2d-1.9.2.jar
7f43ecbb9000-7f43ecbcc000 rw-p 00000000 00:00 0 
7f43ecbcc000-7f43ecbd4000 rw-s 00000000 fc:00 1115977                    /tmp/hsperfdata_vostanin/16715
7f43ecbd4000-7f43ecbd5000 rw-p 00000000 00:00 0 
7f43ecbd5000-7f43ecbd6000 r--p 00000000 00:00 0 
7f43ecbd6000-7f43ecbd8000 rw-p 00000000 00:00 0 
7f43ecbd8000-7f43ecbd9000 r--p 00022000 fc:00 132082                     /lib/x86_64-linux-gnu/ld-2.19.so
7f43ecbd9000-7f43ecbda000 rw-p 00023000 fc:00 132082                     /lib/x86_64-linux-gnu/ld-2.19.so
7f43ecbda000-7f43ecbdb000 rw-p 00000000 00:00 0 
7fff6cd68000-7fff6cd8a000 rw-p 00000000 00:00 0                          [stack]
7fff6cdfc000-7fff6cdfe000 r--p 00000000 00:00 0                          [vvar]
7fff6cdfe000-7fff6ce00000 r-xp 00000000 00:00 0                          [vdso]
ffffffffff600000-ffffffffff601000 r-xp 00000000 00:00 0                  [vsyscall]

VM Arguments:
jvm_args: -agentlib:jdwp=transport=dt_socket,suspend=y,address=localhost:35570 -Dfile.encoding=UTF-8 
java_command: com.mygdx.game_asteroid.desktop.DesktopLauncher
java_class_path (initial): /home/vostanin/AndroidStudioProjects/MyGdxGame_Asteroid/desktop/bin:/home/vostanin/AndroidStudioProjects/MyGdxGame_Asteroid/core/bin:/home/vostanin/.gradle/caches/modules-2/files-2.1/com.badlogicgames.gdx/gdx/1.9.2/e641cb91bec06bc64d9ddf7a7d7062caceec73cd/gdx-1.9.2.jar:/home/vostanin/.gradle/caches/modules-2/files-2.1/com.badlogicgames.gdx/gdx-box2d/1.9.2/b78eaa90aaaf7830e6dffff587ea6e859c2787b2/gdx-box2d-1.9.2.jar:/home/vostanin/.gradle/caches/modules-2/files-2.1/com.badlogicgames.box2dlights/box2dlights/1.4/3d77ad5b4164fb32fc67e2446e35911bb0aaf0bd/box2dlights-1.4.jar:/home/vostanin/.gradle/caches/modules-2/files-2.1/com.badlogicgames.gdx/gdx-freetype/1.9.2/3609253d14edb1b3ca5aacff4e06989edde75be4/gdx-freetype-1.9.2.jar:/home/vostanin/.gradle/caches/modules-2/files-2.1/com.badlogicgames.gdx/gdx-bullet/1.9.2/75f6b51bec18a82a893bb5ae4359fecd9cc7d6f4/gdx-bullet-1.9.2.jar:/home/vostanin/.gradle/caches/modules-2/files-2.1/com.badlogicgames.gdx/gdx-backend-lwjgl/1.9.2/d710a8704ed584ec2ba9ca52e3a6a5885dd759cc/gdx-backend-lwjgl-1.9.2.jar:/home/vostanin/.gradle/caches/modules-2/files-2.1/com.badlogicgames.gdx/gdx-platform/1.9.2/dde4cf7e9ce61c24042f512203aed87657496639/gdx-platform-1.9.2-natives-desktop.jar:/home/vostanin/.gradle/caches/modules-2/files-2.1/com.badlogicgames.gdx/gdx-box2d-platform/1.9.2/497cbfbf81e7e8b1e8433b19291c5af4bbc2ec66/gdx-box2d-platform-1.9.2-natives-desktop.jar:/home/vostanin/.gradle/caches/modules-2/files-2.1/com.badlogicgames.gdx/gdx-freetype-platform/1.9.2/1e1afb0b6c9e8aeb7d495cb8f55c353d3da58cf0/gdx-freetype-platform-1.9.2-natives-desktop.jar:/home/vostanin/.gradle/caches/modules-2/files-2.1/com.badlogicgames.gdx/gdx-tools/1.9.2/37d8e3009ae0febdf93717b21980c67c8cadac07/gdx-tools-1.9.2.jar:/home/vostanin/.gradle/caches/modules-2/files-2.1/com.badlogicgames.gdx/gdx-bullet-platform/1.9.2/e564d68941da54e44dfd3bfb3f8a9c349f42ff8/gdx-bullet-platform-1.9.2-natives-desktop.jar:/home/vostanin/.gradle/caches/modules-2/files-2.
Launcher Type: SUN_STANDARD

Environment Variables:
PATH=/home/vostanin/torch/install/bin:/home/vostanin/torch/install/bin:/home/vostanin/torch/install/bin:/home/vostanin/torch/install/bin:/usr/local/sbin:/usr/local/bin:/usr/sbin:/usr/bin:/sbin:/bin:/usr/games:/usr/local/games
LD_LIBRARY_PATH=/home/vostanin/torch/install/lib:/home/vostanin/torch/install/lib:/home/vostanin/torch/install/lib:/home/vostanin/torch/install/lib:
SHELL=
DISPLAY=:0.0
DYLD_LIBRARY_PATH=/home/vostanin/torch/install/lib:/home/vostanin/torch/install/lib:/home/vostanin/torch/install/lib:/home/vostanin/torch/install/lib:

Signal Handlers:
SIGSEGV: [libjvm.so+0xabb070], sa_mask[0]=11111111011111111101111111111110, sa_flags=SA_RESTART|SA_SIGINFO
SIGBUS: [libjvm.so+0xabb070], sa_mask[0]=11111111011111111101111111111110, sa_flags=SA_RESTART|SA_SIGINFO
SIGFPE: [libjvm.so+0x918480], sa_mask[0]=11111111011111111101111111111110, sa_flags=SA_RESTART|SA_SIGINFO
SIGPIPE: [libjvm.so+0x918480], sa_mask[0]=11111111011111111101111111111110, sa_flags=SA_RESTART|SA_SIGINFO
SIGXFSZ: [libjvm.so+0x918480], sa_mask[0]=11111111011111111101111111111110, sa_flags=SA_RESTART|SA_SIGINFO
SIGILL: [libjvm.so+0x918480], sa_mask[0]=11111111011111111101111111111110, sa_flags=SA_RESTART|SA_SIGINFO
SIGUSR1: SIG_DFL, sa_mask[0]=00000000000000000000000000000000, sa_flags=none
SIGUSR2: [libjvm.so+0x919ab0], sa_mask[0]=00100000000000000000000000000000, sa_flags=SA_RESTART|SA_SIGINFO
SIGHUP: [libjvm.so+0x91aeb0], sa_mask[0]=11111111011111111101111111111110, sa_flags=SA_RESTART|SA_SIGINFO
SIGINT: [libjvm.so+0x91aeb0], sa_mask[0]=11111111011111111101111111111110, sa_flags=SA_RESTART|SA_SIGINFO
SIGTERM: [libjvm.so+0x91aeb0], sa_mask[0]=11111111011111111101111111111110, sa_flags=SA_RESTART|SA_SIGINFO
SIGQUIT: [libjvm.so+0x91aeb0], sa_mask[0]=11111111011111111101111111111110, sa_flags=SA_RESTART|SA_SIGINFO


---------------  S Y S T E M  ---------------

OS:DISTRIB_ID=Ubuntu
DISTRIB_RELEASE=14.04
DISTRIB_CODENAME=trusty
DISTRIB_DESCRIPTION="Ubuntu 14.04.4 LTS"

uname:Linux 3.19.0-47-lowlatency #53~14.04.1-Ubuntu SMP PREEMPT Mon Jan 18 17:05:21 UTC 2016 x86_64
libc:glibc 2.19 NPTL 2.19 
rlimit: STACK 8192k, CORE 0k, NPROC 15331, NOFILE 4096, AS infinity
load average:1.44 1.91 1.90

/proc/meminfo:
MemTotal:        3956196 kB
MemFree:          298312 kB
MemAvailable:     506180 kB
Buffers:           20564 kB
Cached:           851280 kB
SwapCached:            0 kB
Active:          2248524 kB
Inactive:        1211520 kB
Active(anon):    2102728 kB
Inactive(anon):  1010288 kB
Active(file):     145796 kB
Inactive(file):   201232 kB
Unevictable:        1376 kB
Mlocked:            1376 kB
SwapTotal:       8200184 kB
SwapFree:        8200184 kB
Dirty:              8324 kB
Writeback:             0 kB
AnonPages:       2589728 kB
Mapped:           380376 kB
Shmem:            524816 kB
Slab:              95972 kB
SReclaimable:      59564 kB
SUnreclaim:        36408 kB
KernelStack:       13056 kB
PageTables:        42560 kB
NFS_Unstable:          0 kB
Bounce:                0 kB
WritebackTmp:          0 kB
CommitLimit:    10178280 kB
Committed_AS:    6918548 kB
VmallocTotal:   34359738367 kB
VmallocUsed:      353536 kB
VmallocChunk:   34359374424 kB
HardwareCorrupted:     0 kB
AnonHugePages:    976896 kB
CmaTotal:              0 kB
CmaFree:               0 kB
HugePages_Total:       0
HugePages_Free:        0
HugePages_Rsvd:        0
HugePages_Surp:        0
Hugepagesize:       2048 kB
DirectMap4k:      167532 kB
DirectMap2M:     3936256 kB


CPU:total 4 (2 cores per cpu, 2 threads per core) family 6 model 42 stepping 7, cmov, cx8, fxsr, mmx, sse, sse2, sse3, ssse3, sse4.1, sse4.2, popcnt, avx, clmul, ht, tsc, tscinvbit

/proc/cpuinfo:
processor	: 0
vendor_id	: GenuineIntel
cpu family	: 6
model		: 42
model name	: Intel(R) Core(TM) i3-2120 CPU @ 3.30GHz
stepping	: 7
microcode	: 0x1a
cpu MHz		: 3183.210
cache size	: 3072 KB
physical id	: 0
siblings	: 4
core id		: 0
cpu cores	: 2
apicid		: 0
initial apicid	: 0
fpu		: yes
fpu_exception	: yes
cpuid level	: 13
wp		: yes
flags		: fpu vme de pse tsc msr pae mce cx8 apic sep mtrr pge mca cmov pat pse36 clflush dts acpi mmx fxsr sse sse2 ss ht tm pbe syscall nx rdtscp lm constant_tsc arch_perfmon pebs bts rep_good nopl xtopology nonstop_tsc aperfmperf eagerfpu pni pclmulqdq dtes64 monitor ds_cpl vmx est tm2 ssse3 cx16 xtpr pdcm pcid sse4_1 sse4_2 popcnt tsc_deadline_timer xsave avx lahf_lm arat epb pln pts dtherm tpr_shadow vnmi flexpriority ept vpid xsaveopt
bugs		:
bogomips	: 6582.89
clflush size	: 64
cache_alignment	: 64
address sizes	: 36 bits physical, 48 bits virtual
power management:

processor	: 1
vendor_id	: GenuineIntel
cpu family	: 6
model		: 42
model name	: Intel(R) Core(TM) i3-2120 CPU @ 3.30GHz
stepping	: 7
microcode	: 0x1a
cpu MHz		: 3202.289
cache size	: 3072 KB
physical id	: 0
siblings	: 4
core id		: 1
cpu cores	: 2
apicid		: 2
initial apicid	: 2
fpu		: yes
fpu_exception	: yes
cpuid level	: 13
wp		: yes
flags		: fpu vme de pse tsc msr pae mce cx8 apic sep mtrr pge mca cmov pat pse36 clflush dts acpi mmx fxsr sse sse2 ss ht tm pbe syscall nx rdtscp lm constant_tsc arch_perfmon pebs bts rep_good nopl xtopology nonstop_tsc aperfmperf eagerfpu pni pclmulqdq dtes64 monitor ds_cpl vmx est tm2 ssse3 cx16 xtpr pdcm pcid sse4_1 sse4_2 popcnt tsc_deadline_timer xsave avx lahf_lm arat epb pln pts dtherm tpr_shadow vnmi flexpriority ept vpid xsaveopt
bugs		:
bogomips	: 6582.89
clflush size	: 64
cache_alignment	: 64
address sizes	: 36 bits physical, 48 bits virtual
power management:

processor	: 2
vendor_id	: GenuineIntel
cpu family	: 6
model		: 42
model name	: Intel(R) Core(TM) i3-2120 CPU @ 3.30GHz
stepping	: 7
microcode	: 0x1a
cpu MHz		: 3051.339
cache size	: 3072 KB
physical id	: 0
siblings	: 4
core id		: 0
cpu cores	: 2
apicid		: 1
initial apicid	: 1
fpu		: yes
fpu_exception	: yes
cpuid level	: 13
wp		: yes
flags		: fpu vme de pse tsc msr pae mce cx8 apic sep mtrr pge mca cmov pat pse36 clflush dts acpi mmx fxsr sse sse2 ss ht tm pbe syscall nx rdtscp lm constant_tsc arch_perfmon pebs bts rep_good nopl xtopology nonstop_tsc aperfmperf eagerfpu pni pclmulqdq dtes64 monitor ds_cpl vmx est tm2 ssse3 cx16 xtpr pdcm pcid sse4_1 sse4_2 popcnt tsc_deadline_timer xsave avx lahf_lm arat epb pln pts dtherm tpr_shadow vnmi flexpriority ept vpid xsaveopt
bugs		:
bogomips	: 6582.89
clflush size	: 64
cache_alignment	: 64
address sizes	: 36 bits physical, 48 bits virtual
power management:

processor	: 3
vendor_id	: GenuineIntel
cpu family	: 6
model		: 42
model name	: Intel(R) Core(TM) i3-2120 CPU @ 3.30GHz
stepping	: 7
microcode	: 0x1a
cpu MHz		: 3222.140
cache size	: 3072 KB
physical id	: 0
siblings	: 4
core id		: 1
cpu cores	: 2
apicid		: 3
initial apicid	: 3
fpu		: yes
fpu_exception	: yes
cpuid level	: 13
wp		: yes
flags		: fpu vme de pse tsc msr pae mce cx8 apic sep mtrr pge mca cmov pat pse36 clflush dts acpi mmx fxsr sse sse2 ss ht tm pbe syscall nx rdtscp lm constant_tsc arch_perfmon pebs bts rep_good nopl xtopology nonstop_tsc aperfmperf eagerfpu pni pclmulqdq dtes64 monitor ds_cpl vmx est tm2 ssse3 cx16 xtpr pdcm pcid sse4_1 sse4_2 popcnt tsc_deadline_timer xsave avx lahf_lm arat epb pln pts dtherm tpr_shadow vnmi flexpriority ept vpid xsaveopt
bugs		:
bogomips	: 6582.89
clflush size	: 64
cache_alignment	: 64
address sizes	: 36 bits physical, 48 bits virtual
power management:



Memory: 4k page, physical 3956196k(298312k free), swap 8200184k(8200184k free)

vm_info: Java HotSpot(TM) 64-Bit Server VM (25.72-b15) for linux-amd64 JRE (1.8.0_72-b15), built on Dec 22 2015 22:00:07 by "java_re" with gcc 4.3.0 20080428 (Red Hat 4.3.0-8)

time: Fri Mar 18 14:00:30 2016
elapsed time: 14 seconds (0d 0h 0m 14s)

