#
# A fatal error has been detected by the Java Runtime Environment:
#
#  SIGSEGV (0xb) at pc=0x000000000000002f, pid=5960, tid=140256859539200
#
# JRE version: Java(TM) SE Runtime Environment (8.0_72-b15) (build 1.8.0_72-b15)
# Java VM: Java HotSpot(TM) 64-Bit Server VM (25.72-b15 mixed mode linux-amd64 compressed oops)
# Problematic frame:
# C  0x000000000000002f
#
# Failed to write core dump. Core dumps have been disabled. To enable core dumping, try "ulimit -c unlimited" before starting Java again
#
# If you would like to submit a bug report, please visit:
#   http://bugreport.java.com/bugreport/crash.jsp
# The crash happened outside the Java Virtual Machine in native code.
# See problematic frame for where to report the bug.
#

---------------  T H R E A D  ---------------

Current thread (0x00007f906c413000):  JavaThread "LWJGL Application" [_thread_in_native, id=5994, stack(0x00007f90183a4000,0x00007f90184a5000)]

siginfo: si_signo: 11 (SIGSEGV), si_code: 1 (SEGV_MAPERR), si_addr: 0x000000000000002f

Registers:
RAX=0x00007f8ff8ea50d0, RBX=0x00007f8ff8ea4fd0, RCX=0x0000000000000000, RDX=0x00007f8ff8ea5010
RSP=0x00007f90184a3458, RBP=0x00007f8ff8dc6440, RSI=0x00007f8ff8dc6440, RDI=0x00007f8ff8ea4fd0
R8 =0x0000000000000000, R9 =0x0000000000000006, R10=0x00007f905d01ce58, R11=0x00007f9073a6dd80
R12=0x00007f8ff8db1060, R13=0x0000000000000001, R14=0x00007f90184a35c0, R15=0x00007f906c413000
RIP=0x000000000000002f, EFLAGS=0x0000000000010206, CSGSFS=0x0000000000000033, ERR=0x0000000000000014
  TRAPNO=0x000000000000000e

Top of Stack: (sp=0x00007f90184a3458)
0x00007f90184a3458:   00007f90021847d2 00007f90184a3540
0x00007f90184a3468:   00007f8ff8db0fa0 00007f8ff8dc6440
0x00007f90184a3478:   00007f9002192545 00007f90184a3580
0x00007f90184a3488:   00007f8ff8dc6440 00007f8ff8ea4fd0
0x00007f90184a3498:   0000000000000000 00007f900c1f9ca8
0x00007f90184a34a8:   00007f9002198732 00007f90023a7af0
0x00007f90184a34b8:   00007f906c4131f8 00007f90184a35c0
0x00007f90184a34c8:   00007f905d01ca59 00007f90023a7b30
0x00007f90184a34d8:   00007f906c4131f8 00007f90184a35c0
0x00007f90184a34e8:   00007f90184a3540 00007f906c413000
0x00007f90184a34f8:   00007f900c1f9ca8 00007f90184a3580
0x00007f90184a3508:   00007f905d01ce84 00007f900c1f9ca8
0x00007f90184a3518:   0000000000000000 00007f90184a3580
0x00007f90184a3528:   00007f905d01ca8d 00007f90184a3588
0x00007f90184a3538:   00007f905d01ca59 00007f90184a3540
0x00007f90184a3548:   00007f900c1f9ca8 00007f90184a35c0
0x00007f90184a3558:   00007f900c207da0 0000000000000000
0x00007f90184a3568:   00007f900c1f9ca8 0000000000000000
0x00007f90184a3578:   00007f90184a35a0 00007f90184a3608
0x00007f90184a3588:   00007f905d007ccd 0000000000000000
0x00007f90184a3598:   00007f905d0137d8 00007f8ff8ea4fd0
0x00007f90184a35a8:   00000000ec4c9658 00007f8ff8dc6440
0x00007f90184a35b8:   00000000ec7e2e60 00000000ec488dd8
0x00007f90184a35c8:   00007f90184a35c8 00007f900c1f9bf8
0x00007f90184a35d8:   00007f90184a3620 00007f900c207da0
0x00007f90184a35e8:   0000000000000000 00007f900c1f9c20
0x00007f90184a35f8:   00007f90184a35a0 00007f90184a3618
0x00007f90184a3608:   00007f90184a3668 00007f905d007ccd
0x00007f90184a3618:   00000000ec7ca840 00000000ec488dd8
0x00007f90184a3628:   00007f90184a3628 00007f900c1b9291
0x00007f90184a3638:   00007f90184a36c0 00007f900c1c5998
0x00007f90184a3648:   0000000000000000 00007f900c1b93c0 

Instructions: (pc=0x000000000000002f)
0x000000000000000f:   
[error occurred during error reporting (printing registers, top of stack, instructions near pc), id 0xb]

Register to memory mapping:

RAX=0x00007f8ff8ea50d0 is an unknown value
RBX=0x00007f8ff8ea4fd0 is an unknown value
RCX=0x0000000000000000 is an unknown value
RDX=0x00007f8ff8ea5010 is an unknown value
RSP=0x00007f90184a3458 is pointing into the stack for thread: 0x00007f906c413000
RBP=0x00007f8ff8dc6440 is an unknown value
RSI=0x00007f8ff8dc6440 is an unknown value
RDI=0x00007f8ff8ea4fd0 is an unknown value
R8 =0x0000000000000000 is an unknown value
R9 =0x0000000000000006 is an unknown value
R10=0x00007f905d01ce58 is at code_begin+1528 in an Interpreter codelet
method entry point (kind = native)  [0x00007f905d01c860, 0x00007f905d01d7a0]  3904 bytes
R11=0x00007f9073a6dd80: <offset 0x9b9d80> in /usr/lib/jvm/java-8-oracle/jre/lib/amd64/server/libjvm.so at 0x00007f90730b4000
R12=0x00007f8ff8db1060 is an unknown value
R13=0x0000000000000001 is an unknown value
R14=0x00007f90184a35c0 is pointing into the stack for thread: 0x00007f906c413000
R15=0x00007f906c413000 is a thread


Stack: [0x00007f90183a4000,0x00007f90184a5000],  sp=0x00007f90184a3458,  free space=1021k
Native frames: (J=compiled Java code, j=interpreted, Vv=VM code, C=native code)
C  0x000000000000002f

Java frames: (J=compiled Java code, j=interpreted, Vv=VM code)
j  com.badlogic.gdx.physics.box2d.World.jniDestroyJoint(JJ)V+0
j  com.badlogic.gdx.physics.box2d.World.destroyJoint(Lcom/badlogic/gdx/physics/box2d/Joint;)V+64
j  com.mygdx.game_asteroid_3d.GamePlayScreen.touchUp(IIII)Z+73
j  com.badlogic.gdx.InputMultiplexer.touchUp(IIII)Z+36
J 1333 C1 com.badlogic.gdx.backends.lwjgl.LwjglInput.processEvents()V (478 bytes) @ 0x00007f905d4d642c [0x00007f905d4d5680+0xdac]
j  com.badlogic.gdx.backends.lwjgl.LwjglApplication.mainLoop()V+600
j  com.badlogic.gdx.backends.lwjgl.LwjglApplication$1.run()V+27
v  ~StubRoutines::call_stub

---------------  P R O C E S S  ---------------

Java Threads: ( => current thread )
  0x00007f8ff8e9d000 JavaThread "Thread-2" [_thread_blocked, id=6002, stack(0x00007f9001ee1000,0x00007f9001fe2000)]
  0x00007f8ff8e28800 JavaThread "Thread-1" [_thread_blocked, id=6001, stack(0x00007f900205a000,0x00007f900215b000)]
  0x00007f8ff8012800 JavaThread "process reaper" daemon [_thread_blocked, id=5996, stack(0x00007f904c04d000,0x00007f904c086000)]
  0x00007f906c00f000 JavaThread "DestroyJavaVM" [_thread_blocked, id=5965, stack(0x00007f9074b7a000,0x00007f9074c7b000)]
=>0x00007f906c413000 JavaThread "LWJGL Application" [_thread_in_native, id=5994, stack(0x00007f90183a4000,0x00007f90184a5000)]
  0x00007f906c36a000 JavaThread "AWT-XAWT" daemon [_thread_in_native, id=5990, stack(0x00007f901ab2c000,0x00007f901ac2d000)]
  0x00007f906c34c000 JavaThread "Java2D Disposer" daemon [_thread_blocked, id=5989, stack(0x00007f901b03d000,0x00007f901b13e000)]
  0x00007f906c0d6000 JavaThread "Service Thread" daemon [_thread_blocked, id=5987, stack(0x00007f904d3c0000,0x00007f904d4c1000)]
  0x00007f906c0d3000 JavaThread "C1 CompilerThread2" daemon [_thread_blocked, id=5986, stack(0x00007f904d4c1000,0x00007f904d5c2000)]
  0x00007f906c0d1000 JavaThread "C2 CompilerThread1" daemon [_thread_blocked, id=5984, stack(0x00007f904d5c2000,0x00007f904d6c3000)]
  0x00007f906c0ce000 JavaThread "C2 CompilerThread0" daemon [_thread_blocked, id=5983, stack(0x00007f904d6c3000,0x00007f904d7c4000)]
  0x00007f9038001000 JavaThread "JDWP Command Reader" daemon [_thread_in_native, id=5980, stack(0x00007f904d7c4000,0x00007f904d8c5000)]
  0x00007f906c0cc000 JavaThread "JDWP Event Helper Thread" daemon [_thread_blocked, id=5978, stack(0x00007f904d8c5000,0x00007f904d9c6000)]
  0x00007f906c0c8800 JavaThread "JDWP Transport Listener: dt_socket" daemon [_thread_blocked, id=5976, stack(0x00007f904d9c6000,0x00007f904dac7000)]
  0x00007f906c0bb000 JavaThread "Signal Dispatcher" daemon [_thread_blocked, id=5974, stack(0x00007f904dccb000,0x00007f904ddcc000)]
  0x00007f906c089000 JavaThread "Finalizer" daemon [_thread_blocked, id=5973, stack(0x00007f904ddcc000,0x00007f904decd000)]
  0x00007f906c084800 JavaThread "Reference Handler" daemon [_thread_blocked, id=5972, stack(0x00007f904decd000,0x00007f904dfce000)]

Other Threads:
  0x00007f906c07c800 VMThread [stack: 0x00007f904dfce000,0x00007f904e0cf000] [id=5971]
  0x00007f906c0d9000 WatcherThread [stack: 0x00007f904d2bf000,0x00007f904d3c0000] [id=5988]

VM state:not at safepoint (normal execution)

VM Mutex/Monitor currently owned by a thread: None

Heap:
 PSYoungGen      total 18432K, used 12885K [0x00000000ebe00000, 0x00000000ed280000, 0x0000000100000000)
  eden space 15872K, 65% used [0x00000000ebe00000,0x00000000ec81d2b0,0x00000000ecd80000)
  from space 2560K, 98% used [0x00000000ecd80000,0x00000000ecff82b0,0x00000000ed000000)
  to   space 2560K, 0% used [0x00000000ed000000,0x00000000ed000000,0x00000000ed280000)
 ParOldGen       total 42496K, used 799K [0x00000000c3a00000, 0x00000000c6380000, 0x00000000ebe00000)
  object space 42496K, 1% used [0x00000000c3a00000,0x00000000c3ac7d20,0x00000000c6380000)
 Metaspace       used 11446K, capacity 11647K, committed 11776K, reserved 1060864K
  class space    used 1085K, capacity 1158K, committed 1280K, reserved 1048576K

Card table byte_map: [0x00007f9071079000,0x00007f907125d000] byte_map_base: 0x00007f9070a5c000

Marking Bits: (ParMarkBitMap*) 0x00007f9074069100
 Begin Bits: [0x00007f904e1d0000, 0x00007f904f0e8000)
 End Bits:   [0x00007f904f0e8000, 0x00007f9050000000)

Polling page: 0x00007f9074cb0000

CodeCache: size=245760Kb used=5102Kb max_used=5113Kb free=240658Kb
 bounds [0x00007f905d000000, 0x00007f905d510000, 0x00007f906c000000]
 total_blobs=2025 nmethods=1369 adapters=578
 compilation: enabled

Compilation events (10 events):
Event: 11.872 Thread 0x00007f906c0d3000 nmethod 1364 0x00007f905d4fb590 code [0x00007f905d4fb720, 0x00007f905d4fba88]
Event: 11.873 Thread 0x00007f906c0d3000 1365       3       com.badlogic.gdx.Game::render (25 bytes)
Event: 11.873 Thread 0x00007f906c0d3000 nmethod 1365 0x00007f905d4faed0 code [0x00007f905d4fb060, 0x00007f905d4fb368]
Event: 11.877 Thread 0x00007f906c0ce000 nmethod 1366 0x00007f905d4fde10 code [0x00007f905d4fdfe0, 0x00007f905d4fe5b8]
Event: 12.005 Thread 0x00007f906c0d3000 1367       3       java.util.concurrent.locks.ReentrantLock$NonfairSync::tryAcquire (6 bytes)
Event: 12.005 Thread 0x00007f906c0d3000 nmethod 1367 0x00007f905d4fd9d0 code [0x00007f905d4fdb40, 0x00007f905d4fdd68]
Event: 12.188 Thread 0x00007f906c0d1000 1368       4       com.badlogic.gdx.math.Matrix4::set (142 bytes)
Event: 12.188 Thread 0x00007f906c0d3000 1369       3       sun.util.logging.PlatformLogger$DefaultLoggerProxy::isLoggable (29 bytes)
Event: 12.189 Thread 0x00007f906c0d3000 nmethod 1369 0x00007f905d4fd110 code [0x00007f905d4fd2a0, 0x00007f905d4fd7d0]
Event: 12.190 Thread 0x00007f906c0d1000 nmethod 1368 0x00007f905d4fcd10 code [0x00007f905d4fce60, 0x00007f905d4fcff8]

GC Heap History (2 events):
Event: 0.902 GC heap before
{Heap before GC invocations=1 (full 0):
 PSYoungGen      total 18432K, used 15872K [0x00000000ebe00000, 0x00000000ed280000, 0x0000000100000000)
  eden space 15872K, 100% used [0x00000000ebe00000,0x00000000ecd80000,0x00000000ecd80000)
  from space 2560K, 0% used [0x00000000ed000000,0x00000000ed000000,0x00000000ed280000)
  to   space 2560K, 0% used [0x00000000ecd80000,0x00000000ecd80000,0x00000000ed000000)
 ParOldGen       total 42496K, used 0K [0x00000000c3a00000, 0x00000000c6380000, 0x00000000ebe00000)
  object space 42496K, 0% used [0x00000000c3a00000,0x00000000c3a00000,0x00000000c6380000)
 Metaspace       used 9410K, capacity 9631K, committed 9728K, reserved 1058816K
  class space    used 909K, capacity 998K, committed 1024K, reserved 1048576K
Event: 0.906 GC heap after
Heap after GC invocations=1 (full 0):
 PSYoungGen      total 18432K, used 2528K [0x00000000ebe00000, 0x00000000ed280000, 0x0000000100000000)
  eden space 15872K, 0% used [0x00000000ebe00000,0x00000000ebe00000,0x00000000ecd80000)
  from space 2560K, 98% used [0x00000000ecd80000,0x00000000ecff82b0,0x00000000ed000000)
  to   space 2560K, 0% used [0x00000000ed000000,0x00000000ed000000,0x00000000ed280000)
 ParOldGen       total 42496K, used 799K [0x00000000c3a00000, 0x00000000c6380000, 0x00000000ebe00000)
  object space 42496K, 1% used [0x00000000c3a00000,0x00000000c3ac7d20,0x00000000c6380000)
 Metaspace       used 9410K, capacity 9631K, committed 9728K, reserved 1058816K
  class space    used 909K, capacity 998K, committed 1024K, reserved 1048576K
}

Deoptimization events (4 events):
Event: 0.212 Thread 0x00007f906c00f000 Uncommon trap: reason=unstable_if action=reinterpret pc=0x00007f905d131520 method=java.lang.String.indexOf(II)I @ 49
Event: 0.437 Thread 0x00007f906c413000 Uncommon trap: reason=unstable_if action=reinterpret pc=0x00007f905d1ae334 method=java.lang.String.replace(CC)Ljava/lang/String; @ 26
Event: 0.635 Thread 0x00007f906c413000 Uncommon trap: reason=unstable_if action=reinterpret pc=0x00007f905d204cd4 method=java.lang.String.<init>([CII)V @ 18
Event: 1.705 Thread 0x00007f906c413000 Uncommon trap: reason=unstable_if action=reinterpret pc=0x00007f905d288a2c method=java.lang.String.substring(II)Ljava/lang/String; @ 1

Internal exceptions (10 events):
Event: 0.372 Thread 0x00007f906c00f000 Exception <a 'java/security/PrivilegedActionException'> (0x00000000ec385f50) thrown at [/HUDSON/workspace/8-2-build-linux-amd64/jdk8u72/5732/hotspot/src/share/vm/prims/jvm.cpp, line 1386]
Event: 0.372 Thread 0x00007f906c00f000 Exception <a 'java/security/PrivilegedActionException'> (0x00000000ec386ba8) thrown at [/HUDSON/workspace/8-2-build-linux-amd64/jdk8u72/5732/hotspot/src/share/vm/prims/jvm.cpp, line 1386]
Event: 0.372 Thread 0x00007f906c00f000 Exception <a 'java/security/PrivilegedActionException'> (0x00000000ec3877d0) thrown at [/HUDSON/workspace/8-2-build-linux-amd64/jdk8u72/5732/hotspot/src/share/vm/prims/jvm.cpp, line 1386]
Event: 0.372 Thread 0x00007f906c00f000 Exception <a 'java/security/PrivilegedActionException'> (0x00000000ec389df8) thrown at [/HUDSON/workspace/8-2-build-linux-amd64/jdk8u72/5732/hotspot/src/share/vm/prims/jvm.cpp, line 1386]
Event: 0.372 Thread 0x00007f906c00f000 Exception <a 'java/security/PrivilegedActionException'> (0x00000000ec38aa50) thrown at [/HUDSON/workspace/8-2-build-linux-amd64/jdk8u72/5732/hotspot/src/share/vm/prims/jvm.cpp, line 1386]
Event: 0.372 Thread 0x00007f906c00f000 Exception <a 'java/security/PrivilegedActionException'> (0x00000000ec38b678) thrown at [/HUDSON/workspace/8-2-build-linux-amd64/jdk8u72/5732/hotspot/src/share/vm/prims/jvm.cpp, line 1386]
Event: 0.372 Thread 0x00007f906c00f000 Exception <a 'java/security/PrivilegedActionException'> (0x00000000ec38dae8) thrown at [/HUDSON/workspace/8-2-build-linux-amd64/jdk8u72/5732/hotspot/src/share/vm/prims/jvm.cpp, line 1386]
Event: 0.372 Thread 0x00007f906c00f000 Exception <a 'java/security/PrivilegedActionException'> (0x00000000ec38e740) thrown at [/HUDSON/workspace/8-2-build-linux-amd64/jdk8u72/5732/hotspot/src/share/vm/prims/jvm.cpp, line 1386]
Event: 0.373 Thread 0x00007f906c00f000 Exception <a 'java/security/PrivilegedActionException'> (0x00000000ec38f368) thrown at [/HUDSON/workspace/8-2-build-linux-amd64/jdk8u72/5732/hotspot/src/share/vm/prims/jvm.cpp, line 1386]
Event: 0.448 Thread 0x00007f906c413000 Exception <a 'java/lang/NoClassDefFoundError': org/lwjgl/opengles/GLContext> (0x00000000ec7034a8) thrown at [/HUDSON/workspace/8-2-build-linux-amd64/jdk8u72/5732/hotspot/src/share/vm/classfile/systemDictionary.cpp, line 199]

Events (10 events):
Event: 14.537 Executing VM operation: ChangeSingleStep
Event: 14.537 Executing VM operation: ChangeSingleStep done
Event: 14.538 Executing VM operation: ChangeSingleStep
Event: 14.538 Executing VM operation: ChangeSingleStep done
Event: 14.538 Executing VM operation: GetCurrentLocation
Event: 14.538 Executing VM operation: GetCurrentLocation done
Event: 14.538 Executing VM operation: ChangeSingleStep
Event: 14.538 Executing VM operation: ChangeSingleStep done
Event: 14.538 Executing VM operation: ChangeSingleStep
Event: 14.538 Executing VM operation: ChangeSingleStep done


Dynamic libraries:
00400000-00401000 r-xp 00000000 fc:00 951317                             /usr/lib/jvm/java-8-oracle/bin/java
00600000-00601000 rw-p 00000000 fc:00 951317                             /usr/lib/jvm/java-8-oracle/bin/java
01926000-01947000 rw-p 00000000 00:00 0                                  [heap]
c3a00000-c6380000 rw-p 00000000 00:00 0 
c6380000-ebe00000 ---p 00000000 00:00 0 
ebe00000-ed280000 rw-p 00000000 00:00 0 
ed280000-100000000 ---p 00000000 00:00 0 
100000000-100140000 rw-p 00000000 00:00 0 
100140000-140000000 ---p 00000000 00:00 0 
7f8fe4000000-7f8fe4021000 rw-p 00000000 00:00 0 
7f8fe4021000-7f8fe8000000 ---p 00000000 00:00 0 
7f8fe8800000-7f8fec000000 rw-s 1774f6000 00:06 2296                      /dev/dri/card0
7f8fec000000-7f8fec021000 rw-p 00000000 00:00 0 
7f8fec021000-7f8ff0000000 ---p 00000000 00:00 0 
7f8ff0000000-7f8ff0021000 rw-p 00000000 00:00 0 
7f8ff0021000-7f8ff4000000 ---p 00000000 00:00 0 
7f8ff4000000-7f8ff4021000 rw-p 00000000 00:00 0 
7f8ff4021000-7f8ff8000000 ---p 00000000 00:00 0 
7f8ff8000000-7f8ff8ee8000 rw-p 00000000 00:00 0 
7f8ff8ee8000-7f8ffc000000 ---p 00000000 00:00 0 
7f8ffc000000-7f8ffc021000 rw-p 00000000 00:00 0 
7f8ffc021000-7f9000000000 ---p 00000000 00:00 0 
7f9001ce1000-7f9001d21000 rw-p 00000000 00:00 0 
7f9001d21000-7f9001ee1000 ---p 00000000 00:00 0 
7f9001ee1000-7f9001ee4000 ---p 00000000 00:00 0 
7f9001ee4000-7f9001fe2000 rw-p 00000000 00:00 0                          [stack:6002]
7f9001fe2000-7f900201a000 rw-s 00000000 00:05 2440065                    /drm mm object (deleted)
7f900201a000-7f900205a000 rw-s 00000000 00:05 2440064                    /drm mm object (deleted)
7f900205a000-7f900205d000 ---p 00000000 00:00 0 
7f900205d000-7f900215b000 rw-p 00000000 00:00 0                          [stack:6001]
7f900215b000-7f90021a7000 r-xp 00000000 fc:00 1048470                    /tmp/libgdxvostanin/72da4579/libgdx-box2d64.so
7f90021a7000-7f90023a6000 ---p 0004c000 fc:00 1048470                    /tmp/libgdxvostanin/72da4579/libgdx-box2d64.so
7f90023a6000-7f90023a8000 r--p 0004b000 fc:00 1048470                    /tmp/libgdxvostanin/72da4579/libgdx-box2d64.so
7f90023a8000-7f90023a9000 rw-p 0004d000 fc:00 1048470                    /tmp/libgdxvostanin/72da4579/libgdx-box2d64.so
7f90023a9000-7f9002409000 rw-s 00000000 00:05 2440058                    /drm mm object (deleted)
7f9002409000-7f9002469000 rw-s 00000000 00:05 2440057                    /drm mm object (deleted)
7f9002469000-7f90024c9000 rw-s 00000000 00:05 2440056                    /drm mm object (deleted)
7f90024c9000-7f9002529000 rw-s 00000000 00:05 2440055                    /drm mm object (deleted)
7f9002529000-7f9002589000 rw-s 00000000 00:05 2440054                    /drm mm object (deleted)
7f9002589000-7f90025e9000 rw-s 00000000 00:05 2440053                    /drm mm object (deleted)
7f90025e9000-7f9002649000 rw-s 00000000 00:05 2440052                    /drm mm object (deleted)
7f9002649000-7f90026a9000 rw-s 00000000 00:05 2440051                    /drm mm object (deleted)
7f90026a9000-7f9002709000 rw-s 00000000 00:05 2440050                    /drm mm object (deleted)
7f9002709000-7f9002769000 rw-s 00000000 00:05 2440049                    /drm mm object (deleted)
7f9002769000-7f90027c9000 rw-s 00000000 00:05 2440048                    /drm mm object (deleted)
7f90027c9000-7f9002829000 rw-s 00000000 00:05 2440047                    /drm mm object (deleted)
7f9002829000-7f9002889000 rw-s 00000000 00:05 2440046                    /drm mm object (deleted)
7f9002889000-7f90028e9000 rw-s 00000000 00:05 2440045                    /drm mm object (deleted)
7f90028e9000-7f9002949000 rw-s 00000000 00:05 2440044                    /drm mm object (deleted)
7f9002949000-7f90029a9000 rw-s 00000000 00:05 2440043                    /drm mm object (deleted)
7f90029a9000-7f9002a09000 rw-s 00000000 00:05 2440042                    /drm mm object (deleted)
7f9002a09000-7f9002a69000 rw-s 00000000 00:05 2440041                    /drm mm object (deleted)
7f9002a69000-7f9002b49000 rw-s 00000000 00:05 2440034                    /drm mm object (deleted)
7f9002b49000-7f9002cc9000 rw-s 00000000 00:05 2440033                    /drm mm object (deleted)
7f9002cc9000-7f9002e49000 rw-s 00000000 00:05 2440032                    /drm mm object (deleted)
7f9002e49000-7f9002ef3000 r-xp 00000000 fc:00 1048464                    /tmp/libgdxvostanin/a663e0f9/libgdx-freetype64.so
7f9002ef3000-7f90030f3000 ---p 000aa000 fc:00 1048464                    /tmp/libgdxvostanin/a663e0f9/libgdx-freetype64.so
7f90030f3000-7f90030f9000 r--p 000aa000 fc:00 1048464                    /tmp/libgdxvostanin/a663e0f9/libgdx-freetype64.so
7f90030f9000-7f90030fa000 rw-p 000b0000 fc:00 1048464                    /tmp/libgdxvostanin/a663e0f9/libgdx-freetype64.so
7f90030fa000-7f9003fff000 rw-p 00000000 00:00 0 
7f9003fff000-7f9008000000 rw-s 00000000 00:16 2439970                    /run/shm/pulse-shm-3752008192
7f9008000000-7f9008021000 rw-p 00000000 00:00 0 
7f9008021000-7f900c000000 ---p 00000000 00:00 0 
7f900c023000-7f900c03f000 rw-s 00000000 00:05 2440059                    /drm mm object (deleted)
7f900c03f000-7f900c09f000 rw-s 00000000 00:05 2440040                    /drm mm object (deleted)
7f900c09f000-7f900c29f000 rw-p 00000000 00:00 0 
7f900c29f000-7f900c538000 rw-p 00000000 00:00 0 
7f900c538000-7f900c56f000 r-xp 00000000 fc:00 922552                     /usr/lib/x86_64-linux-gnu/libtxc_dxtn_s2tc.so.0.0.0
7f900c56f000-7f900c76e000 ---p 00037000 fc:00 922552                     /usr/lib/x86_64-linux-gnu/libtxc_dxtn_s2tc.so.0.0.0
7f900c76e000-7f900c76f000 r--p 00036000 fc:00 922552                     /usr/lib/x86_64-linux-gnu/libtxc_dxtn_s2tc.so.0.0.0
7f900c76f000-7f900c770000 rw-p 00037000 fc:00 922552                     /usr/lib/x86_64-linux-gnu/libtxc_dxtn_s2tc.so.0.0.0
7f900c770000-7f900c788000 r-xp 00000000 fc:00 131064                     /lib/x86_64-linux-gnu/libz.so.1.2.8
7f900c788000-7f900c987000 ---p 00018000 fc:00 131064                     /lib/x86_64-linux-gnu/libz.so.1.2.8
7f900c987000-7f900c988000 r--p 00017000 fc:00 131064                     /lib/x86_64-linux-gnu/libz.so.1.2.8
7f900c988000-7f900c989000 rw-p 00018000 fc:00 131064                     /lib/x86_64-linux-gnu/libz.so.1.2.8
7f900c989000-7f900c991000 r-xp 00000000 fc:00 919456                     /usr/lib/x86_64-linux-gnu/libpciaccess.so.0.11.1
7f900c991000-7f900cb90000 ---p 00008000 fc:00 919456                     /usr/lib/x86_64-linux-gnu/libpciaccess.so.0.11.1
7f900cb90000-7f900cb91000 r--p 00007000 fc:00 919456                     /usr/lib/x86_64-linux-gnu/libpciaccess.so.0.11.1
7f900cb91000-7f900cb92000 rw-p 00008000 fc:00 919456                     /usr/lib/x86_64-linux-gnu/libpciaccess.so.0.11.1
7f900cb92000-7f900cbb9000 r-xp 00000000 fc:00 132025                     /lib/x86_64-linux-gnu/libexpat.so.1.6.0
7f900cbb9000-7f900cdb9000 ---p 00027000 fc:00 132025                     /lib/x86_64-linux-gnu/libexpat.so.1.6.0
7f900cdb9000-7f900cdbb000 r--p 00027000 fc:00 132025                     /lib/x86_64-linux-gnu/libexpat.so.1.6.0
7f900cdbb000-7f900cdbc000 rw-p 00029000 fc:00 132025                     /lib/x86_64-linux-gnu/libexpat.so.1.6.0
7f900cdbc000-7f900cdc8000 r-xp 00000000 fc:00 919463                     /usr/lib/x86_64-linux-gnu/libdrm_radeon.so.1.0.1
7f900cdc8000-7f900cfc7000 ---p 0000c000 fc:00 919463                     /usr/lib/x86_64-linux-gnu/libdrm_radeon.so.1.0.1
7f900cfc7000-7f900cfc8000 r--p 0000b000 fc:00 919463                     /usr/lib/x86_64-linux-gnu/libdrm_radeon.so.1.0.1
7f900cfc8000-7f900cfc9000 rw-p 0000c000 fc:00 919463                     /usr/lib/x86_64-linux-gnu/libdrm_radeon.so.1.0.1
7f900cfc9000-7f900cfcf000 r-xp 00000000 fc:00 919461                     /usr/lib/x86_64-linux-gnu/libdrm_nouveau.so.2.0.0
7f900cfcf000-7f900d1ce000 ---p 00006000 fc:00 919461                     /usr/lib/x86_64-linux-gnu/libdrm_nouveau.so.2.0.0
7f900d1ce000-7f900d1cf000 r--p 00005000 fc:00 919461                     /usr/lib/x86_64-linux-gnu/libdrm_nouveau.so.2.0.0
7f900d1cf000-7f900d1d0000 rw-p 00006000 fc:00 919461                     /usr/lib/x86_64-linux-gnu/libdrm_nouveau.so.2.0.0
7f900d1d0000-7f900d1f0000 r-xp 00000000 fc:00 919458                     /usr/lib/x86_64-linux-gnu/libdrm_intel.so.1.0.0
7f900d1f0000-7f900d3ef000 ---p 00020000 fc:00 919458                     /usr/lib/x86_64-linux-gnu/libdrm_intel.so.1.0.0
7f900d3ef000-7f900d3f0000 r--p 0001f000 fc:00 919458                     /usr/lib/x86_64-linux-gnu/libdrm_intel.so.1.0.0
7f900d3f0000-7f900d3f1000 rw-p 00020000 fc:00 919458                     /usr/lib/x86_64-linux-gnu/libdrm_intel.so.1.0.0
7f900d3f1000-7f900d8e0000 r-xp 00000000 fc:00 928033                     /usr/lib/x86_64-linux-gnu/dri/i965_dri.so
7f900d8e0000-7f900dae0000 ---p 004ef000 fc:00 928033                     /usr/lib/x86_64-linux-gnu/dri/i965_dri.so
7f900dae0000-7f900daf7000 r--p 004ef000 fc:00 928033                     /usr/lib/x86_64-linux-gnu/dri/i965_dri.so
7f900daf7000-7f900db03000 rw-p 00506000 fc:00 928033                     /usr/lib/x86_64-linux-gnu/dri/i965_dri.so
7f900db03000-7f900db4f000 rw-p 00000000 00:00 0 
7f900db4f000-7f900db57000 r-xp 00000000 fc:00 130897                     /lib/x86_64-linux-gnu/libnih-dbus.so.1.0.0
7f900db57000-7f900dd57000 ---p 00008000 fc:00 130897                     /lib/x86_64-linux-gnu/libnih-dbus.so.1.0.0
7f900dd57000-7f900dd58000 r--p 00008000 fc:00 130897                     /lib/x86_64-linux-gnu/libnih-dbus.so.1.0.0
7f900dd58000-7f900dd59000 rw-p 00009000 fc:00 130897                     /lib/x86_64-linux-gnu/libnih-dbus.so.1.0.0
7f900dd59000-7f900dd70000 r-xp 00000000 fc:00 130899                     /lib/x86_64-linux-gnu/libnih.so.1.0.0
7f900dd70000-7f900df6f000 ---p 00017000 fc:00 130899                     /lib/x86_64-linux-gnu/libnih.so.1.0.0
7f900df6f000-7f900df70000 r--p 00016000 fc:00 130899                     /lib/x86_64-linux-gnu/libnih.so.1.0.0
7f900df70000-7f900df71000 rw-p 00017000 fc:00 130899                     /lib/x86_64-linux-gnu/libnih.so.1.0.0
7f900df71000-7f900df8a000 r-xp 00000000 fc:00 145705                     /lib/x86_64-linux-gnu/libcgmanager.so.0.0.0
7f900df8a000-7f900e189000 ---p 00019000 fc:00 145705                     /lib/x86_64-linux-gnu/libcgmanager.so.0.0.0
7f900e189000-7f900e18b000 r--p 00018000 fc:00 145705                     /lib/x86_64-linux-gnu/libcgmanager.so.0.0.0
7f900e18b000-7f900e18c000 rw-p 0001a000 fc:00 145705                     /lib/x86_64-linux-gnu/libcgmanager.so.0.0.0
7f900e18c000-7f900e19c000 r-xp 00000000 fc:00 141141                     /lib/x86_64-linux-gnu/libudev.so.1.3.5
7f900e19c000-7f900e39b000 ---p 00010000 fc:00 141141                     /lib/x86_64-linux-gnu/libudev.so.1.3.5
7f900e39b000-7f900e39c000 r--p 0000f000 fc:00 141141                     /lib/x86_64-linux-gnu/libudev.so.1.3.5
7f900e39c000-7f900e39d000 rw-p 00010000 fc:00 141141                     /lib/x86_64-linux-gnu/libudev.so.1.3.5
7f900e39d000-7f900e3a8000 r-xp 00000000 fc:00 920221                     /usr/lib/x86_64-linux-gnu/libdrm.so.2.4.0
7f900e3a8000-7f900e5a7000 ---p 0000b000 fc:00 920221                     /usr/lib/x86_64-linux-gnu/libdrm.so.2.4.0
7f900e5a7000-7f900e5a8000 r--p 0000a000 fc:00 920221                     /usr/lib/x86_64-linux-gnu/libdrm.so.2.4.0
7f900e5a8000-7f900e5a9000 rw-p 0000b000 fc:00 920221                     /usr/lib/x86_64-linux-gnu/libdrm.so.2.4.0
7f900e5a9000-7f900e5aa000 r-xp 00000000 fc:00 919547                     /usr/lib/x86_64-linux-gnu/libxshmfence.so.1.0.0
7f900e5aa000-7f900e7a9000 ---p 00001000 fc:00 919547                     /usr/lib/x86_64-linux-gnu/libxshmfence.so.1.0.0
7f900e7a9000-7f900e7aa000 r--p 00000000 fc:00 919547                     /usr/lib/x86_64-linux-gnu/libxshmfence.so.1.0.0
7f900e7aa000-7f900e7ab000 rw-p 00001000 fc:00 919547                     /usr/lib/x86_64-linux-gnu/libxshmfence.so.1.0.0
7f900e7ab000-7f900e7b0000 r-xp 00000000 fc:00 919543                     /usr/lib/x86_64-linux-gnu/libxcb-sync.so.1.0.0
7f900e7b0000-7f900e9af000 ---p 00005000 fc:00 919543                     /usr/lib/x86_64-linux-gnu/libxcb-sync.so.1.0.0
7f900e9af000-7f900e9b0000 r--p 00004000 fc:00 919543                     /usr/lib/x86_64-linux-gnu/libxcb-sync.so.1.0.0
7f900e9b0000-7f900e9b1000 rw-p 00005000 fc:00 919543                     /usr/lib/x86_64-linux-gnu/libxcb-sync.so.1.0.0
7f900e9b1000-7f900e9b3000 r-xp 00000000 fc:00 919541                     /usr/lib/x86_64-linux-gnu/libxcb-present.so.0.0.0
7f900e9b3000-7f900ebb2000 ---p 00002000 fc:00 919541                     /usr/lib/x86_64-linux-gnu/libxcb-present.so.0.0.0
7f900ebb2000-7f900ebb3000 r--p 00001000 fc:00 919541                     /usr/lib/x86_64-linux-gnu/libxcb-present.so.0.0.0
7f900ebb3000-7f900ebb4000 rw-p 00002000 fc:00 919541                     /usr/lib/x86_64-linux-gnu/libxcb-present.so.0.0.0
7f900ebb4000-7f900ebb6000 r-xp 00000000 fc:00 919537                     /usr/lib/x86_64-linux-gnu/libxcb-dri3.so.0.0.0
7f900ebb6000-7f900edb5000 ---p 00002000 fc:00 919537                     /usr/lib/x86_64-linux-gnu/libxcb-dri3.so.0.0.0
7f900edb5000-7f900edb6000 r--p 00001000 fc:00 919537                     /usr/lib/x86_64-linux-gnu/libxcb-dri3.so.0.0.0
7f900edb6000-7f900edb7000 rw-p 00002000 fc:00 919537                     /usr/lib/x86_64-linux-gnu/libxcb-dri3.so.0.0.0
7f900edb7000-7f900edba000 r-xp 00000000 fc:00 919492                     /usr/lib/x86_64-linux-gnu/libxcb-dri2.so.0.0.0
7f900edba000-7f900efba000 ---p 00003000 fc:00 919492                     /usr/lib/x86_64-linux-gnu/libxcb-dri2.so.0.0.0
7f900efba000-7f900efbb000 r--p 00003000 fc:00 919492                     /usr/lib/x86_64-linux-gnu/libxcb-dri2.so.0.0.0
7f900efbb000-7f900efbc000 rw-p 00004000 fc:00 919492                     /usr/lib/x86_64-linux-gnu/libxcb-dri2.so.0.0.0
7f900efbc000-7f900efd1000 r-xp 00000000 fc:00 919539                     /usr/lib/x86_64-linux-gnu/libxcb-glx.so.0.0.0
7f900efd1000-7f900f1d0000 ---p 00015000 fc:00 919539                     /usr/lib/x86_64-linux-gnu/libxcb-glx.so.0.0.0
7f900f1d0000-7f900f1d2000 r--p 00014000 fc:00 919539                     /usr/lib/x86_64-linux-gnu/libxcb-glx.so.0.0.0
7f900f1d2000-7f900f1d3000 rw-p 00016000 fc:00 919539                     /usr/lib/x86_64-linux-gnu/libxcb-glx.so.0.0.0
7f900f1d3000-7f900f1d4000 r-xp 00000000 fc:00 919501                     /usr/lib/x86_64-linux-gnu/libX11-xcb.so.1.0.0
7f900f1d4000-7f900f3d3000 ---p 00001000 fc:00 919501                     /usr/lib/x86_64-linux-gnu/libX11-xcb.so.1.0.0
7f900f3d3000-7f900f3d4000 r--p 00000000 fc:00 919501                     /usr/lib/x86_64-linux-gnu/libX11-xcb.so.1.0.0
7f900f3d4000-7f900f3d5000 rw-p 00001000 fc:00 919501                     /usr/lib/x86_64-linux-gnu/libX11-xcb.so.1.0.0
7f900f3d5000-7f900f3d7000 r-xp 00000000 fc:00 919545                     /usr/lib/x86_64-linux-gnu/libXdamage.so.1.1.0
7f900f3d7000-7f900f5d6000 ---p 00002000 fc:00 919545                     /usr/lib/x86_64-linux-gnu/libXdamage.so.1.1.0
7f900f5d6000-7f900f5d7000 r--p 00001000 fc:00 919545                     /usr/lib/x86_64-linux-gnu/libXdamage.so.1.1.0
7f900f5d7000-7f900f5d8000 rw-p 00002000 fc:00 919545                     /usr/lib/x86_64-linux-gnu/libXdamage.so.1.1.0
7f900f5d8000-7f900f5fa000 r-xp 00000000 fc:00 938813                     /usr/lib/x86_64-linux-gnu/libglapi.so.0.0.0
7f900f5fa000-7f900f7fa000 ---p 00022000 fc:00 938813                     /usr/lib/x86_64-linux-gnu/libglapi.so.0.0.0
7f900f7fa000-7f900f7fd000 r--p 00022000 fc:00 938813                     /usr/lib/x86_64-linux-gnu/libglapi.so.0.0.0
7f900f7fd000-7f900f7fe000 rw-p 00025000 fc:00 938813                     /usr/lib/x86_64-linux-gnu/libglapi.so.0.0.0
7f900f7fe000-7f900f7ff000 rw-p 00000000 00:00 0 
7f900f7ff000-7f900f800000 ---p 00000000 00:00 0 
7f900f800000-7f9010000000 rw-p 00000000 00:00 0                          [stack:5992]
7f9010000000-7f9010021000 rw-p 00000000 00:00 0 
7f9010021000-7f9014000000 ---p 00000000 00:00 0 
7f9014000000-7f9014021000 rw-p 00000000 00:00 0 
7f9014021000-7f9018000000 ---p 00000000 00:00 0 
7f9018000000-7f9018006000 rw-s 00000000 00:05 2440069                    /drm mm object (deleted)
7f9018006000-7f901800c000 rw-s 00000000 00:05 2440068                    /drm mm object (deleted)
7f901800c000-7f9018012000 rw-s 00000000 00:05 2440067                    /drm mm object (deleted)
7f9018012000-7f9018018000 rw-s 00000000 00:05 2440066                    /drm mm object (deleted)
7f9018018000-7f9018078000 rw-s 00000000 00:05 2440039                    /drm mm object (deleted)
7f9018078000-7f901807e000 rw-s 00000000 00:05 2440038                    /drm mm object (deleted)
7f901807e000-7f90180ce000 rw-s 00000000 00:05 2440037                    /drm mm object (deleted)
7f90180ce000-7f90180de000 rw-s 17acf6000 00:06 2296                      /dev/dri/card0
7f90180de000-7f901813e000 rw-s 00000000 00:05 2438906                    /drm mm object (deleted)
7f901813e000-7f90181a0000 r-xp 00000000 fc:00 919496                     /usr/lib/x86_64-linux-gnu/mesa/libGL.so.1.2.0
7f90181a0000-7f901839f000 ---p 00062000 fc:00 919496                     /usr/lib/x86_64-linux-gnu/mesa/libGL.so.1.2.0
7f901839f000-7f90183a2000 r--p 00061000 fc:00 919496                     /usr/lib/x86_64-linux-gnu/mesa/libGL.so.1.2.0
7f90183a2000-7f90183a3000 rw-p 00064000 fc:00 919496                     /usr/lib/x86_64-linux-gnu/mesa/libGL.so.1.2.0
7f90183a3000-7f90183a4000 rw-p 00000000 00:00 0 
7f90183a4000-7f90183a7000 ---p 00000000 00:00 0 
7f90183a7000-7f90184a5000 rw-p 00000000 00:00 0                          [stack:5994]
7f90184a5000-7f90184a6000 ---p 00000000 00:00 0 
7f90184a6000-7f90185a6000 rw-p 00000000 00:00 0                          [stack:5993]
7f90185a6000-7f90185bd000 r-xp 00000000 fc:00 131097                     /lib/x86_64-linux-gnu/libresolv-2.19.so
7f90185bd000-7f90187bd000 ---p 00017000 fc:00 131097                     /lib/x86_64-linux-gnu/libresolv-2.19.so
7f90187bd000-7f90187be000 r--p 00017000 fc:00 131097                     /lib/x86_64-linux-gnu/libresolv-2.19.so
7f90187be000-7f90187bf000 rw-p 00018000 fc:00 131097                     /lib/x86_64-linux-gnu/libresolv-2.19.so
7f90187bf000-7f90187c1000 rw-p 00000000 00:00 0 
7f90187c1000-7f90187c8000 r-xp 00000000 fc:00 927563                     /usr/lib/x86_64-linux-gnu/libogg.so.0.8.1
7f90187c8000-7f90189c8000 ---p 00007000 fc:00 927563                     /usr/lib/x86_64-linux-gnu/libogg.so.0.8.1
7f90189c8000-7f90189c9000 r--p 00007000 fc:00 927563                     /usr/lib/x86_64-linux-gnu/libogg.so.0.8.1
7f90189c9000-7f90189ca000 rw-p 00008000 fc:00 927563                     /usr/lib/x86_64-linux-gnu/libogg.so.0.8.1
7f90189ca000-7f90189f9000 r-xp 00000000 fc:00 922938                     /usr/lib/x86_64-linux-gnu/libvorbis.so.0.4.7
7f90189f9000-7f9018bf8000 ---p 0002f000 fc:00 922938                     /usr/lib/x86_64-linux-gnu/libvorbis.so.0.4.7
7f9018bf8000-7f9018bf9000 r--p 0002e000 fc:00 922938                     /usr/lib/x86_64-linux-gnu/libvorbis.so.0.4.7
7f9018bf9000-7f9018bfa000 rw-p 0002f000 fc:00 922938                     /usr/lib/x86_64-linux-gnu/libvorbis.so.0.4.7
7f9018bfa000-7f9018c8a000 r-xp 00000000 fc:00 922916                     /usr/lib/x86_64-linux-gnu/libvorbisenc.so.2.0.10
7f9018c8a000-7f9018e89000 ---p 00090000 fc:00 922916                     /usr/lib/x86_64-linux-gnu/libvorbisenc.so.2.0.10
7f9018e89000-7f9018ea5000 r--p 0008f000 fc:00 922916                     /usr/lib/x86_64-linux-gnu/libvorbisenc.so.2.0.10
7f9018ea5000-7f9018ea6000 rw-p 000ab000 fc:00 922916                     /usr/lib/x86_64-linux-gnu/libvorbisenc.so.2.0.10
7f9018ea6000-7f9018ed6000 r-xp 00000000 fc:00 927584                     /usr/lib/x86_64-linux-gnu/libFLAC.so.8.3.0
7f9018ed6000-7f90190d5000 ---p 00030000 fc:00 927584                     /usr/lib/x86_64-linux-gnu/libFLAC.so.8.3.0
7f90190d5000-7f90190d6000 r--p 0002f000 fc:00 927584                     /usr/lib/x86_64-linux-gnu/libFLAC.so.8.3.0
7f90190d6000-7f90190d7000 rw-p 00030000 fc:00 927584                     /usr/lib/x86_64-linux-gnu/libFLAC.so.8.3.0
7f90190d7000-7f90190dc000 r-xp 00000000 fc:00 927915                     /usr/lib/x86_64-linux-gnu/libasyncns.so.0.3.1
7f90190dc000-7f90192db000 ---p 00005000 fc:00 927915                     /usr/lib/x86_64-linux-gnu/libasyncns.so.0.3.1
7f90192db000-7f90192dc000 r--p 00004000 fc:00 927915                     /usr/lib/x86_64-linux-gnu/libasyncns.so.0.3.1
7f90192dc000-7f90192dd000 rw-p 00005000 fc:00 927915                     /usr/lib/x86_64-linux-gnu/libasyncns.so.0.3.1
7f90192dd000-7f901933e000 r-xp 00000000 fc:00 928197                     /usr/lib/x86_64-linux-gnu/libsndfile.so.1.0.25
7f901933e000-7f901953e000 ---p 00061000 fc:00 928197                     /usr/lib/x86_64-linux-gnu/libsndfile.so.1.0.25
7f901953e000-7f9019540000 r--p 00061000 fc:00 928197                     /usr/lib/x86_64-linux-gnu/libsndfile.so.1.0.25
7f9019540000-7f9019541000 rw-p 00063000 fc:00 928197                     /usr/lib/x86_64-linux-gnu/libsndfile.so.1.0.25
7f9019541000-7f9019545000 rw-p 00000000 00:00 0 
7f9019545000-7f901954d000 r-xp 00000000 fc:00 137829                     /lib/x86_64-linux-gnu/libwrap.so.0.7.6
7f901954d000-7f901974c000 ---p 00008000 fc:00 137829                     /lib/x86_64-linux-gnu/libwrap.so.0.7.6
7f901974c000-7f901974d000 r--p 00007000 fc:00 137829                     /lib/x86_64-linux-gnu/libwrap.so.0.7.6
7f901974d000-7f901974e000 rw-p 00008000 fc:00 137829                     /lib/x86_64-linux-gnu/libwrap.so.0.7.6
7f901974e000-7f901974f000 rw-p 00000000 00:00 0 
7f901974f000-7f9019793000 r-xp 00000000 fc:00 130822                     /lib/x86_64-linux-gnu/libdbus-1.so.3.7.6
7f9019793000-7f9019992000 ---p 00044000 fc:00 130822                     /lib/x86_64-linux-gnu/libdbus-1.so.3.7.6
7f9019992000-7f9019993000 r--p 00043000 fc:00 130822                     /lib/x86_64-linux-gnu/libdbus-1.so.3.7.6
7f9019993000-7f9019994000 rw-p 00044000 fc:00 130822                     /lib/x86_64-linux-gnu/libdbus-1.so.3.7.6
7f9019994000-7f90199fa000 r-xp 00000000 fc:00 1057117                    /usr/lib/x86_64-linux-gnu/pulseaudio/libpulsecommon-4.0.so
7f90199fa000-7f9019bf9000 ---p 00066000 fc:00 1057117                    /usr/lib/x86_64-linux-gnu/pulseaudio/libpulsecommon-4.0.so
7f9019bf9000-7f9019bfa000 r--p 00065000 fc:00 1057117                    /usr/lib/x86_64-linux-gnu/pulseaudio/libpulsecommon-4.0.so
7f9019bfa000-7f9019bfb000 rw-p 00066000 fc:00 1057117                    /usr/lib/x86_64-linux-gnu/pulseaudio/libpulsecommon-4.0.so
7f9019bfb000-7f9019c05000 r-xp 00000000 fc:00 130847                     /lib/x86_64-linux-gnu/libjson-c.so.2.0.0
7f9019c05000-7f9019e04000 ---p 0000a000 fc:00 130847                     /lib/x86_64-linux-gnu/libjson-c.so.2.0.0
7f9019e04000-7f9019e05000 r--p 00009000 fc:00 130847                     /lib/x86_64-linux-gnu/libjson-c.so.2.0.0
7f9019e05000-7f9019e06000 rw-p 0000a000 fc:00 130847                     /lib/x86_64-linux-gnu/libjson-c.so.2.0.0
7f9019e06000-7f9019e4d000 r-xp 00000000 fc:00 927931                     /usr/lib/x86_64-linux-gnu/libpulse.so.0.16.2
7f9019e4d000-7f901a04d000 ---p 00047000 fc:00 927931                     /usr/lib/x86_64-linux-gnu/libpulse.so.0.16.2
7f901a04d000-7f901a04e000 r--p 00047000 fc:00 927931                     /usr/lib/x86_64-linux-gnu/libpulse.so.0.16.2
7f901a04e000-7f901a04f000 rw-p 00048000 fc:00 927931                     /usr/lib/x86_64-linux-gnu/libpulse.so.0.16.2
7f901a04f000-7f901a0a4000 r-xp 00000000 fc:00 1048460                    /tmp/libgdxvostanin/31ce78a2/libopenal64.so
7f901a0a4000-7f901a2a3000 ---p 00055000 fc:00 1048460                    /tmp/libgdxvostanin/31ce78a2/libopenal64.so
7f901a2a3000-7f901a2a6000 r--p 00054000 fc:00 1048460                    /tmp/libgdxvostanin/31ce78a2/libopenal64.so
7f901a2a6000-7f901a2a7000 rw-p 00057000 fc:00 1048460                    /tmp/libgdxvostanin/31ce78a2/libopenal64.so
7f901a2a7000-7f901a2a8000 rw-p 00000000 00:00 0 
7f901a2a8000-7f901a2ac000 r-xp 00000000 fc:00 919549                     /usr/lib/x86_64-linux-gnu/libXxf86vm.so.1.0.0
7f901a2ac000-7f901a4ac000 ---p 00004000 fc:00 919549                     /usr/lib/x86_64-linux-gnu/libXxf86vm.so.1.0.0
7f901a4ac000-7f901a4ad000 r--p 00004000 fc:00 919549                     /usr/lib/x86_64-linux-gnu/libXxf86vm.so.1.0.0
7f901a4ad000-7f901a4ae000 rw-p 00005000 fc:00 919549                     /usr/lib/x86_64-linux-gnu/libXxf86vm.so.1.0.0
7f901a4ae000-7f901a4b7000 r-xp 00000000 fc:00 922544                     /usr/lib/x86_64-linux-gnu/libXrandr.so.2.2.0
7f901a4b7000-7f901a6b6000 ---p 00009000 fc:00 922544                     /usr/lib/x86_64-linux-gnu/libXrandr.so.2.2.0
7f901a6b6000-7f901a6b7000 r--p 00008000 fc:00 922544                     /usr/lib/x86_64-linux-gnu/libXrandr.so.2.2.0
7f901a6b7000-7f901a6b8000 rw-p 00009000 fc:00 922544                     /usr/lib/x86_64-linux-gnu/libXrandr.so.2.2.0
7f901a6b8000-7f901a728000 r-xp 00000000 fc:00 1048458                    /tmp/libgdxvostanin/31ce78a2/liblwjgl64.so
7f901a728000-7f901a928000 ---p 00070000 fc:00 1048458                    /tmp/libgdxvostanin/31ce78a2/liblwjgl64.so
7f901a928000-7f901a92a000 r--p 00070000 fc:00 1048458                    /tmp/libgdxvostanin/31ce78a2/liblwjgl64.so
7f901a92a000-7f901a92b000 rw-p 00072000 fc:00 1048458                    /tmp/libgdxvostanin/31ce78a2/liblwjgl64.so
7f901a92b000-7f901a92c000 r-xp 00000000 fc:00 959697                     /usr/lib/jvm/java-8-oracle/jre/lib/amd64/libjawt.so
7f901a92c000-7f901ab2b000 ---p 00001000 fc:00 959697                     /usr/lib/jvm/java-8-oracle/jre/lib/amd64/libjawt.so
7f901ab2b000-7f901ab2c000 rw-p 00000000 fc:00 959697                     /usr/lib/jvm/java-8-oracle/jre/lib/amd64/libjawt.so
7f901ab2c000-7f901ab2f000 ---p 00000000 00:00 0 
7f901ab2f000-7f901ac2d000 rw-p 00000000 00:00 0                          [stack:5990]
7f901ac2d000-7f901ac32000 r-xp 00000000 fc:00 919525                     /usr/lib/x86_64-linux-gnu/libXfixes.so.3.1.0
7f901ac32000-7f901ae31000 ---p 00005000 fc:00 919525                     /usr/lib/x86_64-linux-gnu/libXfixes.so.3.1.0
7f901ae31000-7f901ae32000 r--p 00004000 fc:00 919525                     /usr/lib/x86_64-linux-gnu/libXfixes.so.3.1.0
7f901ae32000-7f901ae33000 rw-p 00005000 fc:00 919525                     /usr/lib/x86_64-linux-gnu/libXfixes.so.3.1.0
7f901ae33000-7f901ae3c000 r-xp 00000000 fc:00 924507                     /usr/lib/x86_64-linux-gnu/libXcursor.so.1.0.2
7f901ae3c000-7f901b03b000 ---p 00009000 fc:00 924507                     /usr/lib/x86_64-linux-gnu/libXcursor.so.1.0.2
7f901b03b000-7f901b03c000 r--p 00008000 fc:00 924507                     /usr/lib/x86_64-linux-gnu/libXcursor.so.1.0.2
7f901b03c000-7f901b03d000 rw-p 00009000 fc:00 924507                     /usr/lib/x86_64-linux-gnu/libXcursor.so.1.0.2
7f901b03d000-7f901b040000 ---p 00000000 00:00 0 
7f901b040000-7f901b13e000 rw-p 00000000 00:00 0                          [stack:5989]
7f901b13e000-7f901b1a3000 r-xp 00000000 fc:00 964417                     /usr/lib/jvm/java-8-oracle/jre/lib/amd64/libfontmanager.so
7f901b1a3000-7f901b3a2000 ---p 00065000 fc:00 964417                     /usr/lib/jvm/java-8-oracle/jre/lib/amd64/libfontmanager.so
7f901b3a2000-7f901b3a7000 rw-p 00064000 fc:00 964417                     /usr/lib/jvm/java-8-oracle/jre/lib/amd64/libfontmanager.so
7f901b3a7000-7f901b3b7000 rw-p 00000000 00:00 0 
7f901b3b7000-7f901b3bc000 r-xp 00000000 fc:00 919443                     /usr/lib/x86_64-linux-gnu/libXdmcp.so.6.0.0
7f901b3bc000-7f901b5bb000 ---p 00005000 fc:00 919443                     /usr/lib/x86_64-linux-gnu/libXdmcp.so.6.0.0
7f901b5bb000-7f901b5bc000 r--p 00004000 fc:00 919443                     /usr/lib/x86_64-linux-gnu/libXdmcp.so.6.0.0
7f901b5bc000-7f901b5bd000 rw-p 00005000 fc:00 919443                     /usr/lib/x86_64-linux-gnu/libXdmcp.so.6.0.0
7f901b5bd000-7f901b5bf000 r-xp 00000000 fc:00 919441                     /usr/lib/x86_64-linux-gnu/libXau.so.6.0.0
7f901b5bf000-7f901b7bf000 ---p 00002000 fc:00 919441                     /usr/lib/x86_64-linux-gnu/libXau.so.6.0.0
7f901b7bf000-7f901b7c0000 r--p 00002000 fc:00 919441                     /usr/lib/x86_64-linux-gnu/libXau.so.6.0.0
7f901b7c0000-7f901b7c1000 rw-p 00003000 fc:00 919441                     /usr/lib/x86_64-linux-gnu/libXau.so.6.0.0
7f901b7c1000-7f901b7de000 r-xp 00000000 fc:00 919445                     /usr/lib/x86_64-linux-gnu/libxcb.so.1.1.0
7f901b7de000-7f901b9de000 ---p 0001d000 fc:00 919445                     /usr/lib/x86_64-linux-gnu/libxcb.so.1.1.0
7f901b9de000-7f901b9df000 r--p 0001d000 fc:00 919445                     /usr/lib/x86_64-linux-gnu/libxcb.so.1.1.0
7f901b9df000-7f901b9e0000 rw-p 0001e000 fc:00 919445                     /usr/lib/x86_64-linux-gnu/libxcb.so.1.1.0
7f901b9e0000-7f901b9ef000 r-xp 00000000 fc:00 922536                     /usr/lib/x86_64-linux-gnu/libXi.so.6.1.0
7f901b9ef000-7f901bbee000 ---p 0000f000 fc:00 922536                     /usr/lib/x86_64-linux-gnu/libXi.so.6.1.0
7f901bbee000-7f901bbef000 r--p 0000e000 fc:00 922536                     /usr/lib/x86_64-linux-gnu/libXi.so.6.1.0
7f901bbef000-7f901bbf0000 rw-p 0000f000 fc:00 922536                     /usr/lib/x86_64-linux-gnu/libXi.so.6.1.0
7f901bbf0000-7f901bbf5000 r-xp 00000000 fc:00 928720                     /usr/lib/x86_64-linux-gnu/libXtst.so.6.1.0
7f901bbf5000-7f901bdf4000 ---p 00005000 fc:00 928720                     /usr/lib/x86_64-linux-gnu/libXtst.so.6.1.0
7f901bdf4000-7f901bdf5000 r--p 00004000 fc:00 928720                     /usr/lib/x86_64-linux-gnu/libXtst.so.6.1.0
7f901bdf5000-7f901bdf6000 rw-p 00005000 fc:00 928720                     /usr/lib/x86_64-linux-gnu/libXtst.so.6.1.0
7f901bdf6000-7f901bdff000 r-xp 00000000 fc:00 922542                     /usr/lib/x86_64-linux-gnu/libXrender.so.1.3.0
7f901bdff000-7f901bffe000 ---p 00009000 fc:00 922542                     /usr/lib/x86_64-linux-gnu/libXrender.so.1.3.0
7f901bffe000-7f901bfff000 r--p 00008000 fc:00 922542                     /usr/lib/x86_64-linux-gnu/libXrender.so.1.3.0
7f901bfff000-7f901c000000 rw-p 00009000 fc:00 922542                     /usr/lib/x86_64-linux-gnu/libXrender.so.1.3.0
7f901c000000-7f901c3f3000 rw-p 00000000 00:00 0 
7f901c3f3000-7f9020000000 ---p 00000000 00:00 0 
7f9020000000-7f9020021000 rw-p 00000000 00:00 0 
7f9020021000-7f9024000000 ---p 00000000 00:00 0 
7f9024000000-7f9024358000 rw-p 00000000 00:00 0 
7f9024358000-7f9028000000 ---p 00000000 00:00 0 
7f9028000000-7f90285aa000 rw-p 00000000 00:00 0 
7f90285aa000-7f902c000000 ---p 00000000 00:00 0 
7f902c000000-7f902c021000 rw-p 00000000 00:00 0 
7f902c021000-7f9030000000 ---p 00000000 00:00 0 
7f9030000000-7f9030021000 rw-p 00000000 00:00 0 
7f9030021000-7f9034000000 ---p 00000000 00:00 0 
7f9034000000-7f9034021000 rw-p 00000000 00:00 0 
7f9034021000-7f9038000000 ---p 00000000 00:00 0 
7f9038000000-7f9038021000 rw-p 00000000 00:00 0 
7f9038021000-7f903c000000 ---p 00000000 00:00 0 
7f903c000000-7f903c021000 rw-p 00000000 00:00 0 
7f903c021000-7f9040000000 ---p 00000000 00:00 0 
7f9040000000-7f9040021000 rw-p 00000000 00:00 0 
7f9040021000-7f9044000000 ---p 00000000 00:00 0 
7f9044000000-7f9044021000 rw-p 00000000 00:00 0 
7f9044021000-7f9048000000 ---p 00000000 00:00 0 
7f9048000000-7f9048021000 rw-p 00000000 00:00 0 
7f9048021000-7f904c000000 ---p 00000000 00:00 0 
7f904c001000-7f904c005000 rw-s 00000000 00:05 2440036                    /drm mm object (deleted)
7f904c005000-7f904c03d000 rw-s 00000000 00:05 2438905                    /drm mm object (deleted)
7f904c03d000-7f904c045000 rw-s 00000000 00:05 2440031                    /drm mm object (deleted)
7f904c045000-7f904c04d000 rw-s 00000000 00:05 2440026                    /drm mm object (deleted)
7f904c04d000-7f904c050000 ---p 00000000 00:00 0 
7f904c050000-7f904c086000 rw-p 00000000 00:00 0                          [stack:5996]
7f904c086000-7f904c1b6000 r-xp 00000000 fc:00 919449                     /usr/lib/x86_64-linux-gnu/libX11.so.6.3.0
7f904c1b6000-7f904c3b6000 ---p 00130000 fc:00 919449                     /usr/lib/x86_64-linux-gnu/libX11.so.6.3.0
7f904c3b6000-7f904c3b7000 r--p 00130000 fc:00 919449                     /usr/lib/x86_64-linux-gnu/libX11.so.6.3.0
7f904c3b7000-7f904c3bb000 rw-p 00131000 fc:00 919449                     /usr/lib/x86_64-linux-gnu/libX11.so.6.3.0
7f904c3bb000-7f904c3cc000 r-xp 00000000 fc:00 919452                     /usr/lib/x86_64-linux-gnu/libXext.so.6.4.0
7f904c3cc000-7f904c5cb000 ---p 00011000 fc:00 919452                     /usr/lib/x86_64-linux-gnu/libXext.so.6.4.0
7f904c5cb000-7f904c5cc000 r--p 00010000 fc:00 919452                     /usr/lib/x86_64-linux-gnu/libXext.so.6.4.0
7f904c5cc000-7f904c5cd000 rw-p 00011000 fc:00 919452                     /usr/lib/x86_64-linux-gnu/libXext.so.6.4.0
7f904c5cd000-7f904c5ce000 rw-s 00000000 00:05 2440070                    /drm mm object (deleted)
7f904c5d0000-7f904c5ff000 r--p 00000000 fc:00 1192644                    /usr/share/locale-langpack/ru/LC_MESSAGES/libc.mo
7f904c5ff000-7f904c653000 r-xp 00000000 fc:00 959709                     /usr/lib/jvm/java-8-oracle/jre/lib/amd64/libawt_xawt.so
7f904c653000-7f904c853000 ---p 00054000 fc:00 959709                     /usr/lib/jvm/java-8-oracle/jre/lib/amd64/libawt_xawt.so
7f904c853000-7f904c857000 rw-p 00054000 fc:00 959709                     /usr/lib/jvm/java-8-oracle/jre/lib/amd64/libawt_xawt.so
7f904c857000-7f904c858000 rw-p 00000000 00:00 0 
7f904c858000-7f904c8fa000 r-xp 00000000 fc:00 959677                     /usr/lib/jvm/java-8-oracle/jre/lib/amd64/libawt.so
7f904c8fa000-7f904cafa000 ---p 000a2000 fc:00 959677                     /usr/lib/jvm/java-8-oracle/jre/lib/amd64/libawt.so
7f904cafa000-7f904cb06000 rw-p 000a2000 fc:00 959677                     /usr/lib/jvm/java-8-oracle/jre/lib/amd64/libawt.so
7f904cb06000-7f904cb2a000 rw-p 00000000 00:00 0 
7f904cb2a000-7f904cb40000 r-xp 00000000 fc:00 144102                     /lib/x86_64-linux-gnu/libgcc_s.so.1
7f904cb40000-7f904cd3f000 ---p 00016000 fc:00 144102                     /lib/x86_64-linux-gnu/libgcc_s.so.1
7f904cd3f000-7f904cd40000 rw-p 00015000 fc:00 144102                     /lib/x86_64-linux-gnu/libgcc_s.so.1
7f904cd40000-7f904ce26000 r-xp 00000000 fc:00 921527                     /usr/lib/x86_64-linux-gnu/libstdc++.so.6.0.19
7f904ce26000-7f904d025000 ---p 000e6000 fc:00 921527                     /usr/lib/x86_64-linux-gnu/libstdc++.so.6.0.19
7f904d025000-7f904d02d000 r--p 000e5000 fc:00 921527                     /usr/lib/x86_64-linux-gnu/libstdc++.so.6.0.19
7f904d02d000-7f904d02f000 rw-p 000ed000 fc:00 921527                     /usr/lib/x86_64-linux-gnu/libstdc++.so.6.0.19
7f904d02f000-7f904d044000 rw-p 00000000 00:00 0 
7f904d044000-7f904d045000 rw-s 00000000 00:05 2438903                    /drm mm object (deleted)
7f904d045000-7f904d046000 rw-s 00000000 00:05 2440030                    /drm mm object (deleted)
7f904d046000-7f904d047000 rwxp 00000000 00:00 0 
7f904d047000-7f904d048000 rw-s 00000000 00:05 2440023                    /drm mm object (deleted)
7f904d048000-7f904d050000 rw-s 00000000 00:05 2440022                    /drm mm object (deleted)
7f904d050000-7f904d065000 r--p 00000000 fc:00 1192742                    /usr/share/locale-langpack/ru/LC_MESSAGES/pulseaudio.mo
7f904d065000-7f904d06c000 r--s 00000000 fc:00 938826                     /usr/lib/x86_64-linux-gnu/gconv/gconv-modules.cache
7f904d06c000-7f904d072000 r--s 002f8000 fc:00 959517                     /usr/lib/jvm/java-8-oracle/jre/lib/charsets.jar
7f904d072000-7f904d076000 r--s 00097000 fc:00 959499                     /usr/lib/jvm/java-8-oracle/jre/lib/jsse.jar
7f904d076000-7f904d0ae000 r-xp 00000000 fc:00 1048457                    /tmp/libgdxvostanin/6ef2d459/libgdx64.so
7f904d0ae000-7f904d2ad000 ---p 00038000 fc:00 1048457                    /tmp/libgdxvostanin/6ef2d459/libgdx64.so
7f904d2ad000-7f904d2ae000 r--p 00037000 fc:00 1048457                    /tmp/libgdxvostanin/6ef2d459/libgdx64.so
7f904d2ae000-7f904d2af000 rw-p 00038000 fc:00 1048457                    /tmp/libgdxvostanin/6ef2d459/libgdx64.so
7f904d2af000-7f904d2b0000 r--s 00002000 fc:02 11282225                   /home/vostanin/.gradle/caches/modules-2/files-2.1/net.java.jinput/jinput-platform/2.0.5/53f9c919f34d2ca9de8c51fc4e1e8282029a9232/jinput-platform-2.0.5-natives-osx.jar
7f904d2b0000-7f904d2b1000 r--s 00025000 fc:02 11282223                   /home/vostanin/.gradle/caches/modules-2/files-2.1/net.java.jinput/jinput-platform/2.0.5/385ee093e01f587f30ee1c8a2ee7d408fd732e16/jinput-platform-2.0.5-natives-windows.jar
7f904d2b1000-7f904d2bf000 r--s 000f2000 fc:02 10752671                   /home/vostanin/.gradle/caches/modules-2/files-2.1/org.lwjgl.lwjgl/lwjgl/2.9.2/a9d80fe5935c7a9149f6584d9777cfd471f65489/lwjgl-2.9.2.jar
7f904d2bf000-7f904d2c0000 ---p 00000000 00:00 0 
7f904d2c0000-7f904d3c0000 rw-p 00000000 00:00 0                          [stack:5988]
7f904d3c0000-7f904d3c3000 ---p 00000000 00:00 0 
7f904d3c3000-7f904d4c1000 rw-p 00000000 00:00 0                          [stack:5987]
7f904d4c1000-7f904d4c4000 ---p 00000000 00:00 0 
7f904d4c4000-7f904d5c2000 rw-p 00000000 00:00 0                          [stack:5986]
7f904d5c2000-7f904d5c5000 ---p 00000000 00:00 0 
7f904d5c5000-7f904d6c3000 rw-p 00000000 00:00 0                          [stack:5984]
7f904d6c3000-7f904d6c6000 ---p 00000000 00:00 0 
7f904d6c6000-7f904d7c4000 rw-p 00000000 00:00 0                          [stack:5983]
7f904d7c4000-7f904d7c7000 ---p 00000000 00:00 0 
7f904d7c7000-7f904d8c5000 rw-p 00000000 00:00 0                          [stack:5980]
7f904d8c5000-7f904d8c8000 ---p 00000000 00:00 0 
7f904d8c8000-7f904d9c6000 rw-p 00000000 00:00 0                          [stack:5978]
7f904d9c6000-7f904d9c9000 ---p 00000000 00:00 0 
7f904d9c9000-7f904dac7000 rw-p 00000000 00:00 0                          [stack:5976]
7f904dac7000-7f904dacb000 r-xp 00000000 fc:00 959747                     /usr/lib/jvm/java-8-oracle/jre/lib/amd64/libdt_socket.so
7f904dacb000-7f904dcca000 ---p 00004000 fc:00 959747                     /usr/lib/jvm/java-8-oracle/jre/lib/amd64/libdt_socket.so
7f904dcca000-7f904dccb000 rw-p 00003000 fc:00 959747                     /usr/lib/jvm/java-8-oracle/jre/lib/amd64/libdt_socket.so
7f904dccb000-7f904dcce000 ---p 00000000 00:00 0 
7f904dcce000-7f904ddcc000 rw-p 00000000 00:00 0                          [stack:5974]
7f904ddcc000-7f904ddcf000 ---p 00000000 00:00 0 
7f904ddcf000-7f904decd000 rw-p 00000000 00:00 0                          [stack:5973]
7f904decd000-7f904ded0000 ---p 00000000 00:00 0 
7f904ded0000-7f904dfce000 rw-p 00000000 00:00 0                          [stack:5972]
7f904dfce000-7f904dfcf000 ---p 00000000 00:00 0 
7f904dfcf000-7f9050000000 rw-p 00000000 00:00 0                          [stack:5971]
7f9050000000-7f9050021000 rw-p 00000000 00:00 0 
7f9050021000-7f9054000000 ---p 00000000 00:00 0 
7f9054000000-7f9054021000 rw-p 00000000 00:00 0 
7f9054021000-7f9058000000 ---p 00000000 00:00 0 
7f9058000000-7f9058021000 rw-p 00000000 00:00 0 
7f9058021000-7f905c000000 ---p 00000000 00:00 0 
7f905c000000-7f905c001000 r--s 00002000 fc:02 11282221                   /home/vostanin/.gradle/caches/modules-2/files-2.1/net.java.jinput/jinput-platform/2.0.5/7ff832a6eb9ab6a767f1ade2b548092d0fa64795/jinput-platform-2.0.5-natives-linux.jar
7f905c001000-7f905c002000 r--s 00001000 fc:02 11282219                   /home/vostanin/.gradle/caches/modules-2/files-2.1/net.java.jutils/jutils/1.0.0/e12fe1fda814bd348c1579329c86943d2cd3c6a6/jutils-1.0.0.jar
7f905c002000-7f905c006000 r--s 0002f000 fc:02 11282217                   /home/vostanin/.gradle/caches/modules-2/files-2.1/net.java.jinput/jinput/2.0.5/39c7796b469a600f72380316f6b1f11db6c2c7c4/jinput-2.0.5.jar
7f905c006000-7f905c007000 r--s 00068000 fc:02 11282215                   /home/vostanin/.gradle/caches/modules-2/files-2.1/org.lwjgl.lwjgl/lwjgl-platform/2.9.2/d55b46b40b40249d627a83a7f7f22649709d70c3/lwjgl-platform-2.9.2-natives-osx.jar
7f905c007000-7f905c01a000 r--s 0013d000 fc:02 9835222                    /home/vostanin/.gradle/caches/modules-2/files-2.1/com.badlogicgames.gdx/gdx-bullet/1.9.2/75f6b51bec18a82a893bb5ae4359fecd9cc7d6f4/gdx-bullet-1.9.2.jar
7f905c01a000-7f905ce28000 rw-p 00000000 00:00 0 
7f905ce28000-7f905d000000 r--s 03d1d000 fc:00 959469                     /usr/lib/jvm/java-8-oracle/jre/lib/rt.jar
7f905d000000-7f905d510000 rwxp 00000000 00:00 0 
7f905d510000-7f906c000000 ---p 00000000 00:00 0 
7f906c000000-7f906c42f000 rw-p 00000000 00:00 0 
7f906c42f000-7f9070000000 ---p 00000000 00:00 0 
7f9070000000-7f9070001000 r--s 0008d000 fc:02 11282213                   /home/vostanin/.gradle/caches/modules-2/files-2.1/org.lwjgl.lwjgl/lwjgl-platform/2.9.2/d276cdf61fe2b516c7b7f4aa1b8dea91dbdc8d56/lwjgl-platform-2.9.2-natives-linux.jar
7f9070001000-7f9070002000 r--s 00095000 fc:02 11282211                   /home/vostanin/.gradle/caches/modules-2/files-2.1/org.lwjgl.lwjgl/lwjgl-platform/2.9.2/510c7d317f5e9e700b9cfaac5fd38bdebf0702e0/lwjgl-platform-2.9.2-natives-windows.jar
7f9070002000-7f907000d000 r--s 00098000 fc:02 10099705                   /home/vostanin/.gradle/caches/modules-2/files-2.1/com.badlogicgames.gdx/gdx-tools/1.9.2/37d8e3009ae0febdf93717b21980c67c8cadac07/gdx-tools-1.9.2.jar
7f907000d000-7f9070028000 r--s 001a7000 fc:02 10619136                   /home/vostanin/.gradle/caches/modules-2/files-2.1/com.badlogicgames.gdx/gdx/1.9.2/e641cb91bec06bc64d9ddf7a7d7062caceec73cd/gdx-1.9.2.jar
7f9070028000-7f9070b33000 rw-p 00000000 00:00 0 
7f9070b33000-7f9070b34000 ---p 00000000 00:00 0 
7f9070b34000-7f9070c34000 rw-p 00000000 00:00 0                          [stack:5970]
7f9070c34000-7f9070c35000 ---p 00000000 00:00 0 
7f9070c35000-7f9070d35000 rw-p 00000000 00:00 0                          [stack:5969]
7f9070d35000-7f9070d36000 ---p 00000000 00:00 0 
7f9070d36000-7f9070e36000 rw-p 00000000 00:00 0                          [stack:5968]
7f9070e36000-7f9070e37000 ---p 00000000 00:00 0 
7f9070e37000-7f9070f4c000 rw-p 00000000 00:00 0                          [stack:5967]
7f9070f4c000-7f9071079000 ---p 00000000 00:00 0 
7f9071079000-7f907108e000 rw-p 00000000 00:00 0 
7f907108e000-7f90711bb000 ---p 00000000 00:00 0 
7f90711bb000-7f90711c6000 rw-p 00000000 00:00 0 
7f90711c6000-7f907125c000 ---p 00000000 00:00 0 
7f907125c000-7f9071272000 rw-p 00000000 00:00 0 
7f9071272000-7f907161d000 ---p 00000000 00:00 0 
7f907161d000-7f9071637000 r-xp 00000000 fc:00 959723                     /usr/lib/jvm/java-8-oracle/jre/lib/amd64/libzip.so
7f9071637000-7f9071837000 ---p 0001a000 fc:00 959723                     /usr/lib/jvm/java-8-oracle/jre/lib/amd64/libzip.so
7f9071837000-7f9071838000 rw-p 0001a000 fc:00 959723                     /usr/lib/jvm/java-8-oracle/jre/lib/amd64/libzip.so
7f9071838000-7f9071843000 r-xp 00000000 fc:00 132102                     /lib/x86_64-linux-gnu/libnss_files-2.19.so
7f9071843000-7f9071a42000 ---p 0000b000 fc:00 132102                     /lib/x86_64-linux-gnu/libnss_files-2.19.so
7f9071a42000-7f9071a43000 r--p 0000a000 fc:00 132102                     /lib/x86_64-linux-gnu/libnss_files-2.19.so
7f9071a43000-7f9071a44000 rw-p 0000b000 fc:00 132102                     /lib/x86_64-linux-gnu/libnss_files-2.19.so
7f9071a44000-7f9071a4f000 r-xp 00000000 fc:00 132086                     /lib/x86_64-linux-gnu/libnss_nis-2.19.so
7f9071a4f000-7f9071c4e000 ---p 0000b000 fc:00 132086                     /lib/x86_64-linux-gnu/libnss_nis-2.19.so
7f9071c4e000-7f9071c4f000 r--p 0000a000 fc:00 132086                     /lib/x86_64-linux-gnu/libnss_nis-2.19.so
7f9071c4f000-7f9071c50000 rw-p 0000b000 fc:00 132086                     /lib/x86_64-linux-gnu/libnss_nis-2.19.so
7f9071c50000-7f9071c67000 r-xp 00000000 fc:00 132078                     /lib/x86_64-linux-gnu/libnsl-2.19.so
7f9071c67000-7f9071e66000 ---p 00017000 fc:00 132078                     /lib/x86_64-linux-gnu/libnsl-2.19.so
7f9071e66000-7f9071e67000 r--p 00016000 fc:00 132078                     /lib/x86_64-linux-gnu/libnsl-2.19.so
7f9071e67000-7f9071e68000 rw-p 00017000 fc:00 132078                     /lib/x86_64-linux-gnu/libnsl-2.19.so
7f9071e68000-7f9071e6a000 rw-p 00000000 00:00 0 
7f9071e6a000-7f9071e73000 r-xp 00000000 fc:00 132076                     /lib/x86_64-linux-gnu/libnss_compat-2.19.so
7f9071e73000-7f9072072000 ---p 00009000 fc:00 132076                     /lib/x86_64-linux-gnu/libnss_compat-2.19.so
7f9072072000-7f9072073000 r--p 00008000 fc:00 132076                     /lib/x86_64-linux-gnu/libnss_compat-2.19.so
7f9072073000-7f9072074000 rw-p 00009000 fc:00 132076                     /lib/x86_64-linux-gnu/libnss_compat-2.19.so
7f9072074000-7f907232e000 r--p 00000000 fc:00 915864                     /usr/lib/locale/locale-archive
7f907232e000-7f9072330000 r-xp 00000000 fc:00 964410                     /usr/lib/jvm/java-8-oracle/jre/lib/amd64/libnpt.so
7f9072330000-7f9072530000 ---p 00002000 fc:00 964410                     /usr/lib/jvm/java-8-oracle/jre/lib/amd64/libnpt.so
7f9072530000-7f9072531000 rw-p 00002000 fc:00 964410                     /usr/lib/jvm/java-8-oracle/jre/lib/amd64/libnpt.so
7f9072531000-7f907256a000 r-xp 00000000 fc:00 959675                     /usr/lib/jvm/java-8-oracle/jre/lib/amd64/libjdwp.so
7f907256a000-7f9072769000 ---p 00039000 fc:00 959675                     /usr/lib/jvm/java-8-oracle/jre/lib/amd64/libjdwp.so
7f9072769000-7f907276b000 rw-p 00038000 fc:00 959675                     /usr/lib/jvm/java-8-oracle/jre/lib/amd64/libjdwp.so
7f907276b000-7f9072795000 r-xp 00000000 fc:00 959727                     /usr/lib/jvm/java-8-oracle/jre/lib/amd64/libjava.so
7f9072795000-7f9072995000 ---p 0002a000 fc:00 959727                     /usr/lib/jvm/java-8-oracle/jre/lib/amd64/libjava.so
7f9072995000-7f9072997000 rw-p 0002a000 fc:00 959727                     /usr/lib/jvm/java-8-oracle/jre/lib/amd64/libjava.so
7f9072997000-7f90729a4000 r-xp 00000000 fc:00 959693                     /usr/lib/jvm/java-8-oracle/jre/lib/amd64/libverify.so
7f90729a4000-7f9072ba4000 ---p 0000d000 fc:00 959693                     /usr/lib/jvm/java-8-oracle/jre/lib/amd64/libverify.so
7f9072ba4000-7f9072ba6000 rw-p 0000d000 fc:00 959693                     /usr/lib/jvm/java-8-oracle/jre/lib/amd64/libverify.so
7f9072ba6000-7f9072bad000 r-xp 00000000 fc:00 132094                     /lib/x86_64-linux-gnu/librt-2.19.so
7f9072bad000-7f9072dac000 ---p 00007000 fc:00 132094                     /lib/x86_64-linux-gnu/librt-2.19.so
7f9072dac000-7f9072dad000 r--p 00006000 fc:00 132094                     /lib/x86_64-linux-gnu/librt-2.19.so
7f9072dad000-7f9072dae000 rw-p 00007000 fc:00 132094                     /lib/x86_64-linux-gnu/librt-2.19.so
7f9072dae000-7f9072eb3000 r-xp 00000000 fc:00 132066                     /lib/x86_64-linux-gnu/libm-2.19.so
7f9072eb3000-7f90730b2000 ---p 00105000 fc:00 132066                     /lib/x86_64-linux-gnu/libm-2.19.so
7f90730b2000-7f90730b3000 r--p 00104000 fc:00 132066                     /lib/x86_64-linux-gnu/libm-2.19.so
7f90730b3000-7f90730b4000 rw-p 00105000 fc:00 132066                     /lib/x86_64-linux-gnu/libm-2.19.so
7f90730b4000-7f9073d73000 r-xp 00000000 fc:00 959717                     /usr/lib/jvm/java-8-oracle/jre/lib/amd64/server/libjvm.so
7f9073d73000-7f9073f72000 ---p 00cbf000 fc:00 959717                     /usr/lib/jvm/java-8-oracle/jre/lib/amd64/server/libjvm.so
7f9073f72000-7f907404b000 rw-p 00cbe000 fc:00 959717                     /usr/lib/jvm/java-8-oracle/jre/lib/amd64/server/libjvm.so
7f907404b000-7f9074094000 rw-p 00000000 00:00 0 
7f9074094000-7f907424f000 r-xp 00000000 fc:00 132096                     /lib/x86_64-linux-gnu/libc-2.19.so
7f907424f000-7f907444e000 ---p 001bb000 fc:00 132096                     /lib/x86_64-linux-gnu/libc-2.19.so
7f907444e000-7f9074452000 r--p 001ba000 fc:00 132096                     /lib/x86_64-linux-gnu/libc-2.19.so
7f9074452000-7f9074454000 rw-p 001be000 fc:00 132096                     /lib/x86_64-linux-gnu/libc-2.19.so
7f9074454000-7f9074459000 rw-p 00000000 00:00 0 
7f9074459000-7f907445c000 r-xp 00000000 fc:00 132070                     /lib/x86_64-linux-gnu/libdl-2.19.so
7f907445c000-7f907465b000 ---p 00003000 fc:00 132070                     /lib/x86_64-linux-gnu/libdl-2.19.so
7f907465b000-7f907465c000 r--p 00002000 fc:00 132070                     /lib/x86_64-linux-gnu/libdl-2.19.so
7f907465c000-7f907465d000 rw-p 00003000 fc:00 132070                     /lib/x86_64-linux-gnu/libdl-2.19.so
7f907465d000-7f9074672000 r-xp 00000000 fc:00 977192                     /usr/lib/jvm/java-8-oracle/lib/amd64/jli/libjli.so
7f9074672000-7f9074872000 ---p 00015000 fc:00 977192                     /usr/lib/jvm/java-8-oracle/lib/amd64/jli/libjli.so
7f9074872000-7f9074873000 rw-p 00015000 fc:00 977192                     /usr/lib/jvm/java-8-oracle/lib/amd64/jli/libjli.so
7f9074873000-7f907488c000 r-xp 00000000 fc:00 132080                     /lib/x86_64-linux-gnu/libpthread-2.19.so
7f907488c000-7f9074a8b000 ---p 00019000 fc:00 132080                     /lib/x86_64-linux-gnu/libpthread-2.19.so
7f9074a8b000-7f9074a8c000 r--p 00018000 fc:00 132080                     /lib/x86_64-linux-gnu/libpthread-2.19.so
7f9074a8c000-7f9074a8d000 rw-p 00019000 fc:00 132080                     /lib/x86_64-linux-gnu/libpthread-2.19.so
7f9074a8d000-7f9074a91000 rw-p 00000000 00:00 0 
7f9074a91000-7f9074ab4000 r-xp 00000000 fc:00 132082                     /lib/x86_64-linux-gnu/ld-2.19.so
7f9074ab4000-7f9074ab5000 r--s 00005000 fc:02 10099709                   /home/vostanin/.gradle/caches/modules-2/files-2.1/com.badlogicgames.gdx/gdx-backend-headless/1.9.2/813e6020de85cd831f02cb5e9060fd7ea8cb208e/gdx-backend-headless-1.9.2.jar
7f9074ab5000-7f9074b7a000 rw-p 00000000 00:00 0 
7f9074b7a000-7f9074b7d000 ---p 00000000 00:00 0 
7f9074b7d000-7f9074c7f000 rw-p 00000000 00:00 0                          [stack:5965]
7f9074c7f000-7f9074c81000 r--s 00017000 fc:02 11144003                   /home/vostanin/.gradle/caches/modules-2/files-2.1/org.jcraft/jorbis/0.0.17/8872d22b293e8f5d7d56ff92be966e6dc28ebdc6/jorbis-0.0.17.jar
7f9074c81000-7f9074c82000 r--s 00015000 fc:02 11018682                   /home/vostanin/.gradle/caches/modules-2/files-2.1/com.badlogicgames.jlayer/jlayer/1.0.1-gdx/7cca83cec5c1b2f011362f4d85aabd71a73b049d/jlayer-1.0.1-gdx.jar
7f9074c82000-7f9074c86000 r--s 00027000 fc:02 10893355                   /home/vostanin/.gradle/caches/modules-2/files-2.1/org.lwjgl.lwjgl/lwjgl_util/2.9.2/4b9e37300a87799856e0bd15ed81663cdb6b0947/lwjgl_util-2.9.2.jar
7f9074c86000-7f9074c87000 r--s 00888000 fc:02 10099707                   /home/vostanin/.gradle/caches/modules-2/files-2.1/com.badlogicgames.gdx/gdx-bullet-platform/1.9.2/e564d68941da54e44dfd3bfb3f8a9c349f42ff8/gdx-bullet-platform-1.9.2-natives-desktop.jar
7f9074c87000-7f9074c88000 r--s 0021a000 fc:02 10099109                   /home/vostanin/.gradle/caches/modules-2/files-2.1/com.badlogicgames.gdx/gdx-freetype-platform/1.9.2/1e1afb0b6c9e8aeb7d495cb8f55c353d3da58cf0/gdx-freetype-platform-1.9.2-natives-desktop.jar
7f9074c88000-7f9074c8a000 r--s 000fa000 fc:02 10099107                   /home/vostanin/.gradle/caches/modules-2/files-2.1/com.badlogicgames.gdx/gdx-box2d-platform/1.9.2/497cbfbf81e7e8b1e8433b19291c5af4bbc2ec66/gdx-box2d-platform-1.9.2-natives-desktop.jar
7f9074c8a000-7f9074c8b000 r--s 000d4000 fc:02 9834728                    /home/vostanin/.gradle/caches/modules-2/files-2.1/com.badlogicgames.gdx/gdx-platform/1.9.2/dde4cf7e9ce61c24042f512203aed87657496639/gdx-platform-1.9.2-natives-desktop.jar
7f9074c8b000-7f9074c8e000 r--s 00021000 fc:02 11282209                   /home/vostanin/.gradle/caches/modules-2/files-2.1/com.badlogicgames.gdx/gdx-backend-lwjgl/1.9.2/d710a8704ed584ec2ba9ca52e3a6a5885dd759cc/gdx-backend-lwjgl-1.9.2.jar
7f9074c8e000-7f9074c90000 r--s 00008000 fc:02 10619134                   /home/vostanin/.gradle/caches/modules-2/files-2.1/com.badlogicgames.gdx/gdx-freetype/1.9.2/3609253d14edb1b3ca5aacff4e06989edde75be4/gdx-freetype-1.9.2.jar
7f9074c90000-7f9074c92000 r--s 00008000 fc:02 10895508                   /home/vostanin/.gradle/caches/modules-2/files-2.1/com.badlogicgames.box2dlights/box2dlights/1.4/3d77ad5b4164fb32fc67e2446e35911bb0aaf0bd/box2dlights-1.4.jar
7f9074c92000-7f9074c94000 r--s 00010000 fc:02 10619132                   /home/vostanin/.gradle/caches/modules-2/files-2.1/com.badlogicgames.gdx/gdx-box2d/1.9.2/b78eaa90aaaf7830e6dffff587ea6e859c2787b2/gdx-box2d-1.9.2.jar
7f9074c94000-7f9074ca7000 rw-p 00000000 00:00 0 
7f9074ca7000-7f9074caf000 rw-s 00000000 fc:00 1050059                    /tmp/hsperfdata_vostanin/5960
7f9074caf000-7f9074cb0000 rw-p 00000000 00:00 0 
7f9074cb0000-7f9074cb1000 r--p 00000000 00:00 0 
7f9074cb1000-7f9074cb3000 rw-p 00000000 00:00 0 
7f9074cb3000-7f9074cb4000 r--p 00022000 fc:00 132082                     /lib/x86_64-linux-gnu/ld-2.19.so
7f9074cb4000-7f9074cb5000 rw-p 00023000 fc:00 132082                     /lib/x86_64-linux-gnu/ld-2.19.so
7f9074cb5000-7f9074cb6000 rw-p 00000000 00:00 0 
7ffcf817f000-7ffcf81a1000 rw-p 00000000 00:00 0                          [stack]
7ffcf81ba000-7ffcf81bc000 r--p 00000000 00:00 0                          [vvar]
7ffcf81bc000-7ffcf81be000 r-xp 00000000 00:00 0                          [vdso]
ffffffffff600000-ffffffffff601000 r-xp 00000000 00:00 0                  [vsyscall]

VM Arguments:
jvm_args: -agentlib:jdwp=transport=dt_socket,suspend=y,address=localhost:49712 -Dfile.encoding=UTF-8 
java_command: com.mygdx.game_asteroid_3d.desktop.DesktopLauncher
java_class_path (initial): /home/vostanin/AndroidStudioProjects/MyGdxGame_Asteroid_3D/desktop/bin:/home/vostanin/AndroidStudioProjects/MyGdxGame_Asteroid_3D/core/bin:/home/vostanin/.gradle/caches/modules-2/files-2.1/com.badlogicgames.gdx/gdx/1.9.2/e641cb91bec06bc64d9ddf7a7d7062caceec73cd/gdx-1.9.2.jar:/home/vostanin/.gradle/caches/modules-2/files-2.1/com.badlogicgames.gdx/gdx-box2d/1.9.2/b78eaa90aaaf7830e6dffff587ea6e859c2787b2/gdx-box2d-1.9.2.jar:/home/vostanin/.gradle/caches/modules-2/files-2.1/com.badlogicgames.box2dlights/box2dlights/1.4/3d77ad5b4164fb32fc67e2446e35911bb0aaf0bd/box2dlights-1.4.jar:/home/vostanin/.gradle/caches/modules-2/files-2.1/com.badlogicgames.gdx/gdx-freetype/1.9.2/3609253d14edb1b3ca5aacff4e06989edde75be4/gdx-freetype-1.9.2.jar:/home/vostanin/.gradle/caches/modules-2/files-2.1/com.badlogicgames.gdx/gdx-bullet/1.9.2/75f6b51bec18a82a893bb5ae4359fecd9cc7d6f4/gdx-bullet-1.9.2.jar:/home/vostanin/.gradle/caches/modules-2/files-2.1/com.badlogicgames.gdx/gdx-backend-lwjgl/1.9.2/d710a8704ed584ec2ba9ca52e3a6a5885dd759cc/gdx-backend-lwjgl-1.9.2.jar:/home/vostanin/.gradle/caches/modules-2/files-2.1/com.badlogicgames.gdx/gdx-platform/1.9.2/dde4cf7e9ce61c24042f512203aed87657496639/gdx-platform-1.9.2-natives-desktop.jar:/home/vostanin/.gradle/caches/modules-2/files-2.1/com.badlogicgames.gdx/gdx-box2d-platform/1.9.2/497cbfbf81e7e8b1e8433b19291c5af4bbc2ec66/gdx-box2d-platform-1.9.2-natives-desktop.jar:/home/vostanin/.gradle/caches/modules-2/files-2.1/com.badlogicgames.gdx/gdx-freetype-platform/1.9.2/1e1afb0b6c9e8aeb7d495cb8f55c353d3da58cf0/gdx-freetype-platform-1.9.2-natives-desktop.jar:/home/vostanin/.gradle/caches/modules-2/files-2.1/com.badlogicgames.gdx/gdx-tools/1.9.2/37d8e3009ae0febdf93717b21980c67c8cadac07/gdx-tools-1.9.2.jar:/home/vostanin/.gradle/caches/modules-2/files-2.1/com.badlogicgames.gdx/gdx-bullet-platform/1.9.2/e564d68941da54e44dfd3bfb3f8a9c349f42ff8/gdx-bullet-platform-1.9.2-natives-desktop.jar:/home/vostanin/.gradle/caches/modules-2/fi
Launcher Type: SUN_STANDARD

Environment Variables:
PATH=/home/vostanin/torch/install/bin:/home/vostanin/torch/install/bin:/home/vostanin/torch/install/bin:/home/vostanin/torch/install/bin:/usr/local/sbin:/usr/local/bin:/usr/sbin:/usr/bin:/sbin:/bin:/usr/games:/usr/local/games
LD_LIBRARY_PATH=/home/vostanin/torch/install/lib:/home/vostanin/torch/install/lib:/home/vostanin/torch/install/lib:/home/vostanin/torch/install/lib:
SHELL=
DISPLAY=:0.0
DYLD_LIBRARY_PATH=/home/vostanin/torch/install/lib:/home/vostanin/torch/install/lib:/home/vostanin/torch/install/lib:/home/vostanin/torch/install/lib:

Signal Handlers:
SIGSEGV: [libjvm.so+0xabb070], sa_mask[0]=11111111011111111101111111111110, sa_flags=SA_RESTART|SA_SIGINFO
SIGBUS: [libjvm.so+0xabb070], sa_mask[0]=11111111011111111101111111111110, sa_flags=SA_RESTART|SA_SIGINFO
SIGFPE: [libjvm.so+0x918480], sa_mask[0]=11111111011111111101111111111110, sa_flags=SA_RESTART|SA_SIGINFO
SIGPIPE: [libjvm.so+0x918480], sa_mask[0]=11111111011111111101111111111110, sa_flags=SA_RESTART|SA_SIGINFO
SIGXFSZ: [libjvm.so+0x918480], sa_mask[0]=11111111011111111101111111111110, sa_flags=SA_RESTART|SA_SIGINFO
SIGILL: [libjvm.so+0x918480], sa_mask[0]=11111111011111111101111111111110, sa_flags=SA_RESTART|SA_SIGINFO
SIGUSR1: SIG_DFL, sa_mask[0]=00000000000000000000000000000000, sa_flags=none
SIGUSR2: [libjvm.so+0x919ab0], sa_mask[0]=00100000000000000000000000000000, sa_flags=SA_RESTART|SA_SIGINFO
SIGHUP: [libjvm.so+0x91aeb0], sa_mask[0]=11111111011111111101111111111110, sa_flags=SA_RESTART|SA_SIGINFO
SIGINT: [libjvm.so+0x91aeb0], sa_mask[0]=11111111011111111101111111111110, sa_flags=SA_RESTART|SA_SIGINFO
SIGTERM: [libjvm.so+0x91aeb0], sa_mask[0]=11111111011111111101111111111110, sa_flags=SA_RESTART|SA_SIGINFO
SIGQUIT: [libjvm.so+0x91aeb0], sa_mask[0]=11111111011111111101111111111110, sa_flags=SA_RESTART|SA_SIGINFO


---------------  S Y S T E M  ---------------

OS:DISTRIB_ID=Ubuntu
DISTRIB_RELEASE=14.04
DISTRIB_CODENAME=trusty
DISTRIB_DESCRIPTION="Ubuntu 14.04.4 LTS"

uname:Linux 3.19.0-47-lowlatency #53~14.04.1-Ubuntu SMP PREEMPT Mon Jan 18 17:05:21 UTC 2016 x86_64
libc:glibc 2.19 NPTL 2.19 
rlimit: STACK 8192k, CORE 0k, NPROC 15331, NOFILE 4096, AS infinity
load average:0.85 1.19 0.85

/proc/meminfo:
MemTotal:        3956196 kB
MemFree:          350760 kB
MemAvailable:    1365244 kB
Buffers:          108300 kB
Cached:          1509936 kB
SwapCached:            0 kB
Active:          1854688 kB
Inactive:        1518204 kB
Active(anon):    1121144 kB
Inactive(anon):  1118476 kB
Active(file):     733544 kB
Inactive(file):   399728 kB
Unevictable:        7408 kB
Mlocked:            7408 kB
SwapTotal:       8200184 kB
SwapFree:        8200184 kB
Dirty:               312 kB
Writeback:             0 kB
AnonPages:       1761992 kB
Mapped:           276904 kB
Shmem:            481464 kB
Slab:             136724 kB
SReclaimable:     100308 kB
SUnreclaim:        36416 kB
KernelStack:        9680 kB
PageTables:        33068 kB
NFS_Unstable:          0 kB
Bounce:                0 kB
WritebackTmp:          0 kB
CommitLimit:    10178280 kB
Committed_AS:    4853124 kB
VmallocTotal:   34359738367 kB
VmallocUsed:      353512 kB
VmallocChunk:   34359374424 kB
HardwareCorrupted:     0 kB
AnonHugePages:    686080 kB
CmaTotal:              0 kB
CmaFree:               0 kB
HugePages_Total:       0
HugePages_Free:        0
HugePages_Rsvd:        0
HugePages_Surp:        0
Hugepagesize:       2048 kB
DirectMap4k:      190060 kB
DirectMap2M:     3913728 kB


CPU:total 4 (2 cores per cpu, 2 threads per core) family 6 model 42 stepping 7, cmov, cx8, fxsr, mmx, sse, sse2, sse3, ssse3, sse4.1, sse4.2, popcnt, avx, clmul, ht, tsc, tscinvbit

/proc/cpuinfo:
processor	: 0
vendor_id	: GenuineIntel
cpu family	: 6
model		: 42
model name	: Intel(R) Core(TM) i3-2120 CPU @ 3.30GHz
stepping	: 7
microcode	: 0x1a
cpu MHz		: 1692.152
cache size	: 3072 KB
physical id	: 0
siblings	: 4
core id		: 0
cpu cores	: 2
apicid		: 0
initial apicid	: 0
fpu		: yes
fpu_exception	: yes
cpuid level	: 13
wp		: yes
flags		: fpu vme de pse tsc msr pae mce cx8 apic sep mtrr pge mca cmov pat pse36 clflush dts acpi mmx fxsr sse sse2 ss ht tm pbe syscall nx rdtscp lm constant_tsc arch_perfmon pebs bts rep_good nopl xtopology nonstop_tsc aperfmperf eagerfpu pni pclmulqdq dtes64 monitor ds_cpl vmx est tm2 ssse3 cx16 xtpr pdcm pcid sse4_1 sse4_2 popcnt tsc_deadline_timer xsave avx lahf_lm arat epb pln pts dtherm tpr_shadow vnmi flexpriority ept vpid xsaveopt
bugs		:
bogomips	: 6583.67
clflush size	: 64
cache_alignment	: 64
address sizes	: 36 bits physical, 48 bits virtual
power management:

processor	: 1
vendor_id	: GenuineIntel
cpu family	: 6
model		: 42
model name	: Intel(R) Core(TM) i3-2120 CPU @ 3.30GHz
stepping	: 7
microcode	: 0x1a
cpu MHz		: 1657.476
cache size	: 3072 KB
physical id	: 0
siblings	: 4
core id		: 1
cpu cores	: 2
apicid		: 2
initial apicid	: 2
fpu		: yes
fpu_exception	: yes
cpuid level	: 13
wp		: yes
flags		: fpu vme de pse tsc msr pae mce cx8 apic sep mtrr pge mca cmov pat pse36 clflush dts acpi mmx fxsr sse sse2 ss ht tm pbe syscall nx rdtscp lm constant_tsc arch_perfmon pebs bts rep_good nopl xtopology nonstop_tsc aperfmperf eagerfpu pni pclmulqdq dtes64 monitor ds_cpl vmx est tm2 ssse3 cx16 xtpr pdcm pcid sse4_1 sse4_2 popcnt tsc_deadline_timer xsave avx lahf_lm arat epb pln pts dtherm tpr_shadow vnmi flexpriority ept vpid xsaveopt
bugs		:
bogomips	: 6583.67
clflush size	: 64
cache_alignment	: 64
address sizes	: 36 bits physical, 48 bits virtual
power management:

processor	: 2
vendor_id	: GenuineIntel
cpu family	: 6
model		: 42
model name	: Intel(R) Core(TM) i3-2120 CPU @ 3.30GHz
stepping	: 7
microcode	: 0x1a
cpu MHz		: 1609.781
cache size	: 3072 KB
physical id	: 0
siblings	: 4
core id		: 0
cpu cores	: 2
apicid		: 1
initial apicid	: 1
fpu		: yes
fpu_exception	: yes
cpuid level	: 13
wp		: yes
flags		: fpu vme de pse tsc msr pae mce cx8 apic sep mtrr pge mca cmov pat pse36 clflush dts acpi mmx fxsr sse sse2 ss ht tm pbe syscall nx rdtscp lm constant_tsc arch_perfmon pebs bts rep_good nopl xtopology nonstop_tsc aperfmperf eagerfpu pni pclmulqdq dtes64 monitor ds_cpl vmx est tm2 ssse3 cx16 xtpr pdcm pcid sse4_1 sse4_2 popcnt tsc_deadline_timer xsave avx lahf_lm arat epb pln pts dtherm tpr_shadow vnmi flexpriority ept vpid xsaveopt
bugs		:
bogomips	: 6583.67
clflush size	: 64
cache_alignment	: 64
address sizes	: 36 bits physical, 48 bits virtual
power management:

processor	: 3
vendor_id	: GenuineIntel
cpu family	: 6
model		: 42
model name	: Intel(R) Core(TM) i3-2120 CPU @ 3.30GHz
stepping	: 7
microcode	: 0x1a
cpu MHz		: 1670.882
cache size	: 3072 KB
physical id	: 0
siblings	: 4
core id		: 1
cpu cores	: 2
apicid		: 3
initial apicid	: 3
fpu		: yes
fpu_exception	: yes
cpuid level	: 13
wp		: yes
flags		: fpu vme de pse tsc msr pae mce cx8 apic sep mtrr pge mca cmov pat pse36 clflush dts acpi mmx fxsr sse sse2 ss ht tm pbe syscall nx rdtscp lm constant_tsc arch_perfmon pebs bts rep_good nopl xtopology nonstop_tsc aperfmperf eagerfpu pni pclmulqdq dtes64 monitor ds_cpl vmx est tm2 ssse3 cx16 xtpr pdcm pcid sse4_1 sse4_2 popcnt tsc_deadline_timer xsave avx lahf_lm arat epb pln pts dtherm tpr_shadow vnmi flexpriority ept vpid xsaveopt
bugs		:
bogomips	: 6583.67
clflush size	: 64
cache_alignment	: 64
address sizes	: 36 bits physical, 48 bits virtual
power management:



Memory: 4k page, physical 3956196k(350760k free), swap 8200184k(8200184k free)

vm_info: Java HotSpot(TM) 64-Bit Server VM (25.72-b15) for linux-amd64 JRE (1.8.0_72-b15), built on Dec 22 2015 22:00:07 by "java_re" with gcc 4.3.0 20080428 (Red Hat 4.3.0-8)

time: Thu May  5 17:47:22 2016
elapsed time: 14 seconds (0d 0h 0m 14s)

